#
# There is insufficient memory for the Java Runtime Environment to continue.
# Native memory allocation (malloc) failed to allocate 1805776 bytes for Chunk::new
# Possible reasons:
#   The system is out of physical RAM or swap space
#   The process is running with CompressedOops enabled, and the Java Heap may be blocking the growth of the native heap
# Possible solutions:
#   Reduce memory load on the system
#   Increase physical memory or swap space
#   Check if swap backing store is full
#   Decrease Java heap size (-Xmx/-Xms)
#   Decrease number of Java threads
#   Decrease Java thread stack sizes (-Xss)
#   Set larger code cache with -XX:ReservedCodeCacheSize=
#   JVM is running with Unscaled Compressed Oops mode in which the Java heap is
#     placed in the first 4GB address space. The Java Heap base address is the
#     maximum limit for the native heap growth. Please use -XX:HeapBaseMinAddress
#     to set the Java Heap base and to place the Java Heap above 4GB virtual address.
# This output file may be truncated or incomplete.
#
#  Out of Memory Error (src/hotspot/share/memory/arena.cpp:197), pid=1808, tid=13512
#
# JRE version: OpenJDK Runtime Environment (11.0.15) (build 11.0.15+0-b2043.56-9505619)
# Java VM: OpenJDK 64-Bit Server VM (11.0.15+0-b2043.56-9505619, mixed mode, tiered, compressed oops, g1 gc, windows-amd64)
# No core dump will be written. Minidumps are not enabled by default on client versions of Windows
#

---------------  S U M M A R Y ------------

Command Line: --add-opens=java.base/java.util=ALL-UNNAMED --add-opens=java.base/java.lang=ALL-UNNAMED --add-opens=java.base/java.lang.invoke=ALL-UNNAMED --add-opens=java.base/java.util=ALL-UNNAMED --add-opens=java.prefs/java.util.prefs=ALL-UNNAMED --add-opens=java.prefs/java.util.prefs=ALL-UNNAMED --add-opens=java.base/java.nio.charset=ALL-UNNAMED --add-opens=java.base/java.net=ALL-UNNAMED --add-opens=java.base/java.util.concurrent.atomic=ALL-UNNAMED -Xmx2048m -Dfile.encoding=UTF-8 -Duser.country=US -Duser.language=en -Duser.variant org.gradle.launcher.daemon.bootstrap.GradleDaemon 7.5

Host: AMD Ryzen 7 5800H with Radeon Graphics         , 16 cores, 15G,  Windows 11 , 64 bit Build 22621 (10.0.22621.1344)
Time: Fri Apr 21 11:21:14 2023 Romance Daylight Time elapsed time: 8.432620 seconds (0d 0h 0m 8s)

---------------  T H R E A D  ---------------

Current thread (0x00000291a3186000):  JavaThread "C2 CompilerThread0" daemon [_thread_in_native, id=13512, stack(0x000000ced8b00000,0x000000ced8c00000)]


Current CompileTask:
C2:   8432 4314       4       groovy.lang.MetaClassImpl$1MOPIter::methodNameAction (325 bytes)

Stack: [0x000000ced8b00000,0x000000ced8c00000]
Native frames: (J=compiled Java code, j=interpreted, Vv=VM code, C=native code)
V  [jvm.dll+0x64135a]
V  [jvm.dll+0x7d39f9]
V  [jvm.dll+0x7d51b9]
V  [jvm.dll+0x7d58a3]
V  [jvm.dll+0x2691c5]
V  [jvm.dll+0xc1a5c]
V  [jvm.dll+0xc200c]
V  [jvm.dll+0x3774a7]
V  [jvm.dll+0x342495]
V  [jvm.dll+0x34186a]
V  [jvm.dll+0x2214bd]
V  [jvm.dll+0x220498]
V  [jvm.dll+0x19e851]
V  [jvm.dll+0x230479]
V  [jvm.dll+0x22e5ef]
V  [jvm.dll+0x794de1]
V  [jvm.dll+0x78dc24]
V  [jvm.dll+0x6400f6]
C  [ucrtbase.dll+0x29363]
C  [KERNEL32.DLL+0x126bd]
C  [ntdll.dll+0x5a9f8]


---------------  P R O C E S S  ---------------

Threads class SMR info:
_java_thread_list=0x00000291a7addd10, length=38, elements={
0x0000029187870000, 0x00000291a3123800, 0x00000291a312f000, 0x00000291a317d800,
0x00000291a317e800, 0x00000291a3182000, 0x00000291a3186000, 0x00000291a318e000,
0x00000291a3198000, 0x00000291a3301000, 0x00000291a57e2000, 0x00000291a32b0000,
0x00000291a4c6d800, 0x00000291a4987000, 0x00000291a4947000, 0x00000291a482c000,
0x00000291a4b84800, 0x00000291a5798800, 0x00000291a4b79800, 0x00000291a4b74800,
0x00000291a5d2d000, 0x00000291a4b41000, 0x00000291a4b40000, 0x00000291a4b41800,
0x00000291a4b42800, 0x00000291a4b43800, 0x00000291a4b44000, 0x00000291a4b3e800,
0x00000291a4b45000, 0x00000291a4b3f800, 0x00000291a450a800, 0x00000291a4509800,
0x00000291a450b800, 0x00000291a450e800, 0x00000291a4512000, 0x00000291a450e000,
0x00000291a450f800, 0x00000291a450c000
}

Java Threads: ( => current thread )
  0x0000029187870000 JavaThread "main" [_thread_blocked, id=28528, stack(0x000000ced7f00000,0x000000ced8000000)]
  0x00000291a3123800 JavaThread "Reference Handler" daemon [_thread_blocked, id=23328, stack(0x000000ced8600000,0x000000ced8700000)]
  0x00000291a312f000 JavaThread "Finalizer" daemon [_thread_blocked, id=5180, stack(0x000000ced8700000,0x000000ced8800000)]
  0x00000291a317d800 JavaThread "Signal Dispatcher" daemon [_thread_blocked, id=9868, stack(0x000000ced8800000,0x000000ced8900000)]
  0x00000291a317e800 JavaThread "Attach Listener" daemon [_thread_blocked, id=29656, stack(0x000000ced8900000,0x000000ced8a00000)]
  0x00000291a3182000 JavaThread "Service Thread" daemon [_thread_blocked, id=948, stack(0x000000ced8a00000,0x000000ced8b00000)]
=>0x00000291a3186000 JavaThread "C2 CompilerThread0" daemon [_thread_in_native, id=13512, stack(0x000000ced8b00000,0x000000ced8c00000)]
  0x00000291a318e000 JavaThread "C1 CompilerThread0" daemon [_thread_blocked, id=17904, stack(0x000000ced8c00000,0x000000ced8d00000)]
  0x00000291a3198000 JavaThread "Sweeper thread" daemon [_thread_blocked, id=28764, stack(0x000000ced8d00000,0x000000ced8e00000)]
  0x00000291a3301000 JavaThread "Common-Cleaner" daemon [_thread_blocked, id=26772, stack(0x000000ced8f00000,0x000000ced9000000)]
  0x00000291a57e2000 JavaThread "Daemon health stats" [_thread_blocked, id=12428, stack(0x000000ced9500000,0x000000ced9600000)]
  0x00000291a32b0000 JavaThread "C1 CompilerThread1" daemon [_thread_blocked, id=15368, stack(0x000000ced8e00000,0x000000ced8f00000)]
  0x00000291a4c6d800 JavaThread "Incoming local TCP Connector on port 50165" [_thread_in_native, id=29300, stack(0x000000ced9600000,0x000000ced9700000)]
  0x00000291a4987000 JavaThread "Daemon periodic checks" [_thread_blocked, id=6860, stack(0x000000ced9700000,0x000000ced9800000)]
  0x00000291a4947000 JavaThread "Daemon" [_thread_blocked, id=15564, stack(0x000000ced9800000,0x000000ced9900000)]
  0x00000291a482c000 JavaThread "Handler for socket connection from /127.0.0.1:50165 to /127.0.0.1:50166" [_thread_in_native, id=6368, stack(0x000000ced9900000,0x000000ced9a00000)]
  0x00000291a4b84800 JavaThread "Cancel handler" [_thread_blocked, id=17824, stack(0x000000ced9a00000,0x000000ced9b00000)]
  0x00000291a5798800 JavaThread "Daemon worker" [_thread_in_vm, id=12212, stack(0x000000ced9b00000,0x000000ced9c00000)]
  0x00000291a4b79800 JavaThread "Asynchronous log dispatcher for DefaultDaemonConnection: socket connection from /127.0.0.1:50165 to /127.0.0.1:50166" [_thread_blocked, id=10716, stack(0x000000ced9c00000,0x000000ced9d00000)]
  0x00000291a4b74800 JavaThread "Stdin handler" [_thread_blocked, id=19500, stack(0x000000ced9d00000,0x000000ced9e00000)]
  0x00000291a5d2d000 JavaThread "Daemon client event forwarder" [_thread_blocked, id=24072, stack(0x000000ced9e00000,0x000000ced9f00000)]
  0x00000291a4b41000 JavaThread "Cache worker for journal cache (C:\Users\raque\.gradle\caches\journal-1)" [_thread_blocked, id=22960, stack(0x000000ced9f00000,0x000000ceda000000)]
  0x00000291a4b40000 JavaThread "File lock request listener" [_thread_in_native, id=11692, stack(0x000000ceda000000,0x000000ceda100000)]
  0x00000291a4b41800 JavaThread "Cache worker for file hash cache (C:\Users\raque\.gradle\caches\7.5\fileHashes)" [_thread_blocked, id=2268, stack(0x000000cedab00000,0x000000cedac00000)]
  0x00000291a4b42800 JavaThread "File watcher server" daemon [_thread_in_native, id=18080, stack(0x000000cedac00000,0x000000cedad00000)]
  0x00000291a4b43800 JavaThread "File watcher consumer" daemon [_thread_blocked, id=29740, stack(0x000000cedad00000,0x000000cedae00000)]
  0x00000291a4b44000 JavaThread "Cache worker for checksums cache (C:\Users\raque\Desktop\Laboratorios_android\AlephDef\AlephTea_Activities\.gradle\7.5\checksums)" [_thread_blocked, id=17088, stack(0x000000cedae00000,0x000000cedaf00000)]
  0x00000291a4b3e800 JavaThread "Cache worker for cache directory md-rule (C:\Users\raque\.gradle\caches\7.5\md-rule)" [_thread_blocked, id=7476, stack(0x000000cedaf00000,0x000000cedb000000)]
  0x00000291a4b45000 JavaThread "Cache worker for file content cache (C:\Users\raque\.gradle\caches\7.5\fileContent)" [_thread_blocked, id=740, stack(0x000000cedb000000,0x000000cedb100000)]
  0x00000291a4b3f800 JavaThread "Cache worker for file hash cache (C:\Users\raque\Desktop\Laboratorios_android\AlephDef\AlephTea_Activities\.gradle\7.5\fileHashes)" [_thread_blocked, id=15188, stack(0x000000cedb100000,0x000000cedb200000)]
  0x00000291a450a800 JavaThread "Cache worker for cache directory md-supplier (C:\Users\raque\.gradle\caches\7.5\md-supplier)" [_thread_blocked, id=16216, stack(0x000000cedb200000,0x000000cedb300000)]
  0x00000291a4509800 JavaThread "Cache worker for execution history cache (C:\Users\raque\.gradle\caches\7.5\executionHistory)" [_thread_blocked, id=14392, stack(0x000000cedb300000,0x000000cedb400000)]
  0x00000291a450b800 JavaThread "jar transforms" [_thread_blocked, id=24144, stack(0x000000cedb400000,0x000000cedb500000)]
  0x00000291a450e800 JavaThread "jar transforms Thread 2" [_thread_blocked, id=3332, stack(0x000000cedb500000,0x000000cedb600000)]
  0x00000291a4512000 JavaThread "jar transforms Thread 3" [_thread_blocked, id=10384, stack(0x000000cedb600000,0x000000cedb700000)]
  0x00000291a450e000 JavaThread "jar transforms Thread 4" [_thread_blocked, id=10472, stack(0x000000cedb700000,0x000000cedb800000)]
  0x00000291a450f800 JavaThread "Cache worker for dependencies-accessors (C:\Users\raque\Desktop\Laboratorios_android\AlephDef\AlephTea_Activities\.gradle\7.5\dependencies-accessors)" [_thread_blocked, id=4728, stack(0x000000cedb800000,0x000000cedb900000)]
  0x00000291a450c000 JavaThread "jar transforms Thread 5" [_thread_blocked, id=28640, stack(0x000000cedb900000,0x000000cedba00000)]

Other Threads:
  0x00000291a311b000 VMThread "VM Thread" [stack: 0x000000ced8500000,0x000000ced8600000] [id=25276]
  0x00000291a3345800 WatcherThread [stack: 0x000000ced9000000,0x000000ced9100000] [id=22696]
  0x0000029187889800 GCTaskThread "GC Thread#0" [stack: 0x000000ced8000000,0x000000ced8100000] [id=22576]
  0x00000291a419e800 GCTaskThread "GC Thread#1" [stack: 0x000000ced9100000,0x000000ced9200000] [id=18604]
  0x00000291a404d000 GCTaskThread "GC Thread#2" [stack: 0x000000ced9200000,0x000000ced9300000] [id=11340]
  0x00000291a3c9c000 GCTaskThread "GC Thread#3" [stack: 0x000000ced9300000,0x000000ced9400000] [id=29516]
  0x00000291a38dc000 GCTaskThread "GC Thread#4" [stack: 0x000000ced9400000,0x000000ced9500000] [id=23196]
  0x00000291a5bc4800 GCTaskThread "GC Thread#5" [stack: 0x000000ceda100000,0x000000ceda200000] [id=29808]
  0x00000291a4c4a800 GCTaskThread "GC Thread#6" [stack: 0x000000ceda200000,0x000000ceda300000] [id=12836]
  0x00000291a4c43800 GCTaskThread "GC Thread#7" [stack: 0x000000ceda300000,0x000000ceda400000] [id=16876]
  0x00000291a44a9800 GCTaskThread "GC Thread#8" [stack: 0x000000ceda400000,0x000000ceda500000] [id=19208]
  0x00000291a4c1e000 GCTaskThread "GC Thread#9" [stack: 0x000000ceda500000,0x000000ceda600000] [id=11832]
  0x00000291a575f000 GCTaskThread "GC Thread#10" [stack: 0x000000ceda600000,0x000000ceda700000] [id=3248]
  0x00000291a5760000 GCTaskThread "GC Thread#11" [stack: 0x000000ceda700000,0x000000ceda800000] [id=23648]
  0x00000291a5e37000 GCTaskThread "GC Thread#12" [stack: 0x000000ceda800000,0x000000ceda900000] [id=22376]
  0x00000291878bf800 ConcurrentGCThread "G1 Main Marker" [stack: 0x000000ced8100000,0x000000ced8200000] [id=21480]
  0x00000291878c0800 ConcurrentGCThread "G1 Conc#0" [stack: 0x000000ced8200000,0x000000ced8300000] [id=17040]
  0x00000291a400a000 ConcurrentGCThread "G1 Conc#1" [stack: 0x000000ceda900000,0x000000cedaa00000] [id=10980]
  0x00000291a5e81800 ConcurrentGCThread "G1 Conc#2" [stack: 0x000000cedaa00000,0x000000cedab00000] [id=16804]
  0x00000291a2764800 ConcurrentGCThread "G1 Refine#0" [stack: 0x000000ced8300000,0x000000ced8400000] [id=29088]
  0x000002918793d800 ConcurrentGCThread "G1 Young RemSet Sampling" [stack: 0x000000ced8400000,0x000000ced8500000] [id=15180]

Threads with active compile tasks:
C2 CompilerThread0     8459 4314       4       groovy.lang.MetaClassImpl$1MOPIter::methodNameAction (325 bytes)

VM state:not at safepoint (normal execution)

VM Mutex/Monitor currently owned by a thread: None

Heap address: 0x0000000080000000, size: 2048 MB, Compressed Oops mode: 32-bit
Narrow klass base: 0x0000000000000000, Narrow klass shift: 3
Compressed class space size: 1073741824 Address: 0x0000000100000000

Heap:
 garbage-first heap   total 251904K, used 45714K [0x0000000080000000, 0x0000000100000000)
  region size 1024K, 30 young (30720K), 14 survivors (14336K)
 Metaspace       used 46334K, capacity 47495K, committed 47792K, reserved 1091584K
  class space    used 5871K, capacity 6337K, committed 6400K, reserved 1048576K
Heap Regions: E=young(eden), S=young(survivor), O=old, HS=humongous(starts), HC=humongous(continues), CS=collection set, F=free, A=archive, TAMS=top-at-mark-start (previous, next)
|   0|0x0000000080000000, 0x0000000080100000, 0x0000000080100000|100%| O|  |TAMS 0x0000000080100000, 0x0000000080000000| Untracked 
|   1|0x0000000080100000, 0x0000000080200000, 0x0000000080200000|100%| O|  |TAMS 0x0000000080200000, 0x0000000080100000| Untracked 
|   2|0x0000000080200000, 0x0000000080300000, 0x0000000080300000|100%| O|  |TAMS 0x0000000080300000, 0x0000000080200000| Untracked 
|   3|0x0000000080300000, 0x0000000080400000, 0x0000000080400000|100%|HS|  |TAMS 0x0000000080400000, 0x0000000080300000| Complete 
|   4|0x0000000080400000, 0x0000000080500000, 0x0000000080500000|100%|HC|  |TAMS 0x0000000080500000, 0x0000000080400000| Complete 
|   5|0x0000000080500000, 0x0000000080600000, 0x0000000080600000|100%|HC|  |TAMS 0x0000000080600000, 0x0000000080500000| Complete 
|   6|0x0000000080600000, 0x0000000080700000, 0x0000000080700000|100%| O|  |TAMS 0x0000000080700000, 0x0000000080600000| Untracked 
|   7|0x0000000080700000, 0x0000000080800000, 0x0000000080800000|100%| O|  |TAMS 0x0000000080800000, 0x0000000080700000| Untracked 
|   8|0x0000000080800000, 0x0000000080900000, 0x0000000080900000|100%| O|  |TAMS 0x0000000080900000, 0x0000000080800000| Untracked 
|   9|0x0000000080900000, 0x0000000080a00000, 0x0000000080a00000|100%| O|  |TAMS 0x0000000080a00000, 0x0000000080900000| Untracked 
|  10|0x0000000080a00000, 0x0000000080b00000, 0x0000000080b00000|100%| O|  |TAMS 0x0000000080b00000, 0x0000000080a00000| Untracked 
|  11|0x0000000080b00000, 0x0000000080c00000, 0x0000000080c00000|100%| O|  |TAMS 0x0000000080c00000, 0x0000000080b00000| Untracked 
|  12|0x0000000080c00000, 0x0000000080d00000, 0x0000000080d00000|100%| O|  |TAMS 0x0000000080d00000, 0x0000000080c00000| Untracked 
|  13|0x0000000080d00000, 0x0000000080e00000, 0x0000000080e00000|100%| O|  |TAMS 0x0000000080e00000, 0x0000000080d00000| Untracked 
|  14|0x0000000080e00000, 0x0000000080f00000, 0x0000000080f00000|100%| O|  |TAMS 0x0000000080f00000, 0x0000000080e00000| Untracked 
|  15|0x0000000080f00000, 0x0000000081000000, 0x0000000081000000|100%| O|  |TAMS 0x0000000081000000, 0x0000000080f00000| Untracked 
|  16|0x0000000081000000, 0x000000008101e200, 0x0000000081100000| 11%| O|  |TAMS 0x000000008101e200, 0x0000000081000000| Untracked 
|  17|0x0000000081100000, 0x0000000081100000, 0x0000000081200000|  0%| F|  |TAMS 0x0000000081100000, 0x0000000081100000| Untracked 
|  18|0x0000000081200000, 0x0000000081200000, 0x0000000081300000|  0%| F|  |TAMS 0x0000000081200000, 0x0000000081200000| Untracked 
|  19|0x0000000081300000, 0x0000000081300000, 0x0000000081400000|  0%| F|  |TAMS 0x0000000081300000, 0x0000000081300000| Untracked 
|  20|0x0000000081400000, 0x0000000081400000, 0x0000000081500000|  0%| F|  |TAMS 0x0000000081400000, 0x0000000081400000| Untracked 
|  21|0x0000000081500000, 0x0000000081500000, 0x0000000081600000|  0%| F|  |TAMS 0x0000000081500000, 0x0000000081500000| Untracked 
|  22|0x0000000081600000, 0x0000000081600000, 0x0000000081700000|  0%| F|  |TAMS 0x0000000081600000, 0x0000000081600000| Untracked 
|  23|0x0000000081700000, 0x0000000081700000, 0x0000000081800000|  0%| F|  |TAMS 0x0000000081700000, 0x0000000081700000| Untracked 
|  24|0x0000000081800000, 0x0000000081800000, 0x0000000081900000|  0%| F|  |TAMS 0x0000000081800000, 0x0000000081800000| Untracked 
|  25|0x0000000081900000, 0x0000000081900000, 0x0000000081a00000|  0%| F|  |TAMS 0x0000000081900000, 0x0000000081900000| Untracked 
|  26|0x0000000081a00000, 0x0000000081a00000, 0x0000000081b00000|  0%| F|  |TAMS 0x0000000081a00000, 0x0000000081a00000| Untracked 
|  27|0x0000000081b00000, 0x0000000081b00000, 0x0000000081c00000|  0%| F|  |TAMS 0x0000000081b00000, 0x0000000081b00000| Untracked 
|  28|0x0000000081c00000, 0x0000000081c00000, 0x0000000081d00000|  0%| F|  |TAMS 0x0000000081c00000, 0x0000000081c00000| Untracked 
|  29|0x0000000081d00000, 0x0000000081d00000, 0x0000000081e00000|  0%| F|  |TAMS 0x0000000081d00000, 0x0000000081d00000| Untracked 
|  30|0x0000000081e00000, 0x0000000081e00000, 0x0000000081f00000|  0%| F|  |TAMS 0x0000000081e00000, 0x0000000081e00000| Untracked 
|  31|0x0000000081f00000, 0x0000000081f00000, 0x0000000082000000|  0%| F|  |TAMS 0x0000000081f00000, 0x0000000081f00000| Untracked 
|  32|0x0000000082000000, 0x0000000082000000, 0x0000000082100000|  0%| F|  |TAMS 0x0000000082000000, 0x0000000082000000| Untracked 
|  33|0x0000000082100000, 0x0000000082100000, 0x0000000082200000|  0%| F|  |TAMS 0x0000000082100000, 0x0000000082100000| Untracked 
|  34|0x0000000082200000, 0x0000000082200000, 0x0000000082300000|  0%| F|  |TAMS 0x0000000082200000, 0x0000000082200000| Untracked 
|  35|0x0000000082300000, 0x0000000082300000, 0x0000000082400000|  0%| F|  |TAMS 0x0000000082300000, 0x0000000082300000| Untracked 
|  36|0x0000000082400000, 0x0000000082400000, 0x0000000082500000|  0%| F|  |TAMS 0x0000000082400000, 0x0000000082400000| Untracked 
|  37|0x0000000082500000, 0x0000000082500000, 0x0000000082600000|  0%| F|  |TAMS 0x0000000082500000, 0x0000000082500000| Untracked 
|  38|0x0000000082600000, 0x0000000082600000, 0x0000000082700000|  0%| F|  |TAMS 0x0000000082600000, 0x0000000082600000| Untracked 
|  39|0x0000000082700000, 0x0000000082700000, 0x0000000082800000|  0%| F|  |TAMS 0x0000000082700000, 0x0000000082700000| Untracked 
|  40|0x0000000082800000, 0x0000000082800000, 0x0000000082900000|  0%| F|  |TAMS 0x0000000082800000, 0x0000000082800000| Untracked 
|  41|0x0000000082900000, 0x0000000082900000, 0x0000000082a00000|  0%| F|  |TAMS 0x0000000082900000, 0x0000000082900000| Untracked 
|  42|0x0000000082a00000, 0x0000000082a00000, 0x0000000082b00000|  0%| F|  |TAMS 0x0000000082a00000, 0x0000000082a00000| Untracked 
|  43|0x0000000082b00000, 0x0000000082b00000, 0x0000000082c00000|  0%| F|  |TAMS 0x0000000082b00000, 0x0000000082b00000| Untracked 
|  44|0x0000000082c00000, 0x0000000082c00000, 0x0000000082d00000|  0%| F|  |TAMS 0x0000000082c00000, 0x0000000082c00000| Untracked 
|  45|0x0000000082d00000, 0x0000000082d00000, 0x0000000082e00000|  0%| F|  |TAMS 0x0000000082d00000, 0x0000000082d00000| Untracked 
|  46|0x0000000082e00000, 0x0000000082e00000, 0x0000000082f00000|  0%| F|  |TAMS 0x0000000082e00000, 0x0000000082e00000| Untracked 
|  47|0x0000000082f00000, 0x0000000082f00000, 0x0000000083000000|  0%| F|  |TAMS 0x0000000082f00000, 0x0000000082f00000| Untracked 
|  48|0x0000000083000000, 0x0000000083000000, 0x0000000083100000|  0%| F|  |TAMS 0x0000000083000000, 0x0000000083000000| Untracked 
|  49|0x0000000083100000, 0x0000000083100000, 0x0000000083200000|  0%| F|  |TAMS 0x0000000083100000, 0x0000000083100000| Untracked 
|  50|0x0000000083200000, 0x0000000083200000, 0x0000000083300000|  0%| F|  |TAMS 0x0000000083200000, 0x0000000083200000| Untracked 
|  51|0x0000000083300000, 0x0000000083300000, 0x0000000083400000|  0%| F|  |TAMS 0x0000000083300000, 0x0000000083300000| Untracked 
|  52|0x0000000083400000, 0x0000000083400000, 0x0000000083500000|  0%| F|  |TAMS 0x0000000083400000, 0x0000000083400000| Untracked 
|  53|0x0000000083500000, 0x0000000083500000, 0x0000000083600000|  0%| F|  |TAMS 0x0000000083500000, 0x0000000083500000| Untracked 
|  54|0x0000000083600000, 0x0000000083600000, 0x0000000083700000|  0%| F|  |TAMS 0x0000000083600000, 0x0000000083600000| Untracked 
|  55|0x0000000083700000, 0x0000000083700000, 0x0000000083800000|  0%| F|  |TAMS 0x0000000083700000, 0x0000000083700000| Untracked 
|  56|0x0000000083800000, 0x0000000083800000, 0x0000000083900000|  0%| F|  |TAMS 0x0000000083800000, 0x0000000083800000| Untracked 
|  57|0x0000000083900000, 0x0000000083900000, 0x0000000083a00000|  0%| F|  |TAMS 0x0000000083900000, 0x0000000083900000| Untracked 
|  58|0x0000000083a00000, 0x0000000083a00000, 0x0000000083b00000|  0%| F|  |TAMS 0x0000000083a00000, 0x0000000083a00000| Untracked 
|  59|0x0000000083b00000, 0x0000000083b00000, 0x0000000083c00000|  0%| F|  |TAMS 0x0000000083b00000, 0x0000000083b00000| Untracked 
|  60|0x0000000083c00000, 0x0000000083c00000, 0x0000000083d00000|  0%| F|  |TAMS 0x0000000083c00000, 0x0000000083c00000| Untracked 
|  61|0x0000000083d00000, 0x0000000083d00000, 0x0000000083e00000|  0%| F|  |TAMS 0x0000000083d00000, 0x0000000083d00000| Untracked 
|  62|0x0000000083e00000, 0x0000000083e00000, 0x0000000083f00000|  0%| F|  |TAMS 0x0000000083e00000, 0x0000000083e00000| Untracked 
|  63|0x0000000083f00000, 0x0000000083f00000, 0x0000000084000000|  0%| F|  |TAMS 0x0000000083f00000, 0x0000000083f00000| Untracked 
|  64|0x0000000084000000, 0x0000000084000000, 0x0000000084100000|  0%| F|  |TAMS 0x0000000084000000, 0x0000000084000000| Untracked 
|  65|0x0000000084100000, 0x0000000084100000, 0x0000000084200000|  0%| F|  |TAMS 0x0000000084100000, 0x0000000084100000| Untracked 
|  66|0x0000000084200000, 0x0000000084200000, 0x0000000084300000|  0%| F|  |TAMS 0x0000000084200000, 0x0000000084200000| Untracked 
|  67|0x0000000084300000, 0x0000000084300000, 0x0000000084400000|  0%| F|  |TAMS 0x0000000084300000, 0x0000000084300000| Untracked 
|  68|0x0000000084400000, 0x0000000084400000, 0x0000000084500000|  0%| F|  |TAMS 0x0000000084400000, 0x0000000084400000| Untracked 
|  69|0x0000000084500000, 0x0000000084500000, 0x0000000084600000|  0%| F|  |TAMS 0x0000000084500000, 0x0000000084500000| Untracked 
|  70|0x0000000084600000, 0x0000000084600000, 0x0000000084700000|  0%| F|  |TAMS 0x0000000084600000, 0x0000000084600000| Untracked 
|  71|0x0000000084700000, 0x0000000084700000, 0x0000000084800000|  0%| F|  |TAMS 0x0000000084700000, 0x0000000084700000| Untracked 
|  72|0x0000000084800000, 0x0000000084800000, 0x0000000084900000|  0%| F|  |TAMS 0x0000000084800000, 0x0000000084800000| Untracked 
|  73|0x0000000084900000, 0x0000000084900000, 0x0000000084a00000|  0%| F|  |TAMS 0x0000000084900000, 0x0000000084900000| Untracked 
|  74|0x0000000084a00000, 0x0000000084a00000, 0x0000000084b00000|  0%| F|  |TAMS 0x0000000084a00000, 0x0000000084a00000| Untracked 
|  75|0x0000000084b00000, 0x0000000084b00000, 0x0000000084c00000|  0%| F|  |TAMS 0x0000000084b00000, 0x0000000084b00000| Untracked 
|  76|0x0000000084c00000, 0x0000000084c00000, 0x0000000084d00000|  0%| F|  |TAMS 0x0000000084c00000, 0x0000000084c00000| Untracked 
|  77|0x0000000084d00000, 0x0000000084d00000, 0x0000000084e00000|  0%| F|  |TAMS 0x0000000084d00000, 0x0000000084d00000| Untracked 
|  78|0x0000000084e00000, 0x0000000084e00000, 0x0000000084f00000|  0%| F|  |TAMS 0x0000000084e00000, 0x0000000084e00000| Untracked 
|  79|0x0000000084f00000, 0x0000000084f00000, 0x0000000085000000|  0%| F|  |TAMS 0x0000000084f00000, 0x0000000084f00000| Untracked 
|  80|0x0000000085000000, 0x0000000085000000, 0x0000000085100000|  0%| F|  |TAMS 0x0000000085000000, 0x0000000085000000| Untracked 
|  81|0x0000000085100000, 0x0000000085100000, 0x0000000085200000|  0%| F|  |TAMS 0x0000000085100000, 0x0000000085100000| Untracked 
|  82|0x0000000085200000, 0x0000000085200000, 0x0000000085300000|  0%| F|  |TAMS 0x0000000085200000, 0x0000000085200000| Untracked 
|  83|0x0000000085300000, 0x0000000085300000, 0x0000000085400000|  0%| F|  |TAMS 0x0000000085300000, 0x0000000085300000| Untracked 
|  84|0x0000000085400000, 0x0000000085400000, 0x0000000085500000|  0%| F|  |TAMS 0x0000000085400000, 0x0000000085400000| Untracked 
|  85|0x0000000085500000, 0x0000000085500000, 0x0000000085600000|  0%| F|  |TAMS 0x0000000085500000, 0x0000000085500000| Untracked 
|  86|0x0000000085600000, 0x0000000085600000, 0x0000000085700000|  0%| F|  |TAMS 0x0000000085600000, 0x0000000085600000| Untracked 
|  87|0x0000000085700000, 0x0000000085700000, 0x0000000085800000|  0%| F|  |TAMS 0x0000000085700000, 0x0000000085700000| Untracked 
|  88|0x0000000085800000, 0x0000000085800000, 0x0000000085900000|  0%| F|  |TAMS 0x0000000085800000, 0x0000000085800000| Untracked 
|  89|0x0000000085900000, 0x0000000085900000, 0x0000000085a00000|  0%| F|  |TAMS 0x0000000085900000, 0x0000000085900000| Untracked 
|  90|0x0000000085a00000, 0x0000000085a00000, 0x0000000085b00000|  0%| F|  |TAMS 0x0000000085a00000, 0x0000000085a00000| Untracked 
|  91|0x0000000085b00000, 0x0000000085b00000, 0x0000000085c00000|  0%| F|  |TAMS 0x0000000085b00000, 0x0000000085b00000| Untracked 
|  92|0x0000000085c00000, 0x0000000085c00000, 0x0000000085d00000|  0%| F|  |TAMS 0x0000000085c00000, 0x0000000085c00000| Untracked 
|  93|0x0000000085d00000, 0x0000000085d00000, 0x0000000085e00000|  0%| F|  |TAMS 0x0000000085d00000, 0x0000000085d00000| Untracked 
|  94|0x0000000085e00000, 0x0000000085e00000, 0x0000000085f00000|  0%| F|  |TAMS 0x0000000085e00000, 0x0000000085e00000| Untracked 
|  95|0x0000000085f00000, 0x0000000085f00000, 0x0000000086000000|  0%| F|  |TAMS 0x0000000085f00000, 0x0000000085f00000| Untracked 
|  96|0x0000000086000000, 0x0000000086000000, 0x0000000086100000|  0%| F|  |TAMS 0x0000000086000000, 0x0000000086000000| Untracked 
|  97|0x0000000086100000, 0x0000000086100000, 0x0000000086200000|  0%| F|  |TAMS 0x0000000086100000, 0x0000000086100000| Untracked 
|  98|0x0000000086200000, 0x0000000086200000, 0x0000000086300000|  0%| F|  |TAMS 0x0000000086200000, 0x0000000086200000| Untracked 
|  99|0x0000000086300000, 0x0000000086300000, 0x0000000086400000|  0%| F|  |TAMS 0x0000000086300000, 0x0000000086300000| Untracked 
| 100|0x0000000086400000, 0x0000000086400000, 0x0000000086500000|  0%| F|  |TAMS 0x0000000086400000, 0x0000000086400000| Untracked 
| 101|0x0000000086500000, 0x0000000086500000, 0x0000000086600000|  0%| F|  |TAMS 0x0000000086500000, 0x0000000086500000| Untracked 
| 102|0x0000000086600000, 0x0000000086600000, 0x0000000086700000|  0%| F|  |TAMS 0x0000000086600000, 0x0000000086600000| Untracked 
| 103|0x0000000086700000, 0x0000000086700000, 0x0000000086800000|  0%| F|  |TAMS 0x0000000086700000, 0x0000000086700000| Untracked 
| 104|0x0000000086800000, 0x0000000086800000, 0x0000000086900000|  0%| F|  |TAMS 0x0000000086800000, 0x0000000086800000| Untracked 
| 105|0x0000000086900000, 0x0000000086900000, 0x0000000086a00000|  0%| F|  |TAMS 0x0000000086900000, 0x0000000086900000| Untracked 
| 106|0x0000000086a00000, 0x0000000086a00000, 0x0000000086b00000|  0%| F|  |TAMS 0x0000000086a00000, 0x0000000086a00000| Untracked 
| 107|0x0000000086b00000, 0x0000000086b00000, 0x0000000086c00000|  0%| F|  |TAMS 0x0000000086b00000, 0x0000000086b00000| Untracked 
| 108|0x0000000086c00000, 0x0000000086c00000, 0x0000000086d00000|  0%| F|  |TAMS 0x0000000086c00000, 0x0000000086c00000| Untracked 
| 109|0x0000000086d00000, 0x0000000086d00000, 0x0000000086e00000|  0%| F|  |TAMS 0x0000000086d00000, 0x0000000086d00000| Untracked 
| 110|0x0000000086e00000, 0x0000000086e00000, 0x0000000086f00000|  0%| F|  |TAMS 0x0000000086e00000, 0x0000000086e00000| Untracked 
| 111|0x0000000086f00000, 0x0000000086f00000, 0x0000000087000000|  0%| F|  |TAMS 0x0000000086f00000, 0x0000000086f00000| Untracked 
| 112|0x0000000087000000, 0x0000000087000000, 0x0000000087100000|  0%| F|  |TAMS 0x0000000087000000, 0x0000000087000000| Untracked 
| 113|0x0000000087100000, 0x0000000087100000, 0x0000000087200000|  0%| F|  |TAMS 0x0000000087100000, 0x0000000087100000| Untracked 
| 114|0x0000000087200000, 0x0000000087200000, 0x0000000087300000|  0%| F|  |TAMS 0x0000000087200000, 0x0000000087200000| Untracked 
| 115|0x0000000087300000, 0x0000000087300000, 0x0000000087400000|  0%| F|  |TAMS 0x0000000087300000, 0x0000000087300000| Untracked 
| 116|0x0000000087400000, 0x0000000087400000, 0x0000000087500000|  0%| F|  |TAMS 0x0000000087400000, 0x0000000087400000| Untracked 
| 117|0x0000000087500000, 0x0000000087500000, 0x0000000087600000|  0%| F|  |TAMS 0x0000000087500000, 0x0000000087500000| Untracked 
| 118|0x0000000087600000, 0x0000000087686918, 0x0000000087700000| 52%| S|CS|TAMS 0x0000000087600000, 0x0000000087600000| Complete 
| 119|0x0000000087700000, 0x0000000087800000, 0x0000000087800000|100%| S|CS|TAMS 0x0000000087700000, 0x0000000087700000| Complete 
| 120|0x0000000087800000, 0x0000000087900000, 0x0000000087900000|100%| S|CS|TAMS 0x0000000087800000, 0x0000000087800000| Complete 
| 121|0x0000000087900000, 0x0000000087a00000, 0x0000000087a00000|100%| S|CS|TAMS 0x0000000087900000, 0x0000000087900000| Complete 
| 122|0x0000000087a00000, 0x0000000087b00000, 0x0000000087b00000|100%| S|CS|TAMS 0x0000000087a00000, 0x0000000087a00000| Complete 
| 123|0x0000000087b00000, 0x0000000087c00000, 0x0000000087c00000|100%| S|CS|TAMS 0x0000000087b00000, 0x0000000087b00000| Complete 
| 124|0x0000000087c00000, 0x0000000087d00000, 0x0000000087d00000|100%| S|CS|TAMS 0x0000000087c00000, 0x0000000087c00000| Complete 
| 125|0x0000000087d00000, 0x0000000087e00000, 0x0000000087e00000|100%| S|CS|TAMS 0x0000000087d00000, 0x0000000087d00000| Complete 
| 126|0x0000000087e00000, 0x0000000087f00000, 0x0000000087f00000|100%| S|CS|TAMS 0x0000000087e00000, 0x0000000087e00000| Complete 
| 127|0x0000000087f00000, 0x0000000088000000, 0x0000000088000000|100%| S|CS|TAMS 0x0000000087f00000, 0x0000000087f00000| Complete 
| 128|0x0000000088000000, 0x0000000088100000, 0x0000000088100000|100%| S|CS|TAMS 0x0000000088000000, 0x0000000088000000| Complete 
| 129|0x0000000088100000, 0x0000000088200000, 0x0000000088200000|100%| S|CS|TAMS 0x0000000088100000, 0x0000000088100000| Complete 
| 130|0x0000000088200000, 0x0000000088300000, 0x0000000088300000|100%| S|CS|TAMS 0x0000000088200000, 0x0000000088200000| Complete 
| 131|0x0000000088300000, 0x0000000088400000, 0x0000000088400000|100%| S|CS|TAMS 0x0000000088300000, 0x0000000088300000| Complete 
| 132|0x0000000088400000, 0x0000000088400000, 0x0000000088500000|  0%| F|  |TAMS 0x0000000088400000, 0x0000000088400000| Untracked 
| 133|0x0000000088500000, 0x0000000088500000, 0x0000000088600000|  0%| F|  |TAMS 0x0000000088500000, 0x0000000088500000| Untracked 
| 134|0x0000000088600000, 0x0000000088600000, 0x0000000088700000|  0%| F|  |TAMS 0x0000000088600000, 0x0000000088600000| Untracked 
| 135|0x0000000088700000, 0x0000000088700000, 0x0000000088800000|  0%| F|  |TAMS 0x0000000088700000, 0x0000000088700000| Untracked 
| 136|0x0000000088800000, 0x0000000088800000, 0x0000000088900000|  0%| F|  |TAMS 0x0000000088800000, 0x0000000088800000| Untracked 
| 137|0x0000000088900000, 0x0000000088900000, 0x0000000088a00000|  0%| F|  |TAMS 0x0000000088900000, 0x0000000088900000| Untracked 
| 138|0x0000000088a00000, 0x0000000088a00000, 0x0000000088b00000|  0%| F|  |TAMS 0x0000000088a00000, 0x0000000088a00000| Untracked 
| 139|0x0000000088b00000, 0x0000000088b00000, 0x0000000088c00000|  0%| F|  |TAMS 0x0000000088b00000, 0x0000000088b00000| Untracked 
| 140|0x0000000088c00000, 0x0000000088c00000, 0x0000000088d00000|  0%| F|  |TAMS 0x0000000088c00000, 0x0000000088c00000| Untracked 
| 141|0x0000000088d00000, 0x0000000088d00000, 0x0000000088e00000|  0%| F|  |TAMS 0x0000000088d00000, 0x0000000088d00000| Untracked 
| 142|0x0000000088e00000, 0x0000000088e00000, 0x0000000088f00000|  0%| F|  |TAMS 0x0000000088e00000, 0x0000000088e00000| Untracked 
| 143|0x0000000088f00000, 0x0000000088f00000, 0x0000000089000000|  0%| F|  |TAMS 0x0000000088f00000, 0x0000000088f00000| Untracked 
| 144|0x0000000089000000, 0x0000000089000000, 0x0000000089100000|  0%| F|  |TAMS 0x0000000089000000, 0x0000000089000000| Untracked 
| 145|0x0000000089100000, 0x0000000089100000, 0x0000000089200000|  0%| F|  |TAMS 0x0000000089100000, 0x0000000089100000| Untracked 
| 146|0x0000000089200000, 0x0000000089200000, 0x0000000089300000|  0%| F|  |TAMS 0x0000000089200000, 0x0000000089200000| Untracked 
| 147|0x0000000089300000, 0x0000000089300000, 0x0000000089400000|  0%| F|  |TAMS 0x0000000089300000, 0x0000000089300000| Untracked 
| 148|0x0000000089400000, 0x0000000089400000, 0x0000000089500000|  0%| F|  |TAMS 0x0000000089400000, 0x0000000089400000| Untracked 
| 149|0x0000000089500000, 0x0000000089500000, 0x0000000089600000|  0%| F|  |TAMS 0x0000000089500000, 0x0000000089500000| Untracked 
| 150|0x0000000089600000, 0x0000000089600000, 0x0000000089700000|  0%| F|  |TAMS 0x0000000089600000, 0x0000000089600000| Untracked 
| 151|0x0000000089700000, 0x0000000089700000, 0x0000000089800000|  0%| F|  |TAMS 0x0000000089700000, 0x0000000089700000| Untracked 
| 152|0x0000000089800000, 0x0000000089800000, 0x0000000089900000|  0%| F|  |TAMS 0x0000000089800000, 0x0000000089800000| Untracked 
| 153|0x0000000089900000, 0x0000000089900000, 0x0000000089a00000|  0%| F|  |TAMS 0x0000000089900000, 0x0000000089900000| Untracked 
| 154|0x0000000089a00000, 0x0000000089a00000, 0x0000000089b00000|  0%| F|  |TAMS 0x0000000089a00000, 0x0000000089a00000| Untracked 
| 155|0x0000000089b00000, 0x0000000089b00000, 0x0000000089c00000|  0%| F|  |TAMS 0x0000000089b00000, 0x0000000089b00000| Untracked 
| 156|0x0000000089c00000, 0x0000000089c00000, 0x0000000089d00000|  0%| F|  |TAMS 0x0000000089c00000, 0x0000000089c00000| Untracked 
| 157|0x0000000089d00000, 0x0000000089d00000, 0x0000000089e00000|  0%| F|  |TAMS 0x0000000089d00000, 0x0000000089d00000| Untracked 
| 158|0x0000000089e00000, 0x0000000089e00000, 0x0000000089f00000|  0%| F|  |TAMS 0x0000000089e00000, 0x0000000089e00000| Untracked 
| 159|0x0000000089f00000, 0x0000000089f00000, 0x000000008a000000|  0%| F|  |TAMS 0x0000000089f00000, 0x0000000089f00000| Untracked 
| 160|0x000000008a000000, 0x000000008a000000, 0x000000008a100000|  0%| F|  |TAMS 0x000000008a000000, 0x000000008a000000| Untracked 
| 161|0x000000008a100000, 0x000000008a100000, 0x000000008a200000|  0%| F|  |TAMS 0x000000008a100000, 0x000000008a100000| Untracked 
| 162|0x000000008a200000, 0x000000008a200000, 0x000000008a300000|  0%| F|  |TAMS 0x000000008a200000, 0x000000008a200000| Untracked 
| 163|0x000000008a300000, 0x000000008a300000, 0x000000008a400000|  0%| F|  |TAMS 0x000000008a300000, 0x000000008a300000| Untracked 
| 164|0x000000008a400000, 0x000000008a400000, 0x000000008a500000|  0%| F|  |TAMS 0x000000008a400000, 0x000000008a400000| Untracked 
| 165|0x000000008a500000, 0x000000008a500000, 0x000000008a600000|  0%| F|  |TAMS 0x000000008a500000, 0x000000008a500000| Untracked 
| 166|0x000000008a600000, 0x000000008a600000, 0x000000008a700000|  0%| F|  |TAMS 0x000000008a600000, 0x000000008a600000| Untracked 
| 167|0x000000008a700000, 0x000000008a700000, 0x000000008a800000|  0%| F|  |TAMS 0x000000008a700000, 0x000000008a700000| Untracked 
| 168|0x000000008a800000, 0x000000008a800000, 0x000000008a900000|  0%| F|  |TAMS 0x000000008a800000, 0x000000008a800000| Untracked 
| 169|0x000000008a900000, 0x000000008a900000, 0x000000008aa00000|  0%| F|  |TAMS 0x000000008a900000, 0x000000008a900000| Untracked 
| 170|0x000000008aa00000, 0x000000008aa00000, 0x000000008ab00000|  0%| F|  |TAMS 0x000000008aa00000, 0x000000008aa00000| Untracked 
| 171|0x000000008ab00000, 0x000000008ab00000, 0x000000008ac00000|  0%| F|  |TAMS 0x000000008ab00000, 0x000000008ab00000| Untracked 
| 172|0x000000008ac00000, 0x000000008ac00000, 0x000000008ad00000|  0%| F|  |TAMS 0x000000008ac00000, 0x000000008ac00000| Untracked 
| 173|0x000000008ad00000, 0x000000008ad00000, 0x000000008ae00000|  0%| F|  |TAMS 0x000000008ad00000, 0x000000008ad00000| Untracked 
| 174|0x000000008ae00000, 0x000000008ae00000, 0x000000008af00000|  0%| F|  |TAMS 0x000000008ae00000, 0x000000008ae00000| Untracked 
| 175|0x000000008af00000, 0x000000008af00000, 0x000000008b000000|  0%| F|  |TAMS 0x000000008af00000, 0x000000008af00000| Untracked 
| 176|0x000000008b000000, 0x000000008b000000, 0x000000008b100000|  0%| F|  |TAMS 0x000000008b000000, 0x000000008b000000| Untracked 
| 177|0x000000008b100000, 0x000000008b100000, 0x000000008b200000|  0%| F|  |TAMS 0x000000008b100000, 0x000000008b100000| Untracked 
| 178|0x000000008b200000, 0x000000008b200000, 0x000000008b300000|  0%| F|  |TAMS 0x000000008b200000, 0x000000008b200000| Untracked 
| 179|0x000000008b300000, 0x000000008b300000, 0x000000008b400000|  0%| F|  |TAMS 0x000000008b300000, 0x000000008b300000| Untracked 
| 180|0x000000008b400000, 0x000000008b400000, 0x000000008b500000|  0%| F|  |TAMS 0x000000008b400000, 0x000000008b400000| Untracked 
| 181|0x000000008b500000, 0x000000008b500000, 0x000000008b600000|  0%| F|  |TAMS 0x000000008b500000, 0x000000008b500000| Untracked 
| 182|0x000000008b600000, 0x000000008b600000, 0x000000008b700000|  0%| F|  |TAMS 0x000000008b600000, 0x000000008b600000| Untracked 
| 183|0x000000008b700000, 0x000000008b700000, 0x000000008b800000|  0%| F|  |TAMS 0x000000008b700000, 0x000000008b700000| Untracked 
| 184|0x000000008b800000, 0x000000008b800000, 0x000000008b900000|  0%| F|  |TAMS 0x000000008b800000, 0x000000008b800000| Untracked 
| 185|0x000000008b900000, 0x000000008b900000, 0x000000008ba00000|  0%| F|  |TAMS 0x000000008b900000, 0x000000008b900000| Untracked 
| 186|0x000000008ba00000, 0x000000008ba00000, 0x000000008bb00000|  0%| F|  |TAMS 0x000000008ba00000, 0x000000008ba00000| Untracked 
| 187|0x000000008bb00000, 0x000000008bb00000, 0x000000008bc00000|  0%| F|  |TAMS 0x000000008bb00000, 0x000000008bb00000| Untracked 
| 188|0x000000008bc00000, 0x000000008bc00000, 0x000000008bd00000|  0%| F|  |TAMS 0x000000008bc00000, 0x000000008bc00000| Untracked 
| 189|0x000000008bd00000, 0x000000008bd00000, 0x000000008be00000|  0%| F|  |TAMS 0x000000008bd00000, 0x000000008bd00000| Untracked 
| 190|0x000000008be00000, 0x000000008be00000, 0x000000008bf00000|  0%| F|  |TAMS 0x000000008be00000, 0x000000008be00000| Untracked 
| 191|0x000000008bf00000, 0x000000008bf00000, 0x000000008c000000|  0%| F|  |TAMS 0x000000008bf00000, 0x000000008bf00000| Untracked 
| 192|0x000000008c000000, 0x000000008c000000, 0x000000008c100000|  0%| F|  |TAMS 0x000000008c000000, 0x000000008c000000| Untracked 
| 193|0x000000008c100000, 0x000000008c100000, 0x000000008c200000|  0%| F|  |TAMS 0x000000008c100000, 0x000000008c100000| Untracked 
| 194|0x000000008c200000, 0x000000008c200000, 0x000000008c300000|  0%| F|  |TAMS 0x000000008c200000, 0x000000008c200000| Untracked 
| 195|0x000000008c300000, 0x000000008c300000, 0x000000008c400000|  0%| F|  |TAMS 0x000000008c300000, 0x000000008c300000| Untracked 
| 196|0x000000008c400000, 0x000000008c400000, 0x000000008c500000|  0%| F|  |TAMS 0x000000008c400000, 0x000000008c400000| Untracked 
| 197|0x000000008c500000, 0x000000008c500000, 0x000000008c600000|  0%| F|  |TAMS 0x000000008c500000, 0x000000008c500000| Untracked 
| 198|0x000000008c600000, 0x000000008c600000, 0x000000008c700000|  0%| F|  |TAMS 0x000000008c600000, 0x000000008c600000| Untracked 
| 199|0x000000008c700000, 0x000000008c700000, 0x000000008c800000|  0%| F|  |TAMS 0x000000008c700000, 0x000000008c700000| Untracked 
| 200|0x000000008c800000, 0x000000008c800000, 0x000000008c900000|  0%| F|  |TAMS 0x000000008c800000, 0x000000008c800000| Untracked 
| 201|0x000000008c900000, 0x000000008c900000, 0x000000008ca00000|  0%| F|  |TAMS 0x000000008c900000, 0x000000008c900000| Untracked 
| 202|0x000000008ca00000, 0x000000008ca00000, 0x000000008cb00000|  0%| F|  |TAMS 0x000000008ca00000, 0x000000008ca00000| Untracked 
| 203|0x000000008cb00000, 0x000000008cb00000, 0x000000008cc00000|  0%| F|  |TAMS 0x000000008cb00000, 0x000000008cb00000| Untracked 
| 204|0x000000008cc00000, 0x000000008cc00000, 0x000000008cd00000|  0%| F|  |TAMS 0x000000008cc00000, 0x000000008cc00000| Untracked 
| 205|0x000000008cd00000, 0x000000008cd00000, 0x000000008ce00000|  0%| F|  |TAMS 0x000000008cd00000, 0x000000008cd00000| Untracked 
| 206|0x000000008ce00000, 0x000000008ce00000, 0x000000008cf00000|  0%| F|  |TAMS 0x000000008ce00000, 0x000000008ce00000| Untracked 
| 207|0x000000008cf00000, 0x000000008cf00000, 0x000000008d000000|  0%| F|  |TAMS 0x000000008cf00000, 0x000000008cf00000| Untracked 
| 208|0x000000008d000000, 0x000000008d000000, 0x000000008d100000|  0%| F|  |TAMS 0x000000008d000000, 0x000000008d000000| Untracked 
| 209|0x000000008d100000, 0x000000008d100000, 0x000000008d200000|  0%| F|  |TAMS 0x000000008d100000, 0x000000008d100000| Untracked 
| 210|0x000000008d200000, 0x000000008d200000, 0x000000008d300000|  0%| F|  |TAMS 0x000000008d200000, 0x000000008d200000| Untracked 
| 211|0x000000008d300000, 0x000000008d300000, 0x000000008d400000|  0%| F|  |TAMS 0x000000008d300000, 0x000000008d300000| Untracked 
| 212|0x000000008d400000, 0x000000008d400000, 0x000000008d500000|  0%| F|  |TAMS 0x000000008d400000, 0x000000008d400000| Untracked 
| 213|0x000000008d500000, 0x000000008d500000, 0x000000008d600000|  0%| F|  |TAMS 0x000000008d500000, 0x000000008d500000| Untracked 
| 214|0x000000008d600000, 0x000000008d600000, 0x000000008d700000|  0%| F|  |TAMS 0x000000008d600000, 0x000000008d600000| Untracked 
| 215|0x000000008d700000, 0x000000008d700000, 0x000000008d800000|  0%| F|  |TAMS 0x000000008d700000, 0x000000008d700000| Untracked 
| 216|0x000000008d800000, 0x000000008d800000, 0x000000008d900000|  0%| F|  |TAMS 0x000000008d800000, 0x000000008d800000| Untracked 
| 217|0x000000008d900000, 0x000000008d900000, 0x000000008da00000|  0%| F|  |TAMS 0x000000008d900000, 0x000000008d900000| Untracked 
| 218|0x000000008da00000, 0x000000008da00000, 0x000000008db00000|  0%| F|  |TAMS 0x000000008da00000, 0x000000008da00000| Untracked 
| 219|0x000000008db00000, 0x000000008db00000, 0x000000008dc00000|  0%| F|  |TAMS 0x000000008db00000, 0x000000008db00000| Untracked 
| 220|0x000000008dc00000, 0x000000008dc00000, 0x000000008dd00000|  0%| F|  |TAMS 0x000000008dc00000, 0x000000008dc00000| Untracked 
| 221|0x000000008dd00000, 0x000000008dd00000, 0x000000008de00000|  0%| F|  |TAMS 0x000000008dd00000, 0x000000008dd00000| Untracked 
| 222|0x000000008de00000, 0x000000008de00000, 0x000000008df00000|  0%| F|  |TAMS 0x000000008de00000, 0x000000008de00000| Untracked 
| 223|0x000000008df00000, 0x000000008df00000, 0x000000008e000000|  0%| F|  |TAMS 0x000000008df00000, 0x000000008df00000| Untracked 
| 224|0x000000008e000000, 0x000000008e000000, 0x000000008e100000|  0%| F|  |TAMS 0x000000008e000000, 0x000000008e000000| Untracked 
| 225|0x000000008e100000, 0x000000008e100000, 0x000000008e200000|  0%| F|  |TAMS 0x000000008e100000, 0x000000008e100000| Untracked 
| 226|0x000000008e200000, 0x000000008e200000, 0x000000008e300000|  0%| F|  |TAMS 0x000000008e200000, 0x000000008e200000| Untracked 
| 227|0x000000008e300000, 0x000000008e300000, 0x000000008e400000|  0%| F|  |TAMS 0x000000008e300000, 0x000000008e300000| Untracked 
| 228|0x000000008e400000, 0x000000008e400000, 0x000000008e500000|  0%| F|  |TAMS 0x000000008e400000, 0x000000008e400000| Untracked 
| 229|0x000000008e500000, 0x000000008e580800, 0x000000008e600000| 50%| E|  |TAMS 0x000000008e500000, 0x000000008e500000| Complete 
| 230|0x000000008e600000, 0x000000008e700000, 0x000000008e700000|100%| E|CS|TAMS 0x000000008e600000, 0x000000008e600000| Complete 
| 231|0x000000008e700000, 0x000000008e800000, 0x000000008e800000|100%| E|CS|TAMS 0x000000008e700000, 0x000000008e700000| Complete 
| 232|0x000000008e800000, 0x000000008e900000, 0x000000008e900000|100%| E|CS|TAMS 0x000000008e800000, 0x000000008e800000| Complete 
| 233|0x000000008e900000, 0x000000008ea00000, 0x000000008ea00000|100%| E|CS|TAMS 0x000000008e900000, 0x000000008e900000| Complete 
| 234|0x000000008ea00000, 0x000000008eb00000, 0x000000008eb00000|100%| E|CS|TAMS 0x000000008ea00000, 0x000000008ea00000| Complete 
| 235|0x000000008eb00000, 0x000000008ec00000, 0x000000008ec00000|100%| E|CS|TAMS 0x000000008eb00000, 0x000000008eb00000| Complete 
| 236|0x000000008ec00000, 0x000000008ed00000, 0x000000008ed00000|100%| E|CS|TAMS 0x000000008ec00000, 0x000000008ec00000| Complete 
| 237|0x000000008ed00000, 0x000000008ee00000, 0x000000008ee00000|100%| E|CS|TAMS 0x000000008ed00000, 0x000000008ed00000| Complete 
| 238|0x000000008ee00000, 0x000000008ef00000, 0x000000008ef00000|100%| E|CS|TAMS 0x000000008ee00000, 0x000000008ee00000| Complete 
| 239|0x000000008ef00000, 0x000000008f000000, 0x000000008f000000|100%| E|CS|TAMS 0x000000008ef00000, 0x000000008ef00000| Complete 
| 240|0x000000008f000000, 0x000000008f100000, 0x000000008f100000|100%| E|CS|TAMS 0x000000008f000000, 0x000000008f000000| Complete 
| 241|0x000000008f100000, 0x000000008f200000, 0x000000008f200000|100%| E|CS|TAMS 0x000000008f100000, 0x000000008f100000| Complete 
| 242|0x000000008f200000, 0x000000008f300000, 0x000000008f300000|100%| E|CS|TAMS 0x000000008f200000, 0x000000008f200000| Complete 
| 243|0x000000008f300000, 0x000000008f400000, 0x000000008f400000|100%| E|CS|TAMS 0x000000008f300000, 0x000000008f300000| Complete 
| 244|0x000000008f400000, 0x000000008f500000, 0x000000008f500000|100%| E|CS|TAMS 0x000000008f400000, 0x000000008f400000| Complete 
| 245|0x000000008f500000, 0x000000008f600000, 0x000000008f600000|100%| E|CS|TAMS 0x000000008f500000, 0x000000008f500000| Complete 

Card table byte_map: [0x000002919b020000,0x000002919b420000] _byte_map_base: 0x000002919ac20000

Marking Bits (Prev, Next): (CMBitMap*) 0x00000291878b66e8, (CMBitMap*) 0x00000291878b6720
 Prev Bits: [0x000002919b820000, 0x000002919d820000)
 Next Bits: [0x000002919d820000, 0x000002919f820000)

Polling page: 0x0000029187040000

Metaspace:

Usage:
  Non-class:     40.26 MB capacity,    39.55 MB ( 98%) used,   608.18 KB (  1%) free+waste,   115.88 KB ( <1%) overhead. 
      Class:      6.19 MB capacity,     5.74 MB ( 93%) used,   403.97 KB (  6%) free+waste,    55.69 KB ( <1%) overhead. 
       Both:     46.45 MB capacity,    45.29 MB ( 98%) used,  1012.15 KB (  2%) free+waste,   171.56 KB ( <1%) overhead. 

Virtual space:
  Non-class space:       42.00 MB reserved,      40.42 MB ( 96%) committed 
      Class space:        1.00 GB reserved,       6.25 MB ( <1%) committed 
             Both:        1.04 GB reserved,      46.67 MB (  4%) committed 

Chunk freelists:
   Non-Class:  41.00 KB
       Class:  30.00 KB
        Both:  71.00 KB

MaxMetaspaceSize: 17179869184.00 GB
CompressedClassSpaceSize: 1.00 GB
Initial GC threshold: 20.80 MB
Current GC threshold: 58.83 MB
CDS: off

CodeHeap 'non-profiled nmethods': size=119168Kb used=1654Kb max_used=1654Kb free=117513Kb
 bounds [0x0000029192f30000, 0x00000291931a0000, 0x000002919a390000]
CodeHeap 'profiled nmethods': size=119168Kb used=9475Kb max_used=9475Kb free=109692Kb
 bounds [0x000002918bad0000, 0x000002918c420000, 0x0000029192f30000]
CodeHeap 'non-nmethods': size=7424Kb used=2850Kb max_used=2884Kb free=4573Kb
 bounds [0x000002918b390000, 0x000002918b670000, 0x000002918bad0000]
 total_blobs=5065 nmethods=4282 adapters=693
 compilation: enabled
              stopped_count=0, restarted_count=0
 full_count=0

Compilation events (20 events):
Event: 8.365 Thread 0x00000291a318e000 nmethod 4416 0x000002918c405210 code [0x000002918c405460, 0x000002918c405ad8]
Event: 8.368 Thread 0x00000291a32b0000 4417       3       org.gradle.cache.internal.DefaultCrossBuildInMemoryCacheFactory$AbstractCrossBuildInMemoryCache::getIfPresentWithoutLock (43 bytes)
Event: 8.369 Thread 0x00000291a318e000 4418       1       org.gradle.api.attributes.Attribute::hashCode (5 bytes)
Event: 8.369 Thread 0x00000291a318e000 nmethod 4418 0x00000291930ccd10 code [0x00000291930ccec0, 0x00000291930ccf78]
Event: 8.369 Thread 0x00000291a32b0000 nmethod 4417 0x000002918c405e90 code [0x000002918c406080, 0x000002918c406488]
Event: 8.369 Thread 0x00000291a318e000 4419       3       com.google.common.collect.UnmodifiableIterator::<init> (5 bytes)
Event: 8.369 Thread 0x00000291a318e000 nmethod 4419 0x000002918c406590 code [0x000002918c406740, 0x000002918c406898]
Event: 8.393 Thread 0x00000291a32b0000 4420       3       java.net.URI::match (56 bytes)
Event: 8.394 Thread 0x00000291a32b0000 nmethod 4420 0x000002918c406990 code [0x000002918c406b40, 0x000002918c406df8]
Event: 8.415 Thread 0x00000291a318e000 4421       3       com.google.common.base.Preconditions::checkState (17 bytes)
Event: 8.415 Thread 0x00000291a32b0000 4422       3       java.util.concurrent.atomic.AtomicReferenceArray::<init> (13 bytes)
Event: 8.416 Thread 0x00000291a32b0000 nmethod 4422 0x000002918c406e90 code [0x000002918c407040, 0x000002918c407298]
Event: 8.416 Thread 0x00000291a318e000 nmethod 4421 0x000002918c407390 code [0x000002918c407580, 0x000002918c4078d8]
Event: 8.428 Thread 0x00000291a32b0000 4424       3       java.util.regex.Matcher::appendExpandedReplacement (510 bytes)
Event: 8.428 Thread 0x00000291a318e000 4423       3       java.util.regex.Matcher::appendReplacement (75 bytes)
Event: 8.428 Thread 0x00000291a318e000 nmethod 4423 0x000002918c407a90 code [0x000002918c407ca0, 0x000002918c408148]
Event: 8.428 Thread 0x00000291a318e000 4425       3       java.lang.AbstractStringBuilder::append (67 bytes)
Event: 8.429 Thread 0x00000291a318e000 nmethod 4425 0x000002918c408390 code [0x000002918c4085a0, 0x000002918c408a88]
Event: 8.429 Thread 0x00000291a318e000 4426       3       java.lang.AbstractStringBuilder::getBytes (44 bytes)
Event: 8.429 Thread 0x00000291a318e000 nmethod 4426 0x000002918c408c10 code [0x000002918c408de0, 0x000002918c4090b8]

GC Heap History (10 events):
Event: 0.968 GC heap before
{Heap before GC invocations=0 (full 0):
 garbage-first heap   total 251904K, used 29696K [0x0000000080000000, 0x0000000100000000)
  region size 1024K, 24 young (24576K), 0 survivors (0K)
 Metaspace       used 9778K, capacity 9968K, committed 10112K, reserved 1058816K
  class space    used 988K, capacity 1069K, committed 1152K, reserved 1048576K
}
Event: 0.974 GC heap after
{Heap after GC invocations=1 (full 0):
 garbage-first heap   total 251904K, used 9086K [0x0000000080000000, 0x0000000100000000)
  region size 1024K, 3 young (3072K), 3 survivors (3072K)
 Metaspace       used 9778K, capacity 9968K, committed 10112K, reserved 1058816K
  class space    used 988K, capacity 1069K, committed 1152K, reserved 1048576K
}
Event: 4.421 GC heap before
{Heap before GC invocations=1 (full 0):
 garbage-first heap   total 251904K, used 106366K [0x0000000080000000, 0x0000000100000000)
  region size 1024K, 99 young (101376K), 3 survivors (3072K)
 Metaspace       used 20813K, capacity 21161K, committed 21296K, reserved 1069056K
  class space    used 2505K, capacity 2651K, committed 2688K, reserved 1048576K
}
Event: 4.436 GC heap after
{Heap after GC invocations=2 (full 0):
 garbage-first heap   total 251904K, used 17020K [0x0000000080000000, 0x0000000100000000)
  region size 1024K, 11 young (11264K), 11 survivors (11264K)
 Metaspace       used 20813K, capacity 21161K, committed 21296K, reserved 1069056K
  class space    used 2505K, capacity 2651K, committed 2688K, reserved 1048576K
}
Event: 5.163 GC heap before
{Heap before GC invocations=3 (full 0):
 garbage-first heap   total 251904K, used 62076K [0x0000000080000000, 0x0000000100000000)
  region size 1024K, 56 young (57344K), 11 survivors (11264K)
 Metaspace       used 25606K, capacity 26215K, committed 26288K, reserved 1073152K
  class space    used 3276K, capacity 3515K, committed 3584K, reserved 1048576K
}
Event: 5.173 GC heap after
{Heap after GC invocations=4 (full 0):
 garbage-first heap   total 251904K, used 18791K [0x0000000080000000, 0x0000000100000000)
  region size 1024K, 3 young (3072K), 3 survivors (3072K)
 Metaspace       used 25606K, capacity 26215K, committed 26288K, reserved 1073152K
  class space    used 3276K, capacity 3515K, committed 3584K, reserved 1048576K
}
Event: 6.570 GC heap before
{Heap before GC invocations=4 (full 0):
 garbage-first heap   total 251904K, used 92519K [0x0000000080000000, 0x0000000100000000)
  region size 1024K, 76 young (77824K), 3 survivors (3072K)
 Metaspace       used 34873K, capacity 35724K, committed 35888K, reserved 1081344K
  class space    used 4540K, capacity 4882K, committed 4992K, reserved 1048576K
}
Event: 6.581 GC heap after
{Heap after GC invocations=5 (full 0):
 garbage-first heap   total 251904K, used 21892K [0x0000000080000000, 0x0000000100000000)
  region size 1024K, 6 young (6144K), 6 survivors (6144K)
 Metaspace       used 34873K, capacity 35724K, committed 35888K, reserved 1081344K
  class space    used 4540K, capacity 4882K, committed 4992K, reserved 1048576K
}
Event: 8.243 GC heap before
{Heap before GC invocations=6 (full 0):
 garbage-first heap   total 251904K, used 135556K [0x0000000080000000, 0x0000000100000000)
  region size 1024K, 114 young (116736K), 6 survivors (6144K)
 Metaspace       used 45339K, capacity 46451K, committed 46512K, reserved 1089536K
  class space    used 5715K, capacity 6116K, committed 6144K, reserved 1048576K
}
Event: 8.261 GC heap after
{Heap after GC invocations=7 (full 0):
 garbage-first heap   total 251904K, used 30354K [0x0000000080000000, 0x0000000100000000)
  region size 1024K, 14 young (14336K), 14 survivors (14336K)
 Metaspace       used 45339K, capacity 46451K, committed 46512K, reserved 1089536K
  class space    used 5715K, capacity 6116K, committed 6144K, reserved 1048576K
}

Deoptimization events (20 events):
Event: 7.993 Thread 0x00000291a5798800 DEOPT PACKING pc=0x0000029193039a00 sp=0x000000ced9bf8170
Event: 7.993 Thread 0x00000291a5798800 DEOPT UNPACKING pc=0x000002918b3da1af sp=0x000000ced9bf80f8 mode 2
Event: 7.997 Thread 0x00000291a5798800 Uncommon trap: trap_request=0xffffff4d fr.pc=0x000002919304d878 relative=0x0000000000000318
Event: 7.997 Thread 0x00000291a5798800 Uncommon trap: reason=unstable_if action=reinterpret pc=0x000002919304d878 method=org.gradle.internal.reflect.PropertyAccessorType.isGetGetterName(Ljava/lang/String;)Z @ 14 c2
Event: 7.997 Thread 0x00000291a5798800 DEOPT PACKING pc=0x000002919304d878 sp=0x000000ced9bf8cc0
Event: 7.997 Thread 0x00000291a5798800 DEOPT UNPACKING pc=0x000002918b3da1af sp=0x000000ced9bf8c18 mode 2
Event: 8.025 Thread 0x00000291a5798800 Uncommon trap: trap_request=0xffffff4d fr.pc=0x0000029193046988 relative=0x00000000000000e8
Event: 8.025 Thread 0x00000291a5798800 Uncommon trap: reason=unstable_if action=reinterpret pc=0x0000029193046988 method=org.objectweb.asm.ByteVector.putShort(I)Lorg/objectweb/asm/ByteVector; @ 13 c2
Event: 8.025 Thread 0x00000291a5798800 DEOPT PACKING pc=0x0000029193046988 sp=0x000000ced9bf87c0
Event: 8.025 Thread 0x00000291a5798800 DEOPT UNPACKING pc=0x000002918b3da1af sp=0x000000ced9bf8758 mode 2
Event: 8.086 Thread 0x00000291a5798800 DEOPT PACKING pc=0x000002918bb9e14c sp=0x000000ced9bf5fc0
Event: 8.086 Thread 0x00000291a5798800 DEOPT UNPACKING pc=0x000002918b3da95e sp=0x000000ced9bf5560 mode 0
Event: 8.359 Thread 0x00000291a5798800 Uncommon trap: trap_request=0xffffff7e fr.pc=0x000002919302cd0c relative=0x000000000000022c
Event: 8.359 Thread 0x00000291a5798800 Uncommon trap: reason=predicate action=maybe_recompile pc=0x000002919302cd0c method=com.google.common.base.CharMatcher.indexIn(Ljava/lang/CharSequence;I)I @ 19 c2
Event: 8.359 Thread 0x00000291a5798800 DEOPT PACKING pc=0x000002919302cd0c sp=0x000000ced9bf7620
Event: 8.359 Thread 0x00000291a5798800 DEOPT UNPACKING pc=0x000002918b3da1af sp=0x000000ced9bf75c8 mode 2
Event: 8.393 Thread 0x00000291a5798800 Uncommon trap: trap_request=0xffffff4d fr.pc=0x0000029192fb4ddc relative=0x00000000000000bc
Event: 8.393 Thread 0x00000291a5798800 Uncommon trap: reason=unstable_if action=reinterpret pc=0x0000029192fb4ddc method=java.net.URI.match(CJJ)Z @ 45 c2
Event: 8.393 Thread 0x00000291a5798800 DEOPT PACKING pc=0x0000029192fb4ddc sp=0x000000ced9bf8180
Event: 8.393 Thread 0x00000291a5798800 DEOPT UNPACKING pc=0x000002918b3da1af sp=0x000000ced9bf8108 mode 2

Classes redefined (0 events):
No events

Internal exceptions (20 events):
Event: 7.866 Thread 0x00000291a5d2d000 Exception <a 'java/lang/NoSuchMethodError'{0x000000008f58f378}: <clinit>> (0x000000008f58f378) thrown at [src/hotspot/share/prims/jni.cpp, line 1367]
Event: 7.867 Thread 0x00000291a5d2d000 Exception <a 'java/lang/NoSuchMethodError'{0x000000008f590a68}: <clinit>> (0x000000008f590a68) thrown at [src/hotspot/share/prims/jni.cpp, line 1367]
Event: 7.869 Thread 0x00000291a5d2d000 Exception <a 'java/lang/NoSuchMethodError'{0x0000000089d8bae0}: <clinit>> (0x0000000089d8bae0) thrown at [src/hotspot/share/prims/jni.cpp, line 1367]
Event: 7.869 Thread 0x00000291a5d2d000 Exception <a 'java/lang/NoSuchMethodError'{0x0000000089d8de68}: <clinit>> (0x0000000089d8de68) thrown at [src/hotspot/share/prims/jni.cpp, line 1367]
Event: 7.871 Thread 0x00000291a5d2d000 Exception <a 'java/lang/NoSuchMethodError'{0x0000000089c084d8}: <clinit>> (0x0000000089c084d8) thrown at [src/hotspot/share/prims/jni.cpp, line 1367]
Event: 7.993 Thread 0x00000291a5798800 Implicit null exception at 0x000002919301a1f4 to 0x000002919301a414
Event: 8.175 Thread 0x00000291a5798800 Exception <a 'java/lang/ClassNotFoundException'{0x000000008886d838}: build_ewmbnp2l0751skhmlglzh7y43BeanInfo> (0x000000008886d838) thrown at [src/hotspot/share/classfile/systemDictionary.cpp, line 230]
Event: 8.176 Thread 0x00000291a5798800 Exception <a 'java/lang/ClassNotFoundException'{0x00000000888852b8}: org/gradle/api/internal/project/ProjectScriptBeanInfo> (0x00000000888852b8) thrown at [src/hotspot/share/classfile/systemDictionary.cpp, line 230]
Event: 8.177 Thread 0x00000291a5798800 Exception <a 'java/lang/ClassNotFoundException'{0x000000008889cf08}: org/gradle/api/internal/project/ProjectScriptCustomizer> (0x000000008889cf08) thrown at [src/hotspot/share/classfile/systemDictionary.cpp, line 230]
Event: 8.178 Thread 0x00000291a5798800 Exception <a 'java/lang/ClassNotFoundException'{0x00000000888b9260}: build_ewmbnp2l0751skhmlglzh7y43Customizer> (0x00000000888b9260) thrown at [src/hotspot/share/classfile/systemDictionary.cpp, line 230]
Event: 8.192 Thread 0x00000291a5798800 Exception <a 'java/lang/ClassNotFoundException'{0x0000000088759420}: org/gradle/api/internal/initialization/DefaultScriptHandlerBeanInfo> (0x0000000088759420) thrown at [src/hotspot/share/classfile/systemDictionary.cpp, line 230]
Event: 8.193 Thread 0x00000291a5798800 Exception <a 'java/lang/ClassNotFoundException'{0x00000000887846e8}: org/gradle/api/internal/initialization/DefaultScriptHandlerCustomizer> (0x00000000887846e8) thrown at [src/hotspot/share/classfile/systemDictionary.cpp, line 230]
Event: 8.334 Thread 0x00000291a5798800 Exception <a 'java/lang/ClassNotFoundException'{0x000000008f02cd00}: org/gradle/api/internal/artifacts/dsl/dependencies/DefaultDependencyHandler_DecoratedBeanInfo> (0x000000008f02cd00) thrown at [src/hotspot/share/classfile/systemDictionary.cpp, line 230]
Event: 8.335 Thread 0x00000291a5798800 Exception <a 'java/lang/ClassNotFoundException'{0x000000008f06cf88}: org/gradle/api/internal/artifacts/dsl/dependencies/DefaultDependencyHandlerBeanInfo> (0x000000008f06cf88) thrown at [src/hotspot/share/classfile/systemDictionary.cpp, line 230]
Event: 8.336 Thread 0x00000291a5798800 Exception <a 'java/lang/ClassNotFoundException'{0x000000008f0ad690}: org/gradle/api/internal/artifacts/dsl/dependencies/DefaultDependencyHandlerCustomizer> (0x000000008f0ad690) thrown at [src/hotspot/share/classfile/systemDictionary.cpp, line 230]
Event: 8.339 Thread 0x00000291a5798800 Exception <a 'java/lang/ClassNotFoundException'{0x000000008ef18ed0}: org/gradle/api/internal/artifacts/dsl/dependencies/DefaultDependencyHandler_DecoratedCustomizer> (0x000000008ef18ed0) thrown at [src/hotspot/share/classfile/systemDictionary.cpp, line 230]
Event: 8.356 Thread 0x00000291a5798800 Exception <a 'java/lang/ClassNotFoundException'{0x000000008ee33480}: org/gradle/plugin/use/internal/PluginRequestCollector$PluginDependenciesSpecImplBeanInfo> (0x000000008ee33480) thrown at [src/hotspot/share/classfile/systemDictionary.cpp, line 230]
Event: 8.357 Thread 0x00000291a5798800 Exception <a 'java/lang/ClassNotFoundException'{0x000000008ee63790}: org/gradle/plugin/use/internal/PluginRequestCollector$PluginDependenciesSpecImplCustomizer> (0x000000008ee63790) thrown at [src/hotspot/share/classfile/systemDictionary.cpp, line 230]
Event: 8.362 Thread 0x00000291a5798800 Exception <a 'java/lang/ClassNotFoundException'{0x000000008eec6670}: org/gradle/plugin/use/internal/PluginRequestCollector$PluginDependencySpecImplBeanInfo> (0x000000008eec6670) thrown at [src/hotspot/share/classfile/systemDictionary.cpp, line 230]
Event: 8.362 Thread 0x00000291a5798800 Exception <a 'java/lang/ClassNotFoundException'{0x000000008eef5bb0}: org/gradle/plugin/use/internal/PluginRequestCollector$PluginDependencySpecImplCustomizer> (0x000000008eef5bb0) thrown at [src/hotspot/share/classfile/systemDictionary.cpp, line 230]

Events (20 events):
Event: 8.422 loading class org/gradle/api/internal/artifacts/ivyservice/resolveengine/graph/conflicts/CapabilitiesConflictHandler$ResolutionDetails
Event: 8.422 loading class org/gradle/api/internal/artifacts/ivyservice/resolveengine/graph/conflicts/CapabilitiesConflictHandler$ResolutionDetails done
Event: 8.423 loading class org/gradle/api/internal/artifacts/ivyservice/resolveengine/graph/conflicts/ConflictResolutionResult
Event: 8.423 loading class org/gradle/api/internal/artifacts/ivyservice/resolveengine/graph/conflicts/ConflictResolutionResult done
Event: 8.423 loading class org/gradle/internal/component/external/model/ImmutableCapability
Event: 8.423 loading class org/gradle/internal/component/external/model/ImmutableCapability done
Event: 8.424 loading class org/gradle/api/internal/artifacts/ivyservice/resolveengine/graph/conflicts/CapabilitiesConflictHandler$CandidateDetails
Event: 8.424 loading class org/gradle/api/internal/artifacts/ivyservice/resolveengine/graph/conflicts/CapabilitiesConflictHandler$CandidateDetails done
Event: 8.424 loading class org/gradle/internal/component/external/model/DefaultComponentVariantIdentifier
Event: 8.424 loading class org/gradle/internal/component/external/model/DefaultComponentVariantIdentifier done
Event: 8.425 loading class org/gradle/api/artifacts/ComponentVariantIdentifier
Event: 8.425 loading class org/gradle/api/artifacts/ComponentVariantIdentifier done
Event: 8.425 loading class org/gradle/api/internal/artifacts/ivyservice/resolutionstrategy/DefaultCapabilitiesResolution$DefaultCapabilityResolutionDetails
Event: 8.425 loading class org/gradle/api/internal/artifacts/ivyservice/resolutionstrategy/DefaultCapabilitiesResolution$DefaultCapabilityResolutionDetails done
Event: 8.426 loading class org/gradle/api/artifacts/CapabilityResolutionDetails
Event: 8.426 loading class org/gradle/api/artifacts/CapabilityResolutionDetails done
Event: 8.426 loading class org/gradle/api/internal/artifacts/ivyservice/resolveengine/graph/conflicts/UpgradeCapabilityResolver
Event: 8.426 loading class org/gradle/api/internal/artifacts/ivyservice/resolveengine/graph/conflicts/UpgradeCapabilityResolver done
Event: 8.430 loading class org/gradle/api/internal/artifacts/ivyservice/resolutionstrategy/DefaultResolutionStrategy
Event: 8.430 loading class org/gradle/api/internal/artifacts/ivyservice/resolutionstrategy/DefaultResolutionStrategy done


Dynamic libraries:
0x00007ff746420000 - 0x00007ff74642a000 	C:\Program Files\Android\Android Studio\jbr\bin\java.exe
0x00007fffecf50000 - 0x00007fffed164000 	C:\WINDOWS\SYSTEM32\ntdll.dll
0x00007fffebc50000 - 0x00007fffebd13000 	C:\WINDOWS\System32\KERNEL32.DLL
0x00007fffea4e0000 - 0x00007fffea87c000 	C:\WINDOWS\System32\KERNELBASE.dll
0x00007fffea9a0000 - 0x00007fffeaab1000 	C:\WINDOWS\System32\ucrtbase.dll
0x00007fffccc00000 - 0x00007fffccc1b000 	C:\Program Files\Android\Android Studio\jbr\bin\VCRUNTIME140.dll
0x00007fffccbb0000 - 0x00007fffccbc7000 	C:\Program Files\Android\Android Studio\jbr\bin\jli.dll
0x00007fffeae80000 - 0x00007fffeb02d000 	C:\WINDOWS\System32\USER32.dll
0x00007fffd35b0000 - 0x00007fffd383e000 	C:\WINDOWS\WinSxS\amd64_microsoft.windows.common-controls_6595b64144ccf1df_6.0.22621.608_none_a9444ca7c10bb01d\COMCTL32.dll
0x00007fffea4b0000 - 0x00007fffea4d6000 	C:\WINDOWS\System32\win32u.dll
0x00007fffebc10000 - 0x00007fffebc39000 	C:\WINDOWS\System32\GDI32.dll
0x00007fffecd20000 - 0x00007fffecdc7000 	C:\WINDOWS\System32\msvcrt.dll
0x00007fffea880000 - 0x00007fffea993000 	C:\WINDOWS\System32\gdi32full.dll
0x00007fffea410000 - 0x00007fffea4aa000 	C:\WINDOWS\System32\msvcp_win.dll
0x00007fffeb9a0000 - 0x00007fffeb9d1000 	C:\WINDOWS\System32\IMM32.DLL
0x00007fffccbf0000 - 0x00007fffccbfc000 	C:\Program Files\Android\Android Studio\jbr\bin\vcruntime140_1.dll
0x00007fffada30000 - 0x00007fffadabd000 	C:\Program Files\Android\Android Studio\jbr\bin\msvcp140.dll
0x00007fff94e80000 - 0x00007fff95a3c000 	C:\Program Files\Android\Android Studio\jbr\bin\server\jvm.dll
0x00007fffeb9e0000 - 0x00007fffeba8e000 	C:\WINDOWS\System32\ADVAPI32.dll
0x00007fffebd30000 - 0x00007fffebdd4000 	C:\WINDOWS\System32\sechost.dll
0x00007fffec5d0000 - 0x00007fffec6e5000 	C:\WINDOWS\System32\RPCRT4.dll
0x00007fffebd20000 - 0x00007fffebd28000 	C:\WINDOWS\System32\PSAPI.DLL
0x00007fffe76b0000 - 0x00007fffe76b9000 	C:\WINDOWS\SYSTEM32\WSOCK32.dll
0x00007fffe4070000 - 0x00007fffe40a4000 	C:\WINDOWS\SYSTEM32\WINMM.dll
0x00007fffe3670000 - 0x00007fffe367a000 	C:\WINDOWS\SYSTEM32\VERSION.dll
0x00007fffeb920000 - 0x00007fffeb991000 	C:\WINDOWS\System32\WS2_32.dll
0x00007fffe93a0000 - 0x00007fffe93b8000 	C:\WINDOWS\SYSTEM32\kernel.appcore.dll
0x00007fffe4190000 - 0x00007fffe41a0000 	C:\Program Files\Android\Android Studio\jbr\bin\verify.dll
0x00007fffd8900000 - 0x00007fffd8b2e000 	C:\WINDOWS\SYSTEM32\DBGHELP.DLL
0x00007fffec7c0000 - 0x00007fffecb49000 	C:\WINDOWS\System32\combase.dll
0x00007fffeba90000 - 0x00007fffebb67000 	C:\WINDOWS\System32\OLEAUT32.dll
0x00007fffce470000 - 0x00007fffce4a2000 	C:\WINDOWS\SYSTEM32\dbgcore.DLL
0x00007fffea390000 - 0x00007fffea40b000 	C:\WINDOWS\System32\bcryptPrimitives.dll
0x00007fffcff10000 - 0x00007fffcff38000 	C:\Program Files\Android\Android Studio\jbr\bin\java.dll
0x00007fffe4110000 - 0x00007fffe411a000 	C:\Program Files\Android\Android Studio\jbr\bin\jimage.dll
0x00007fffd6b00000 - 0x00007fffd6b18000 	C:\Program Files\Android\Android Studio\jbr\bin\zip.dll
0x00007fffeb130000 - 0x00007fffeb920000 	C:\WINDOWS\System32\SHELL32.dll
0x00007fffe8350000 - 0x00007fffe8c1e000 	C:\WINDOWS\SYSTEM32\windows.storage.dll
0x00007fffe8210000 - 0x00007fffe834e000 	C:\WINDOWS\SYSTEM32\wintypes.dll
0x00007fffeb030000 - 0x00007fffeb121000 	C:\WINDOWS\System32\SHCORE.dll
0x00007fffecb60000 - 0x00007fffecbbe000 	C:\WINDOWS\System32\shlwapi.dll
0x00007fffea2c0000 - 0x00007fffea2e1000 	C:\WINDOWS\SYSTEM32\profapi.dll
0x00007fffd6aa0000 - 0x00007fffd6ab9000 	C:\Program Files\Android\Android Studio\jbr\bin\net.dll
0x00007fffe3c50000 - 0x00007fffe3d7f000 	C:\WINDOWS\SYSTEM32\WINHTTP.dll
0x00007fffe9810000 - 0x00007fffe9879000 	C:\WINDOWS\system32\mswsock.dll
0x00007fffd25e0000 - 0x00007fffd25f3000 	C:\Program Files\Android\Android Studio\jbr\bin\nio.dll
0x00007fffc2390000 - 0x00007fffc23b7000 	C:\Users\raque\.gradle\native\e1d6ef7f7dcc3fd88c89a11ec53ec762bb8ba0a96d01ffa2cd45eb1d1d8dd5c5\windows-amd64\native-platform.dll
0x00007fffad490000 - 0x00007fffad5d4000 	C:\Users\raque\.gradle\native\0d407fdbe67a94daf76414ababcb853783967236a71b16ec16e742cd7a986fd3\windows-amd64\native-platform-file-events.dll
0x00007fffd0090000 - 0x00007fffd009a000 	C:\Program Files\Android\Android Studio\jbr\bin\management.dll
0x00007fffd0080000 - 0x00007fffd008b000 	C:\Program Files\Android\Android Studio\jbr\bin\management_ext.dll
0x00007fffe9a30000 - 0x00007fffe9a4b000 	C:\WINDOWS\SYSTEM32\CRYPTSP.dll
0x00007fffe9310000 - 0x00007fffe9345000 	C:\WINDOWS\system32\rsaenh.dll
0x00007fffe98d0000 - 0x00007fffe98f8000 	C:\WINDOWS\SYSTEM32\USERENV.dll
0x00007fffe9c70000 - 0x00007fffe9c98000 	C:\WINDOWS\SYSTEM32\bcrypt.dll
0x00007fffe9a50000 - 0x00007fffe9a5c000 	C:\WINDOWS\SYSTEM32\CRYPTBASE.dll
0x00007fffe8e70000 - 0x00007fffe8e9d000 	C:\WINDOWS\SYSTEM32\IPHLPAPI.DLL
0x00007fffec5c0000 - 0x00007fffec5c9000 	C:\WINDOWS\System32\NSI.dll
0x00007fffe3e60000 - 0x00007fffe3e79000 	C:\WINDOWS\SYSTEM32\dhcpcsvc6.DLL
0x00007fffe3b70000 - 0x00007fffe3b8f000 	C:\WINDOWS\SYSTEM32\dhcpcsvc.DLL
0x00007fffe8ee0000 - 0x00007fffe8fd3000 	C:\WINDOWS\SYSTEM32\DNSAPI.dll

dbghelp: loaded successfully - version: 4.0.5 - missing functions: none
symbol engine: initialized successfully - sym options: 0x614 - pdb path: .;C:\Program Files\Android\Android Studio\jbr\bin;C:\WINDOWS\SYSTEM32;C:\WINDOWS\WinSxS\amd64_microsoft.windows.common-controls_6595b64144ccf1df_6.0.22621.608_none_a9444ca7c10bb01d;C:\Program Files\Android\Android Studio\jbr\bin\server;C:\Users\raque\.gradle\native\e1d6ef7f7dcc3fd88c89a11ec53ec762bb8ba0a96d01ffa2cd45eb1d1d8dd5c5\windows-amd64;C:\Users\raque\.gradle\native\0d407fdbe67a94daf76414ababcb853783967236a71b16ec16e742cd7a986fd3\windows-amd64

VM Arguments:
jvm_args: --add-opens=java.base/java.util=ALL-UNNAMED --add-opens=java.base/java.lang=ALL-UNNAMED --add-opens=java.base/java.lang.invoke=ALL-UNNAMED --add-opens=java.base/java.util=ALL-UNNAMED --add-opens=java.prefs/java.util.prefs=ALL-UNNAMED --add-opens=java.prefs/java.util.prefs=ALL-UNNAMED --add-opens=java.base/java.nio.charset=ALL-UNNAMED --add-opens=java.base/java.net=ALL-UNNAMED --add-opens=java.base/java.util.concurrent.atomic=ALL-UNNAMED -Xmx2048m -Dfile.encoding=UTF-8 -Duser.country=US -Duser.language=en -Duser.variant 
java_command: org.gradle.launcher.daemon.bootstrap.GradleDaemon 7.5
java_class_path (initial): C:\Users\raque\.gradle\wrapper\dists\gradle-7.5-bin\f1w0cc9nuo0eivz97x2xlu9sv\gradle-7.5\lib\gradle-launcher-7.5.jar
Launcher Type: SUN_STANDARD

[Global flags]
     intx CICompilerCount                          = 12                                        {product} {ergonomic}
     uint ConcGCThreads                            = 3                                         {product} {ergonomic}
     uint G1ConcRefinementThreads                  = 13                                        {product} {ergonomic}
   size_t G1HeapRegionSize                         = 1048576                                   {product} {ergonomic}
    uintx GCDrainStackTargetSize                   = 64                                        {product} {ergonomic}
   size_t InitialHeapSize                          = 257949696                                 {product} {ergonomic}
   size_t MarkStackSize                            = 4194304                                   {product} {ergonomic}
   size_t MaxHeapSize                              = 2147483648                                {product} {command line}
   size_t MaxNewSize                               = 1287651328                                {product} {ergonomic}
   size_t MinHeapDeltaBytes                        = 1048576                                   {product} {ergonomic}
    uintx NonNMethodCodeHeapSize                   = 7594288                                {pd product} {ergonomic}
    uintx NonProfiledCodeHeapSize                  = 122031976                              {pd product} {ergonomic}
    uintx ProfiledCodeHeapSize                     = 122031976                              {pd product} {ergonomic}
    uintx ReservedCodeCacheSize                    = 251658240                              {pd product} {ergonomic}
     bool SegmentedCodeCache                       = true                                      {product} {ergonomic}
     bool UseCompressedClassPointers               = true                                 {lp64_product} {ergonomic}
     bool UseCompressedOops                        = true                                 {lp64_product} {ergonomic}
     bool UseG1GC                                  = true                                      {product} {ergonomic}
     bool UseLargePagesIndividualAllocation        = false                                  {pd product} {ergonomic}

Logging:
Log output configuration:
 #0: stdout all=warning uptime,level,tags
 #1: stderr all=off uptime,level,tags

Environment Variables:
PATH=C:\Program Files\Common Files\Oracle\Java\javapath;C:\Program Files (x86)\Common Files\Oracle\Java\javapath;C:\windows\system32;C:\windows;C:\windows\System32\Wbem;C:\windows\System32\WindowsPowerShell\v1.0\;C:\windows\System32\OpenSSH\;C:\Program Files (x86)\NVIDIA Corporation\PhysX\Common;C:\Program Files\NVIDIA Corporation\NVIDIA NvDLISR;C:\Program Files\Git\cmd;C:\Users\raque\AppData\Local\Pub\Cache\bin;C:\Program Files\Android\Android Studio\bin;;C:\WINDOWS\system32;C:\WINDOWS;C:\WINDOWS\System32\Wbem;C:\WINDOWS\System32\WindowsPowerShell\v1.0\;C:\WINDOWS\System32\OpenSSH\;C:\Program Files\nodejs\;C:\Program Files\MySQL\MySQL Shell 8.0\bin\;C:\Users\raque\AppData\Local\Microsoft\WindowsApps;C:\Program Files\JetBrains\IntelliJ IDEA Community Edition 2021.3.1\bin;;C:\Users\raque\Documents\flutter_windows_2.10.4-stable\flutter\bin;'C:\Users\raque\AppData\Local\Packages\PythonSoftwareFoundation.Python.3.10_qbz5n2kfra8p0\LocalCache\local-packages\Python310\Scripts;C:\Users\raque\AppData\Local\Programs\Microsoft VS Code\bin;C:\Users\raque\AppData\Roaming\npm
USERNAME=raque
OS=Windows_NT
PROCESSOR_IDENTIFIER=AMD64 Family 25 Model 80 Stepping 0, AuthenticAMD



---------------  S Y S T E M  ---------------

OS: Windows 11 , 64 bit Build 22621 (10.0.22621.1344)
OS uptime: 19 days 1:22 hours
Hyper-V role detected

CPU:total 16 (initial active 16) (16 cores per cpu, 2 threads per core) family 25 model 80 stepping 0 microcode 0x0, cmov, cx8, fxsr, mmx, sse, sse2, sse3, ssse3, sse4.1, sse4.2, popcnt, avx, avx2, aes, clmul, erms, mmxext, 3dnowpref, lzcnt, sse4a, ht, tsc, tscinvbit, tscinv, bmi1, bmi2, adx, sha, fma

Memory: 4k page, system-wide physical 15716M (211M free)
TotalPageFile size 64868M (AvailPageFile size 4M)
current process WorkingSet (physical memory assigned to process): 302M, peak: 302M
current process commit charge ("private bytes"): 449M, peak: 451M

vm_info: OpenJDK 64-Bit Server VM (11.0.15+0-b2043.56-9505619) for windows-amd64 JRE (11.0.15+0-b2043.56-9505619), built on Jan 19 2023 02:48:00 by "builduser" with unknown MS VC++:1929

END.
