#
# There is insufficient memory for the Java Runtime Environment to continue.
# Native memory allocation (malloc) failed to allocate 694736 bytes for Chunk::new
# Possible reasons:
#   The system is out of physical RAM or swap space
#   The process is running with CompressedOops enabled, and the Java Heap may be blocking the growth of the native heap
# Possible solutions:
#   Reduce memory load on the system
#   Increase physical memory or swap space
#   Check if swap backing store is full
#   Decrease Java heap size (-Xmx/-Xms)
#   Decrease number of Java threads
#   Decrease Java thread stack sizes (-Xss)
#   Set larger code cache with -XX:ReservedCodeCacheSize=
#   JVM is running with Unscaled Compressed Oops mode in which the Java heap is
#     placed in the first 4GB address space. The Java Heap base address is the
#     maximum limit for the native heap growth. Please use -XX:HeapBaseMinAddress
#     to set the Java Heap base and to place the Java Heap above 4GB virtual address.
# This output file may be truncated or incomplete.
#
#  Out of Memory Error (src/hotspot/share/memory/arena.cpp:197), pid=9204, tid=16432
#
# JRE version: OpenJDK Runtime Environment (11.0.15) (build 11.0.15+0-b2043.56-9505619)
# Java VM: OpenJDK 64-Bit Server VM (11.0.15+0-b2043.56-9505619, mixed mode, tiered, compressed oops, g1 gc, windows-amd64)
# No core dump will be written. Minidumps are not enabled by default on client versions of Windows
#

---------------  S U M M A R Y ------------

Command Line: --add-opens=java.base/java.util=ALL-UNNAMED --add-opens=java.base/java.lang=ALL-UNNAMED --add-opens=java.base/java.lang.invoke=ALL-UNNAMED --add-opens=java.base/java.util=ALL-UNNAMED --add-opens=java.prefs/java.util.prefs=ALL-UNNAMED --add-opens=java.prefs/java.util.prefs=ALL-UNNAMED --add-opens=java.base/java.nio.charset=ALL-UNNAMED --add-opens=java.base/java.net=ALL-UNNAMED --add-opens=java.base/java.util.concurrent.atomic=ALL-UNNAMED -Xmx2048m -Dfile.encoding=UTF-8 -Duser.country=US -Duser.language=en -Duser.variant org.gradle.launcher.daemon.bootstrap.GradleDaemon 7.5

Host: AMD Ryzen 7 5800H with Radeon Graphics         , 16 cores, 15G,  Windows 11 , 64 bit Build 22621 (10.0.22621.1344)
Time: Fri Apr 21 11:20:55 2023 Romance Daylight Time elapsed time: 4.104849 seconds (0d 0h 0m 4s)

---------------  T H R E A D  ---------------

Current thread (0x0000017ae2a6f800):  JavaThread "C2 CompilerThread0" daemon [_thread_in_native, id=16432, stack(0x00000011a4f00000,0x00000011a5000000)]


Current CompileTask:
C2:   4104 2856   !   4       java.net.URL::<init> (543 bytes)

Stack: [0x00000011a4f00000,0x00000011a5000000]
Native frames: (J=compiled Java code, j=interpreted, Vv=VM code, C=native code)
V  [jvm.dll+0x64135a]
V  [jvm.dll+0x7d39f9]
V  [jvm.dll+0x7d51b9]
V  [jvm.dll+0x7d58a3]
V  [jvm.dll+0x2691c5]
V  [jvm.dll+0xc1a5c]
V  [jvm.dll+0xc200c]
V  [jvm.dll+0x2da2c2]
V  [jvm.dll+0x54cad9]
V  [jvm.dll+0x22a011]
V  [jvm.dll+0x223809]
V  [jvm.dll+0x220384]
V  [jvm.dll+0x19e851]
V  [jvm.dll+0x230479]
V  [jvm.dll+0x22e5ef]
V  [jvm.dll+0x794de1]
V  [jvm.dll+0x78dc24]
V  [jvm.dll+0x6400f6]
C  [ucrtbase.dll+0x29363]
C  [KERNEL32.DLL+0x126bd]
C  [ntdll.dll+0x5a9f8]


---------------  P R O C E S S  ---------------

Threads class SMR info:
_java_thread_list=0x0000017ae6f1ced0, length=35, elements={
0x0000017ac7244000, 0x0000017ae2a0e800, 0x0000017ae2a19000, 0x0000017ae2a6b800,
0x0000017ae2a6c800, 0x0000017ae2a6e800, 0x0000017ae2a6f800, 0x0000017ae2a7d000,
0x0000017ae2a82000, 0x0000017ae21a4800, 0x0000017ae2bfc000, 0x0000017ae4429000,
0x0000017ae3bf1800, 0x0000017ae4d99000, 0x0000017ae463c800, 0x0000017ae463d800,
0x0000017ae3d9d000, 0x0000017ae50d4800, 0x0000017ae51b3800, 0x0000017ae5074000,
0x0000017ae511a800, 0x0000017ae5101800, 0x0000017ae5104000, 0x0000017ae5103000,
0x0000017ae5106800, 0x0000017ae5105000, 0x0000017ae5108000, 0x0000017ae5105800,
0x0000017ae5107000, 0x0000017ae5102800, 0x0000017ae557c000, 0x0000017ae557a800,
0x0000017ae5576800, 0x0000017ae557b800, 0x0000017ae6f36800
}

Java Threads: ( => current thread )
  0x0000017ac7244000 JavaThread "main" [_thread_blocked, id=16676, stack(0x00000011a4300000,0x00000011a4400000)]
  0x0000017ae2a0e800 JavaThread "Reference Handler" daemon [_thread_blocked, id=23444, stack(0x00000011a4a00000,0x00000011a4b00000)]
  0x0000017ae2a19000 JavaThread "Finalizer" daemon [_thread_blocked, id=14696, stack(0x00000011a4b00000,0x00000011a4c00000)]
  0x0000017ae2a6b800 JavaThread "Signal Dispatcher" daemon [_thread_blocked, id=6348, stack(0x00000011a4c00000,0x00000011a4d00000)]
  0x0000017ae2a6c800 JavaThread "Attach Listener" daemon [_thread_blocked, id=26152, stack(0x00000011a4d00000,0x00000011a4e00000)]
  0x0000017ae2a6e800 JavaThread "Service Thread" daemon [_thread_blocked, id=23944, stack(0x00000011a4e00000,0x00000011a4f00000)]
=>0x0000017ae2a6f800 JavaThread "C2 CompilerThread0" daemon [_thread_in_native, id=16432, stack(0x00000011a4f00000,0x00000011a5000000)]
  0x0000017ae2a7d000 JavaThread "C1 CompilerThread0" daemon [_thread_blocked, id=6180, stack(0x00000011a5000000,0x00000011a5100000)]
  0x0000017ae2a82000 JavaThread "Sweeper thread" daemon [_thread_blocked, id=22372, stack(0x00000011a5100000,0x00000011a5200000)]
  0x0000017ae21a4800 JavaThread "C1 CompilerThread1" daemon [_thread_blocked, id=26872, stack(0x00000011a5200000,0x00000011a5300000)]
  0x0000017ae2bfc000 JavaThread "Common-Cleaner" daemon [_thread_blocked, id=25972, stack(0x00000011a5300000,0x00000011a5400000)]
  0x0000017ae4429000 JavaThread "Daemon health stats" [_thread_blocked, id=20076, stack(0x00000011a5900000,0x00000011a5a00000)]
  0x0000017ae3bf1800 JavaThread "Incoming local TCP Connector on port 50159" [_thread_in_native, id=19580, stack(0x00000011a5a00000,0x00000011a5b00000)]
  0x0000017ae4d99000 JavaThread "Daemon periodic checks" [_thread_blocked, id=30460, stack(0x00000011a5b00000,0x00000011a5c00000)]
  0x0000017ae463c800 JavaThread "Daemon" [_thread_blocked, id=26840, stack(0x00000011a5c00000,0x00000011a5d00000)]
  0x0000017ae463d800 JavaThread "Handler for socket connection from /127.0.0.1:50159 to /127.0.0.1:50160" [_thread_in_native, id=28012, stack(0x00000011a5d00000,0x00000011a5e00000)]
  0x0000017ae3d9d000 JavaThread "Cancel handler" [_thread_blocked, id=11080, stack(0x00000011a5e00000,0x00000011a5f00000)]
  0x0000017ae50d4800 JavaThread "Daemon worker" [_thread_in_vm, id=21632, stack(0x00000011a5f00000,0x00000011a6000000)]
  0x0000017ae51b3800 JavaThread "Asynchronous log dispatcher for DefaultDaemonConnection: socket connection from /127.0.0.1:50159 to /127.0.0.1:50160" [_thread_blocked, id=23388, stack(0x00000011a6000000,0x00000011a6100000)]
  0x0000017ae5074000 JavaThread "Stdin handler" [_thread_blocked, id=24168, stack(0x00000011a6100000,0x00000011a6200000)]
  0x0000017ae511a800 JavaThread "Daemon client event forwarder" [_thread_blocked, id=16176, stack(0x00000011a6200000,0x00000011a6300000)]
  0x0000017ae5101800 JavaThread "Cache worker for journal cache (C:\Users\raque\.gradle\caches\journal-1)" [_thread_blocked, id=25048, stack(0x00000011a6300000,0x00000011a6400000)]
  0x0000017ae5104000 JavaThread "File lock request listener" [_thread_in_native, id=25876, stack(0x00000011a6400000,0x00000011a6500000)]
  0x0000017ae5103000 JavaThread "Cache worker for file hash cache (C:\Users\raque\.gradle\caches\7.5\fileHashes)" [_thread_blocked, id=11296, stack(0x00000011a6f00000,0x00000011a7000000)]
  0x0000017ae5106800 JavaThread "File watcher server" daemon [_thread_in_native, id=16652, stack(0x00000011a7000000,0x00000011a7100000)]
  0x0000017ae5105000 JavaThread "File watcher consumer" daemon [_thread_blocked, id=25616, stack(0x00000011a7100000,0x00000011a7200000)]
  0x0000017ae5108000 JavaThread "Cache worker for checksums cache (C:\Users\raque\Desktop\Laboratorios_android\AlephDef\AlephTea_Activities\.gradle\7.5\checksums)" [_thread_blocked, id=7856, stack(0x00000011a7200000,0x00000011a7300000)]
  0x0000017ae5105800 JavaThread "Cache worker for cache directory md-rule (C:\Users\raque\.gradle\caches\7.5\md-rule)" [_thread_blocked, id=19672, stack(0x00000011a7300000,0x00000011a7400000)]
  0x0000017ae5107000 JavaThread "Cache worker for file content cache (C:\Users\raque\.gradle\caches\7.5\fileContent)" [_thread_blocked, id=24112, stack(0x00000011a7400000,0x00000011a7500000)]
  0x0000017ae5102800 JavaThread "Cache worker for file hash cache (C:\Users\raque\Desktop\Laboratorios_android\AlephDef\AlephTea_Activities\.gradle\7.5\fileHashes)" [_thread_blocked, id=25632, stack(0x00000011a7500000,0x00000011a7600000)]
  0x0000017ae557c000 JavaThread "Cache worker for cache directory md-supplier (C:\Users\raque\.gradle\caches\7.5\md-supplier)" [_thread_blocked, id=9316, stack(0x00000011a7600000,0x00000011a7700000)]
  0x0000017ae557a800 JavaThread "Cache worker for execution history cache (C:\Users\raque\.gradle\caches\7.5\executionHistory)" [_thread_blocked, id=4896, stack(0x00000011a7700000,0x00000011a7800000)]
  0x0000017ae5576800 JavaThread "jar transforms" [_thread_blocked, id=24256, stack(0x00000011a7800000,0x00000011a7900000)]
  0x0000017ae557b800 JavaThread "jar transforms Thread 2" [_thread_blocked, id=30540, stack(0x00000011a7900000,0x00000011a7a00000)]
  0x0000017ae6f36800 JavaThread "C1 CompilerThread2" daemon [_thread_blocked, id=26936, stack(0x00000011a7a00000,0x00000011a7b00000)]

Other Threads:
  0x0000017ae2a09000 VMThread "VM Thread" [stack: 0x00000011a4900000,0x00000011a4a00000] [id=25004]
  0x0000017ae2c25000 WatcherThread [stack: 0x00000011a5400000,0x00000011a5500000] [id=9656]
  0x0000017ac725e000 GCTaskThread "GC Thread#0" [stack: 0x00000011a4400000,0x00000011a4500000] [id=23180]
  0x0000017ae3903000 GCTaskThread "GC Thread#1" [stack: 0x00000011a5500000,0x00000011a5600000] [id=4132]
  0x0000017ae3822800 GCTaskThread "GC Thread#2" [stack: 0x00000011a5600000,0x00000011a5700000] [id=22144]
  0x0000017ae38e7800 GCTaskThread "GC Thread#3" [stack: 0x00000011a5700000,0x00000011a5800000] [id=10184]
  0x0000017ae32a2000 GCTaskThread "GC Thread#4" [stack: 0x00000011a5800000,0x00000011a5900000] [id=16684]
  0x0000017ae4f98800 GCTaskThread "GC Thread#5" [stack: 0x00000011a6500000,0x00000011a6600000] [id=10704]
  0x0000017ae5008800 GCTaskThread "GC Thread#6" [stack: 0x00000011a6600000,0x00000011a6700000] [id=18992]
  0x0000017ae4fdd800 GCTaskThread "GC Thread#7" [stack: 0x00000011a6700000,0x00000011a6800000] [id=9804]
  0x0000017ae4fde000 GCTaskThread "GC Thread#8" [stack: 0x00000011a6800000,0x00000011a6900000] [id=26336]
  0x0000017ae4fed000 GCTaskThread "GC Thread#9" [stack: 0x00000011a6900000,0x00000011a6a00000] [id=22664]
  0x0000017ae51e7800 GCTaskThread "GC Thread#10" [stack: 0x00000011a6a00000,0x00000011a6b00000] [id=10700]
  0x0000017ae51e9000 GCTaskThread "GC Thread#11" [stack: 0x00000011a6b00000,0x00000011a6c00000] [id=18688]
  0x0000017ae51ea800 GCTaskThread "GC Thread#12" [stack: 0x00000011a6c00000,0x00000011a6d00000] [id=23996]
  0x0000017ac7292800 ConcurrentGCThread "G1 Main Marker" [stack: 0x00000011a4500000,0x00000011a4600000] [id=23392]
  0x0000017ac7293800 ConcurrentGCThread "G1 Conc#0" [stack: 0x00000011a4600000,0x00000011a4700000] [id=29380]
  0x0000017ae3b3a000 ConcurrentGCThread "G1 Conc#1" [stack: 0x00000011a6d00000,0x00000011a6e00000] [id=7276]
  0x0000017ae4f97800 ConcurrentGCThread "G1 Conc#2" [stack: 0x00000011a6e00000,0x00000011a6f00000] [id=29176]
  0x0000017ae2059000 ConcurrentGCThread "G1 Refine#0" [stack: 0x00000011a4700000,0x00000011a4800000] [id=20756]
  0x0000017ae205a000 ConcurrentGCThread "G1 Young RemSet Sampling" [stack: 0x00000011a4800000,0x00000011a4900000] [id=10936]

Threads with active compile tasks:
C2 CompilerThread0     4129 2856   !   4       java.net.URL::<init> (543 bytes)

VM state:not at safepoint (normal execution)

VM Mutex/Monitor currently owned by a thread:  ([mutex/lock_event])
[0x0000017ac7240210] SymbolTable_lock - owner thread: 0x0000000000000000

Heap address: 0x0000000080000000, size: 2048 MB, Compressed Oops mode: 32-bit
Narrow klass base: 0x0000000000000000, Narrow klass shift: 3
Compressed class space size: 1073741824 Address: 0x0000000100000000

Heap:
 garbage-first heap   total 251904K, used 26048K [0x0000000080000000, 0x0000000100000000)
  region size 1024K, 11 young (11264K), 6 survivors (6144K)
 Metaspace       used 36695K, capacity 37556K, committed 37808K, reserved 1081344K
  class space    used 4752K, capacity 5089K, committed 5120K, reserved 1048576K
Heap Regions: E=young(eden), S=young(survivor), O=old, HS=humongous(starts), HC=humongous(continues), CS=collection set, F=free, A=archive, TAMS=top-at-mark-start (previous, next)
|   0|0x0000000080000000, 0x0000000080100000, 0x0000000080100000|100%| O|  |TAMS 0x0000000080100000, 0x0000000080000000| Untracked 
|   1|0x0000000080100000, 0x0000000080200000, 0x0000000080200000|100%| O|  |TAMS 0x0000000080200000, 0x0000000080100000| Untracked 
|   2|0x0000000080200000, 0x0000000080300000, 0x0000000080300000|100%| O|  |TAMS 0x0000000080300000, 0x0000000080200000| Untracked 
|   3|0x0000000080300000, 0x0000000080400000, 0x0000000080400000|100%|HS|  |TAMS 0x0000000080400000, 0x0000000080300000| Complete 
|   4|0x0000000080400000, 0x0000000080500000, 0x0000000080500000|100%|HC|  |TAMS 0x0000000080500000, 0x0000000080400000| Complete 
|   5|0x0000000080500000, 0x0000000080600000, 0x0000000080600000|100%|HC|  |TAMS 0x0000000080600000, 0x0000000080500000| Complete 
|   6|0x0000000080600000, 0x0000000080700000, 0x0000000080700000|100%| O|  |TAMS 0x0000000080700000, 0x0000000080600000| Untracked 
|   7|0x0000000080700000, 0x0000000080800000, 0x0000000080800000|100%| O|  |TAMS 0x0000000080800000, 0x0000000080700000| Untracked 
|   8|0x0000000080800000, 0x0000000080900000, 0x0000000080900000|100%| O|  |TAMS 0x0000000080900000, 0x0000000080800000| Untracked 
|   9|0x0000000080900000, 0x0000000080a00000, 0x0000000080a00000|100%| O|  |TAMS 0x0000000080a00000, 0x0000000080900000| Untracked 
|  10|0x0000000080a00000, 0x0000000080b00000, 0x0000000080b00000|100%| O|  |TAMS 0x0000000080b00000, 0x0000000080a00000| Untracked 
|  11|0x0000000080b00000, 0x0000000080c00000, 0x0000000080c00000|100%| O|  |TAMS 0x0000000080c00000, 0x0000000080b00000| Untracked 
|  12|0x0000000080c00000, 0x0000000080d00000, 0x0000000080d00000|100%| O|  |TAMS 0x0000000080d00000, 0x0000000080c00000| Untracked 
|  13|0x0000000080d00000, 0x0000000080e00000, 0x0000000080e00000|100%| O|  |TAMS 0x0000000080e00000, 0x0000000080d00000| Untracked 
|  14|0x0000000080e00000, 0x0000000080f00000, 0x0000000080f00000|100%| O|  |TAMS 0x0000000080f00000, 0x0000000080e00000| Untracked 
|  15|0x0000000080f00000, 0x0000000081000000, 0x0000000081000000|100%| O|  |TAMS 0x0000000081000000, 0x0000000080f00000| Untracked 
|  16|0x0000000081000000, 0x000000008100b800, 0x0000000081100000|  4%| O|  |TAMS 0x000000008100b800, 0x0000000081000000| Untracked 
|  17|0x0000000081100000, 0x0000000081100000, 0x0000000081200000|  0%| F|  |TAMS 0x0000000081100000, 0x0000000081100000| Untracked 
|  18|0x0000000081200000, 0x0000000081200000, 0x0000000081300000|  0%| F|  |TAMS 0x0000000081200000, 0x0000000081200000| Untracked 
|  19|0x0000000081300000, 0x0000000081300000, 0x0000000081400000|  0%| F|  |TAMS 0x0000000081300000, 0x0000000081300000| Untracked 
|  20|0x0000000081400000, 0x0000000081400000, 0x0000000081500000|  0%| F|  |TAMS 0x0000000081400000, 0x0000000081400000| Untracked 
|  21|0x0000000081500000, 0x0000000081500000, 0x0000000081600000|  0%| F|  |TAMS 0x0000000081500000, 0x0000000081500000| Untracked 
|  22|0x0000000081600000, 0x0000000081600000, 0x0000000081700000|  0%| F|  |TAMS 0x0000000081600000, 0x0000000081600000| Untracked 
|  23|0x0000000081700000, 0x0000000081700000, 0x0000000081800000|  0%| F|  |TAMS 0x0000000081700000, 0x0000000081700000| Untracked 
|  24|0x0000000081800000, 0x0000000081800000, 0x0000000081900000|  0%| F|  |TAMS 0x0000000081800000, 0x0000000081800000| Untracked 
|  25|0x0000000081900000, 0x0000000081900000, 0x0000000081a00000|  0%| F|  |TAMS 0x0000000081900000, 0x0000000081900000| Untracked 
|  26|0x0000000081a00000, 0x0000000081a00000, 0x0000000081b00000|  0%| F|  |TAMS 0x0000000081a00000, 0x0000000081a00000| Untracked 
|  27|0x0000000081b00000, 0x0000000081b00000, 0x0000000081c00000|  0%| F|  |TAMS 0x0000000081b00000, 0x0000000081b00000| Untracked 
|  28|0x0000000081c00000, 0x0000000081c00000, 0x0000000081d00000|  0%| F|  |TAMS 0x0000000081c00000, 0x0000000081c00000| Untracked 
|  29|0x0000000081d00000, 0x0000000081d00000, 0x0000000081e00000|  0%| F|  |TAMS 0x0000000081d00000, 0x0000000081d00000| Untracked 
|  30|0x0000000081e00000, 0x0000000081e00000, 0x0000000081f00000|  0%| F|  |TAMS 0x0000000081e00000, 0x0000000081e00000| Untracked 
|  31|0x0000000081f00000, 0x0000000081f00000, 0x0000000082000000|  0%| F|  |TAMS 0x0000000081f00000, 0x0000000081f00000| Untracked 
|  32|0x0000000082000000, 0x0000000082000000, 0x0000000082100000|  0%| F|  |TAMS 0x0000000082000000, 0x0000000082000000| Untracked 
|  33|0x0000000082100000, 0x0000000082100000, 0x0000000082200000|  0%| F|  |TAMS 0x0000000082100000, 0x0000000082100000| Untracked 
|  34|0x0000000082200000, 0x0000000082200000, 0x0000000082300000|  0%| F|  |TAMS 0x0000000082200000, 0x0000000082200000| Untracked 
|  35|0x0000000082300000, 0x0000000082300000, 0x0000000082400000|  0%| F|  |TAMS 0x0000000082300000, 0x0000000082300000| Untracked 
|  36|0x0000000082400000, 0x0000000082400000, 0x0000000082500000|  0%| F|  |TAMS 0x0000000082400000, 0x0000000082400000| Untracked 
|  37|0x0000000082500000, 0x0000000082500000, 0x0000000082600000|  0%| F|  |TAMS 0x0000000082500000, 0x0000000082500000| Untracked 
|  38|0x0000000082600000, 0x0000000082600000, 0x0000000082700000|  0%| F|  |TAMS 0x0000000082600000, 0x0000000082600000| Untracked 
|  39|0x0000000082700000, 0x0000000082700000, 0x0000000082800000|  0%| F|  |TAMS 0x0000000082700000, 0x0000000082700000| Untracked 
|  40|0x0000000082800000, 0x0000000082800000, 0x0000000082900000|  0%| F|  |TAMS 0x0000000082800000, 0x0000000082800000| Untracked 
|  41|0x0000000082900000, 0x0000000082900000, 0x0000000082a00000|  0%| F|  |TAMS 0x0000000082900000, 0x0000000082900000| Untracked 
|  42|0x0000000082a00000, 0x0000000082a00000, 0x0000000082b00000|  0%| F|  |TAMS 0x0000000082a00000, 0x0000000082a00000| Untracked 
|  43|0x0000000082b00000, 0x0000000082b00000, 0x0000000082c00000|  0%| F|  |TAMS 0x0000000082b00000, 0x0000000082b00000| Untracked 
|  44|0x0000000082c00000, 0x0000000082c00000, 0x0000000082d00000|  0%| F|  |TAMS 0x0000000082c00000, 0x0000000082c00000| Untracked 
|  45|0x0000000082d00000, 0x0000000082d00000, 0x0000000082e00000|  0%| F|  |TAMS 0x0000000082d00000, 0x0000000082d00000| Untracked 
|  46|0x0000000082e00000, 0x0000000082e00000, 0x0000000082f00000|  0%| F|  |TAMS 0x0000000082e00000, 0x0000000082e00000| Untracked 
|  47|0x0000000082f00000, 0x0000000082f00000, 0x0000000083000000|  0%| F|  |TAMS 0x0000000082f00000, 0x0000000082f00000| Untracked 
|  48|0x0000000083000000, 0x0000000083000000, 0x0000000083100000|  0%| F|  |TAMS 0x0000000083000000, 0x0000000083000000| Untracked 
|  49|0x0000000083100000, 0x0000000083100000, 0x0000000083200000|  0%| F|  |TAMS 0x0000000083100000, 0x0000000083100000| Untracked 
|  50|0x0000000083200000, 0x0000000083200000, 0x0000000083300000|  0%| F|  |TAMS 0x0000000083200000, 0x0000000083200000| Untracked 
|  51|0x0000000083300000, 0x0000000083300000, 0x0000000083400000|  0%| F|  |TAMS 0x0000000083300000, 0x0000000083300000| Untracked 
|  52|0x0000000083400000, 0x0000000083400000, 0x0000000083500000|  0%| F|  |TAMS 0x0000000083400000, 0x0000000083400000| Untracked 
|  53|0x0000000083500000, 0x0000000083500000, 0x0000000083600000|  0%| F|  |TAMS 0x0000000083500000, 0x0000000083500000| Untracked 
|  54|0x0000000083600000, 0x0000000083600000, 0x0000000083700000|  0%| F|  |TAMS 0x0000000083600000, 0x0000000083600000| Untracked 
|  55|0x0000000083700000, 0x0000000083700000, 0x0000000083800000|  0%| F|  |TAMS 0x0000000083700000, 0x0000000083700000| Untracked 
|  56|0x0000000083800000, 0x0000000083800000, 0x0000000083900000|  0%| F|  |TAMS 0x0000000083800000, 0x0000000083800000| Untracked 
|  57|0x0000000083900000, 0x0000000083900000, 0x0000000083a00000|  0%| F|  |TAMS 0x0000000083900000, 0x0000000083900000| Untracked 
|  58|0x0000000083a00000, 0x0000000083a00000, 0x0000000083b00000|  0%| F|  |TAMS 0x0000000083a00000, 0x0000000083a00000| Untracked 
|  59|0x0000000083b00000, 0x0000000083b00000, 0x0000000083c00000|  0%| F|  |TAMS 0x0000000083b00000, 0x0000000083b00000| Untracked 
|  60|0x0000000083c00000, 0x0000000083c00000, 0x0000000083d00000|  0%| F|  |TAMS 0x0000000083c00000, 0x0000000083c00000| Untracked 
|  61|0x0000000083d00000, 0x0000000083d00000, 0x0000000083e00000|  0%| F|  |TAMS 0x0000000083d00000, 0x0000000083d00000| Untracked 
|  62|0x0000000083e00000, 0x0000000083e00000, 0x0000000083f00000|  0%| F|  |TAMS 0x0000000083e00000, 0x0000000083e00000| Untracked 
|  63|0x0000000083f00000, 0x0000000083f00000, 0x0000000084000000|  0%| F|  |TAMS 0x0000000083f00000, 0x0000000083f00000| Untracked 
|  64|0x0000000084000000, 0x0000000084000000, 0x0000000084100000|  0%| F|  |TAMS 0x0000000084000000, 0x0000000084000000| Untracked 
|  65|0x0000000084100000, 0x0000000084100000, 0x0000000084200000|  0%| F|  |TAMS 0x0000000084100000, 0x0000000084100000| Untracked 
|  66|0x0000000084200000, 0x0000000084200000, 0x0000000084300000|  0%| F|  |TAMS 0x0000000084200000, 0x0000000084200000| Untracked 
|  67|0x0000000084300000, 0x0000000084300000, 0x0000000084400000|  0%| F|  |TAMS 0x0000000084300000, 0x0000000084300000| Untracked 
|  68|0x0000000084400000, 0x0000000084400000, 0x0000000084500000|  0%| F|  |TAMS 0x0000000084400000, 0x0000000084400000| Untracked 
|  69|0x0000000084500000, 0x0000000084500000, 0x0000000084600000|  0%| F|  |TAMS 0x0000000084500000, 0x0000000084500000| Untracked 
|  70|0x0000000084600000, 0x0000000084600000, 0x0000000084700000|  0%| F|  |TAMS 0x0000000084600000, 0x0000000084600000| Untracked 
|  71|0x0000000084700000, 0x0000000084700000, 0x0000000084800000|  0%| F|  |TAMS 0x0000000084700000, 0x0000000084700000| Untracked 
|  72|0x0000000084800000, 0x0000000084800000, 0x0000000084900000|  0%| F|  |TAMS 0x0000000084800000, 0x0000000084800000| Untracked 
|  73|0x0000000084900000, 0x0000000084900000, 0x0000000084a00000|  0%| F|  |TAMS 0x0000000084900000, 0x0000000084900000| Untracked 
|  74|0x0000000084a00000, 0x0000000084a00000, 0x0000000084b00000|  0%| F|  |TAMS 0x0000000084a00000, 0x0000000084a00000| Untracked 
|  75|0x0000000084b00000, 0x0000000084b00000, 0x0000000084c00000|  0%| F|  |TAMS 0x0000000084b00000, 0x0000000084b00000| Untracked 
|  76|0x0000000084c00000, 0x0000000084c00000, 0x0000000084d00000|  0%| F|  |TAMS 0x0000000084c00000, 0x0000000084c00000| Untracked 
|  77|0x0000000084d00000, 0x0000000084d00000, 0x0000000084e00000|  0%| F|  |TAMS 0x0000000084d00000, 0x0000000084d00000| Untracked 
|  78|0x0000000084e00000, 0x0000000084e00000, 0x0000000084f00000|  0%| F|  |TAMS 0x0000000084e00000, 0x0000000084e00000| Untracked 
|  79|0x0000000084f00000, 0x0000000084f00000, 0x0000000085000000|  0%| F|  |TAMS 0x0000000084f00000, 0x0000000084f00000| Untracked 
|  80|0x0000000085000000, 0x0000000085000000, 0x0000000085100000|  0%| F|  |TAMS 0x0000000085000000, 0x0000000085000000| Untracked 
|  81|0x0000000085100000, 0x0000000085100000, 0x0000000085200000|  0%| F|  |TAMS 0x0000000085100000, 0x0000000085100000| Untracked 
|  82|0x0000000085200000, 0x0000000085200000, 0x0000000085300000|  0%| F|  |TAMS 0x0000000085200000, 0x0000000085200000| Untracked 
|  83|0x0000000085300000, 0x0000000085300000, 0x0000000085400000|  0%| F|  |TAMS 0x0000000085300000, 0x0000000085300000| Untracked 
|  84|0x0000000085400000, 0x0000000085400000, 0x0000000085500000|  0%| F|  |TAMS 0x0000000085400000, 0x0000000085400000| Untracked 
|  85|0x0000000085500000, 0x0000000085500000, 0x0000000085600000|  0%| F|  |TAMS 0x0000000085500000, 0x0000000085500000| Untracked 
|  86|0x0000000085600000, 0x0000000085600000, 0x0000000085700000|  0%| F|  |TAMS 0x0000000085600000, 0x0000000085600000| Untracked 
|  87|0x0000000085700000, 0x0000000085700000, 0x0000000085800000|  0%| F|  |TAMS 0x0000000085700000, 0x0000000085700000| Untracked 
|  88|0x0000000085800000, 0x0000000085800000, 0x0000000085900000|  0%| F|  |TAMS 0x0000000085800000, 0x0000000085800000| Untracked 
|  89|0x0000000085900000, 0x0000000085900000, 0x0000000085a00000|  0%| F|  |TAMS 0x0000000085900000, 0x0000000085900000| Untracked 
|  90|0x0000000085a00000, 0x0000000085a00000, 0x0000000085b00000|  0%| F|  |TAMS 0x0000000085a00000, 0x0000000085a00000| Untracked 
|  91|0x0000000085b00000, 0x0000000085b00000, 0x0000000085c00000|  0%| F|  |TAMS 0x0000000085b00000, 0x0000000085b00000| Untracked 
|  92|0x0000000085c00000, 0x0000000085c00000, 0x0000000085d00000|  0%| F|  |TAMS 0x0000000085c00000, 0x0000000085c00000| Untracked 
|  93|0x0000000085d00000, 0x0000000085d00000, 0x0000000085e00000|  0%| F|  |TAMS 0x0000000085d00000, 0x0000000085d00000| Untracked 
|  94|0x0000000085e00000, 0x0000000085e00000, 0x0000000085f00000|  0%| F|  |TAMS 0x0000000085e00000, 0x0000000085e00000| Untracked 
|  95|0x0000000085f00000, 0x0000000085f00000, 0x0000000086000000|  0%| F|  |TAMS 0x0000000085f00000, 0x0000000085f00000| Untracked 
|  96|0x0000000086000000, 0x0000000086000000, 0x0000000086100000|  0%| F|  |TAMS 0x0000000086000000, 0x0000000086000000| Untracked 
|  97|0x0000000086100000, 0x0000000086100000, 0x0000000086200000|  0%| F|  |TAMS 0x0000000086100000, 0x0000000086100000| Untracked 
|  98|0x0000000086200000, 0x0000000086200000, 0x0000000086300000|  0%| F|  |TAMS 0x0000000086200000, 0x0000000086200000| Untracked 
|  99|0x0000000086300000, 0x0000000086300000, 0x0000000086400000|  0%| F|  |TAMS 0x0000000086300000, 0x0000000086300000| Untracked 
| 100|0x0000000086400000, 0x0000000086400000, 0x0000000086500000|  0%| F|  |TAMS 0x0000000086400000, 0x0000000086400000| Untracked 
| 101|0x0000000086500000, 0x0000000086500000, 0x0000000086600000|  0%| F|  |TAMS 0x0000000086500000, 0x0000000086500000| Untracked 
| 102|0x0000000086600000, 0x0000000086600000, 0x0000000086700000|  0%| F|  |TAMS 0x0000000086600000, 0x0000000086600000| Untracked 
| 103|0x0000000086700000, 0x0000000086700000, 0x0000000086800000|  0%| F|  |TAMS 0x0000000086700000, 0x0000000086700000| Untracked 
| 104|0x0000000086800000, 0x0000000086800000, 0x0000000086900000|  0%| F|  |TAMS 0x0000000086800000, 0x0000000086800000| Untracked 
| 105|0x0000000086900000, 0x0000000086900000, 0x0000000086a00000|  0%| F|  |TAMS 0x0000000086900000, 0x0000000086900000| Untracked 
| 106|0x0000000086a00000, 0x0000000086a00000, 0x0000000086b00000|  0%| F|  |TAMS 0x0000000086a00000, 0x0000000086a00000| Untracked 
| 107|0x0000000086b00000, 0x0000000086b00000, 0x0000000086c00000|  0%| F|  |TAMS 0x0000000086b00000, 0x0000000086b00000| Untracked 
| 108|0x0000000086c00000, 0x0000000086c00000, 0x0000000086d00000|  0%| F|  |TAMS 0x0000000086c00000, 0x0000000086c00000| Untracked 
| 109|0x0000000086d00000, 0x0000000086d00000, 0x0000000086e00000|  0%| F|  |TAMS 0x0000000086d00000, 0x0000000086d00000| Untracked 
| 110|0x0000000086e00000, 0x0000000086e00000, 0x0000000086f00000|  0%| F|  |TAMS 0x0000000086e00000, 0x0000000086e00000| Untracked 
| 111|0x0000000086f00000, 0x0000000086f00000, 0x0000000087000000|  0%| F|  |TAMS 0x0000000086f00000, 0x0000000086f00000| Untracked 
| 112|0x0000000087000000, 0x0000000087000000, 0x0000000087100000|  0%| F|  |TAMS 0x0000000087000000, 0x0000000087000000| Untracked 
| 113|0x0000000087100000, 0x0000000087100000, 0x0000000087200000|  0%| F|  |TAMS 0x0000000087100000, 0x0000000087100000| Untracked 
| 114|0x0000000087200000, 0x0000000087200000, 0x0000000087300000|  0%| F|  |TAMS 0x0000000087200000, 0x0000000087200000| Untracked 
| 115|0x0000000087300000, 0x0000000087300000, 0x0000000087400000|  0%| F|  |TAMS 0x0000000087300000, 0x0000000087300000| Untracked 
| 116|0x0000000087400000, 0x0000000087400000, 0x0000000087500000|  0%| F|  |TAMS 0x0000000087400000, 0x0000000087400000| Untracked 
| 117|0x0000000087500000, 0x0000000087500000, 0x0000000087600000|  0%| F|  |TAMS 0x0000000087500000, 0x0000000087500000| Untracked 
| 118|0x0000000087600000, 0x0000000087600000, 0x0000000087700000|  0%| F|  |TAMS 0x0000000087600000, 0x0000000087600000| Untracked 
| 119|0x0000000087700000, 0x0000000087700000, 0x0000000087800000|  0%| F|  |TAMS 0x0000000087700000, 0x0000000087700000| Untracked 
| 120|0x0000000087800000, 0x0000000087800000, 0x0000000087900000|  0%| F|  |TAMS 0x0000000087800000, 0x0000000087800000| Untracked 
| 121|0x0000000087900000, 0x0000000087900000, 0x0000000087a00000|  0%| F|  |TAMS 0x0000000087900000, 0x0000000087900000| Untracked 
| 122|0x0000000087a00000, 0x0000000087a00000, 0x0000000087b00000|  0%| F|  |TAMS 0x0000000087a00000, 0x0000000087a00000| Untracked 
| 123|0x0000000087b00000, 0x0000000087b00000, 0x0000000087c00000|  0%| F|  |TAMS 0x0000000087b00000, 0x0000000087b00000| Untracked 
| 124|0x0000000087c00000, 0x0000000087c00000, 0x0000000087d00000|  0%| F|  |TAMS 0x0000000087c00000, 0x0000000087c00000| Untracked 
| 125|0x0000000087d00000, 0x0000000087d00000, 0x0000000087e00000|  0%| F|  |TAMS 0x0000000087d00000, 0x0000000087d00000| Untracked 
| 126|0x0000000087e00000, 0x0000000087e00000, 0x0000000087f00000|  0%| F|  |TAMS 0x0000000087e00000, 0x0000000087e00000| Untracked 
| 127|0x0000000087f00000, 0x0000000087f00000, 0x0000000088000000|  0%| F|  |TAMS 0x0000000087f00000, 0x0000000087f00000| Untracked 
| 128|0x0000000088000000, 0x0000000088000000, 0x0000000088100000|  0%| F|  |TAMS 0x0000000088000000, 0x0000000088000000| Untracked 
| 129|0x0000000088100000, 0x0000000088100000, 0x0000000088200000|  0%| F|  |TAMS 0x0000000088100000, 0x0000000088100000| Untracked 
| 130|0x0000000088200000, 0x0000000088200000, 0x0000000088300000|  0%| F|  |TAMS 0x0000000088200000, 0x0000000088200000| Untracked 
| 131|0x0000000088300000, 0x0000000088300000, 0x0000000088400000|  0%| F|  |TAMS 0x0000000088300000, 0x0000000088300000| Untracked 
| 132|0x0000000088400000, 0x0000000088400000, 0x0000000088500000|  0%| F|  |TAMS 0x0000000088400000, 0x0000000088400000| Untracked 
| 133|0x0000000088500000, 0x0000000088500000, 0x0000000088600000|  0%| F|  |TAMS 0x0000000088500000, 0x0000000088500000| Untracked 
| 134|0x0000000088600000, 0x0000000088600000, 0x0000000088700000|  0%| F|  |TAMS 0x0000000088600000, 0x0000000088600000| Untracked 
| 135|0x0000000088700000, 0x0000000088700000, 0x0000000088800000|  0%| F|  |TAMS 0x0000000088700000, 0x0000000088700000| Untracked 
| 136|0x0000000088800000, 0x0000000088800000, 0x0000000088900000|  0%| F|  |TAMS 0x0000000088800000, 0x0000000088800000| Untracked 
| 137|0x0000000088900000, 0x0000000088900000, 0x0000000088a00000|  0%| F|  |TAMS 0x0000000088900000, 0x0000000088900000| Untracked 
| 138|0x0000000088a00000, 0x0000000088a00000, 0x0000000088b00000|  0%| F|  |TAMS 0x0000000088a00000, 0x0000000088a00000| Untracked 
| 139|0x0000000088b00000, 0x0000000088b00000, 0x0000000088c00000|  0%| F|  |TAMS 0x0000000088b00000, 0x0000000088b00000| Untracked 
| 140|0x0000000088c00000, 0x0000000088c00000, 0x0000000088d00000|  0%| F|  |TAMS 0x0000000088c00000, 0x0000000088c00000| Untracked 
| 141|0x0000000088d00000, 0x0000000088d00000, 0x0000000088e00000|  0%| F|  |TAMS 0x0000000088d00000, 0x0000000088d00000| Untracked 
| 142|0x0000000088e00000, 0x0000000088e00000, 0x0000000088f00000|  0%| F|  |TAMS 0x0000000088e00000, 0x0000000088e00000| Untracked 
| 143|0x0000000088f00000, 0x0000000088f00000, 0x0000000089000000|  0%| F|  |TAMS 0x0000000088f00000, 0x0000000088f00000| Untracked 
| 144|0x0000000089000000, 0x0000000089000000, 0x0000000089100000|  0%| F|  |TAMS 0x0000000089000000, 0x0000000089000000| Untracked 
| 145|0x0000000089100000, 0x0000000089100000, 0x0000000089200000|  0%| F|  |TAMS 0x0000000089100000, 0x0000000089100000| Untracked 
| 146|0x0000000089200000, 0x0000000089200000, 0x0000000089300000|  0%| F|  |TAMS 0x0000000089200000, 0x0000000089200000| Untracked 
| 147|0x0000000089300000, 0x0000000089300000, 0x0000000089400000|  0%| F|  |TAMS 0x0000000089300000, 0x0000000089300000| Untracked 
| 148|0x0000000089400000, 0x0000000089400000, 0x0000000089500000|  0%| F|  |TAMS 0x0000000089400000, 0x0000000089400000| Untracked 
| 149|0x0000000089500000, 0x0000000089500000, 0x0000000089600000|  0%| F|  |TAMS 0x0000000089500000, 0x0000000089500000| Untracked 
| 150|0x0000000089600000, 0x0000000089600000, 0x0000000089700000|  0%| F|  |TAMS 0x0000000089600000, 0x0000000089600000| Untracked 
| 151|0x0000000089700000, 0x0000000089700000, 0x0000000089800000|  0%| F|  |TAMS 0x0000000089700000, 0x0000000089700000| Untracked 
| 152|0x0000000089800000, 0x0000000089800000, 0x0000000089900000|  0%| F|  |TAMS 0x0000000089800000, 0x0000000089800000| Untracked 
| 153|0x0000000089900000, 0x0000000089900000, 0x0000000089a00000|  0%| F|  |TAMS 0x0000000089900000, 0x0000000089900000| Untracked 
| 154|0x0000000089a00000, 0x0000000089a00000, 0x0000000089b00000|  0%| F|  |TAMS 0x0000000089a00000, 0x0000000089a00000| Untracked 
| 155|0x0000000089b00000, 0x0000000089b64858, 0x0000000089c00000| 39%| S|CS|TAMS 0x0000000089b00000, 0x0000000089b00000| Complete 
| 156|0x0000000089c00000, 0x0000000089d00000, 0x0000000089d00000|100%| S|CS|TAMS 0x0000000089c00000, 0x0000000089c00000| Complete 
| 157|0x0000000089d00000, 0x0000000089e00000, 0x0000000089e00000|100%| S|CS|TAMS 0x0000000089d00000, 0x0000000089d00000| Complete 
| 158|0x0000000089e00000, 0x0000000089f00000, 0x0000000089f00000|100%| S|CS|TAMS 0x0000000089e00000, 0x0000000089e00000| Complete 
| 159|0x0000000089f00000, 0x000000008a000000, 0x000000008a000000|100%| S|CS|TAMS 0x0000000089f00000, 0x0000000089f00000| Complete 
| 160|0x000000008a000000, 0x000000008a100000, 0x000000008a100000|100%| S|CS|TAMS 0x000000008a000000, 0x000000008a000000| Complete 
| 161|0x000000008a100000, 0x000000008a100000, 0x000000008a200000|  0%| F|  |TAMS 0x000000008a100000, 0x000000008a100000| Untracked 
| 162|0x000000008a200000, 0x000000008a200000, 0x000000008a300000|  0%| F|  |TAMS 0x000000008a200000, 0x000000008a200000| Untracked 
| 163|0x000000008a300000, 0x000000008a300000, 0x000000008a400000|  0%| F|  |TAMS 0x000000008a300000, 0x000000008a300000| Untracked 
| 164|0x000000008a400000, 0x000000008a400000, 0x000000008a500000|  0%| F|  |TAMS 0x000000008a400000, 0x000000008a400000| Untracked 
| 165|0x000000008a500000, 0x000000008a500000, 0x000000008a600000|  0%| F|  |TAMS 0x000000008a500000, 0x000000008a500000| Untracked 
| 166|0x000000008a600000, 0x000000008a600000, 0x000000008a700000|  0%| F|  |TAMS 0x000000008a600000, 0x000000008a600000| Untracked 
| 167|0x000000008a700000, 0x000000008a700000, 0x000000008a800000|  0%| F|  |TAMS 0x000000008a700000, 0x000000008a700000| Untracked 
| 168|0x000000008a800000, 0x000000008a800000, 0x000000008a900000|  0%| F|  |TAMS 0x000000008a800000, 0x000000008a800000| Untracked 
| 169|0x000000008a900000, 0x000000008a900000, 0x000000008aa00000|  0%| F|  |TAMS 0x000000008a900000, 0x000000008a900000| Untracked 
| 170|0x000000008aa00000, 0x000000008aa00000, 0x000000008ab00000|  0%| F|  |TAMS 0x000000008aa00000, 0x000000008aa00000| Untracked 
| 171|0x000000008ab00000, 0x000000008ab00000, 0x000000008ac00000|  0%| F|  |TAMS 0x000000008ab00000, 0x000000008ab00000| Untracked 
| 172|0x000000008ac00000, 0x000000008ac00000, 0x000000008ad00000|  0%| F|  |TAMS 0x000000008ac00000, 0x000000008ac00000| Untracked 
| 173|0x000000008ad00000, 0x000000008ad00000, 0x000000008ae00000|  0%| F|  |TAMS 0x000000008ad00000, 0x000000008ad00000| Untracked 
| 174|0x000000008ae00000, 0x000000008ae00000, 0x000000008af00000|  0%| F|  |TAMS 0x000000008ae00000, 0x000000008ae00000| Untracked 
| 175|0x000000008af00000, 0x000000008af00000, 0x000000008b000000|  0%| F|  |TAMS 0x000000008af00000, 0x000000008af00000| Untracked 
| 176|0x000000008b000000, 0x000000008b000000, 0x000000008b100000|  0%| F|  |TAMS 0x000000008b000000, 0x000000008b000000| Untracked 
| 177|0x000000008b100000, 0x000000008b100000, 0x000000008b200000|  0%| F|  |TAMS 0x000000008b100000, 0x000000008b100000| Untracked 
| 178|0x000000008b200000, 0x000000008b200000, 0x000000008b300000|  0%| F|  |TAMS 0x000000008b200000, 0x000000008b200000| Untracked 
| 179|0x000000008b300000, 0x000000008b300000, 0x000000008b400000|  0%| F|  |TAMS 0x000000008b300000, 0x000000008b300000| Untracked 
| 180|0x000000008b400000, 0x000000008b400000, 0x000000008b500000|  0%| F|  |TAMS 0x000000008b400000, 0x000000008b400000| Untracked 
| 181|0x000000008b500000, 0x000000008b500000, 0x000000008b600000|  0%| F|  |TAMS 0x000000008b500000, 0x000000008b500000| Untracked 
| 182|0x000000008b600000, 0x000000008b600000, 0x000000008b700000|  0%| F|  |TAMS 0x000000008b600000, 0x000000008b600000| Untracked 
| 183|0x000000008b700000, 0x000000008b700000, 0x000000008b800000|  0%| F|  |TAMS 0x000000008b700000, 0x000000008b700000| Untracked 
| 184|0x000000008b800000, 0x000000008b800000, 0x000000008b900000|  0%| F|  |TAMS 0x000000008b800000, 0x000000008b800000| Untracked 
| 185|0x000000008b900000, 0x000000008b900000, 0x000000008ba00000|  0%| F|  |TAMS 0x000000008b900000, 0x000000008b900000| Untracked 
| 186|0x000000008ba00000, 0x000000008ba00000, 0x000000008bb00000|  0%| F|  |TAMS 0x000000008ba00000, 0x000000008ba00000| Untracked 
| 187|0x000000008bb00000, 0x000000008bb00000, 0x000000008bc00000|  0%| F|  |TAMS 0x000000008bb00000, 0x000000008bb00000| Untracked 
| 188|0x000000008bc00000, 0x000000008bc00000, 0x000000008bd00000|  0%| F|  |TAMS 0x000000008bc00000, 0x000000008bc00000| Untracked 
| 189|0x000000008bd00000, 0x000000008bd00000, 0x000000008be00000|  0%| F|  |TAMS 0x000000008bd00000, 0x000000008bd00000| Untracked 
| 190|0x000000008be00000, 0x000000008be00000, 0x000000008bf00000|  0%| F|  |TAMS 0x000000008be00000, 0x000000008be00000| Untracked 
| 191|0x000000008bf00000, 0x000000008bf00000, 0x000000008c000000|  0%| F|  |TAMS 0x000000008bf00000, 0x000000008bf00000| Untracked 
| 192|0x000000008c000000, 0x000000008c000000, 0x000000008c100000|  0%| F|  |TAMS 0x000000008c000000, 0x000000008c000000| Untracked 
| 193|0x000000008c100000, 0x000000008c100000, 0x000000008c200000|  0%| F|  |TAMS 0x000000008c100000, 0x000000008c100000| Untracked 
| 194|0x000000008c200000, 0x000000008c200000, 0x000000008c300000|  0%| F|  |TAMS 0x000000008c200000, 0x000000008c200000| Untracked 
| 195|0x000000008c300000, 0x000000008c300000, 0x000000008c400000|  0%| F|  |TAMS 0x000000008c300000, 0x000000008c300000| Untracked 
| 196|0x000000008c400000, 0x000000008c400000, 0x000000008c500000|  0%| F|  |TAMS 0x000000008c400000, 0x000000008c400000| Untracked 
| 197|0x000000008c500000, 0x000000008c500000, 0x000000008c600000|  0%| F|  |TAMS 0x000000008c500000, 0x000000008c500000| Untracked 
| 198|0x000000008c600000, 0x000000008c600000, 0x000000008c700000|  0%| F|  |TAMS 0x000000008c600000, 0x000000008c600000| Untracked 
| 199|0x000000008c700000, 0x000000008c700000, 0x000000008c800000|  0%| F|  |TAMS 0x000000008c700000, 0x000000008c700000| Untracked 
| 200|0x000000008c800000, 0x000000008c800000, 0x000000008c900000|  0%| F|  |TAMS 0x000000008c800000, 0x000000008c800000| Untracked 
| 201|0x000000008c900000, 0x000000008c900000, 0x000000008ca00000|  0%| F|  |TAMS 0x000000008c900000, 0x000000008c900000| Untracked 
| 202|0x000000008ca00000, 0x000000008ca00000, 0x000000008cb00000|  0%| F|  |TAMS 0x000000008ca00000, 0x000000008ca00000| Untracked 
| 203|0x000000008cb00000, 0x000000008cb00000, 0x000000008cc00000|  0%| F|  |TAMS 0x000000008cb00000, 0x000000008cb00000| Untracked 
| 204|0x000000008cc00000, 0x000000008cc00000, 0x000000008cd00000|  0%| F|  |TAMS 0x000000008cc00000, 0x000000008cc00000| Untracked 
| 205|0x000000008cd00000, 0x000000008cd00000, 0x000000008ce00000|  0%| F|  |TAMS 0x000000008cd00000, 0x000000008cd00000| Untracked 
| 206|0x000000008ce00000, 0x000000008ce00000, 0x000000008cf00000|  0%| F|  |TAMS 0x000000008ce00000, 0x000000008ce00000| Untracked 
| 207|0x000000008cf00000, 0x000000008cf00000, 0x000000008d000000|  0%| F|  |TAMS 0x000000008cf00000, 0x000000008cf00000| Untracked 
| 208|0x000000008d000000, 0x000000008d000000, 0x000000008d100000|  0%| F|  |TAMS 0x000000008d000000, 0x000000008d000000| Untracked 
| 209|0x000000008d100000, 0x000000008d100000, 0x000000008d200000|  0%| F|  |TAMS 0x000000008d100000, 0x000000008d100000| Untracked 
| 210|0x000000008d200000, 0x000000008d200000, 0x000000008d300000|  0%| F|  |TAMS 0x000000008d200000, 0x000000008d200000| Untracked 
| 211|0x000000008d300000, 0x000000008d300000, 0x000000008d400000|  0%| F|  |TAMS 0x000000008d300000, 0x000000008d300000| Untracked 
| 212|0x000000008d400000, 0x000000008d400000, 0x000000008d500000|  0%| F|  |TAMS 0x000000008d400000, 0x000000008d400000| Untracked 
| 213|0x000000008d500000, 0x000000008d500000, 0x000000008d600000|  0%| F|  |TAMS 0x000000008d500000, 0x000000008d500000| Untracked 
| 214|0x000000008d600000, 0x000000008d600000, 0x000000008d700000|  0%| F|  |TAMS 0x000000008d600000, 0x000000008d600000| Untracked 
| 215|0x000000008d700000, 0x000000008d700000, 0x000000008d800000|  0%| F|  |TAMS 0x000000008d700000, 0x000000008d700000| Untracked 
| 216|0x000000008d800000, 0x000000008d800000, 0x000000008d900000|  0%| F|  |TAMS 0x000000008d800000, 0x000000008d800000| Untracked 
| 217|0x000000008d900000, 0x000000008d900000, 0x000000008da00000|  0%| F|  |TAMS 0x000000008d900000, 0x000000008d900000| Untracked 
| 218|0x000000008da00000, 0x000000008da00000, 0x000000008db00000|  0%| F|  |TAMS 0x000000008da00000, 0x000000008da00000| Untracked 
| 219|0x000000008db00000, 0x000000008db00000, 0x000000008dc00000|  0%| F|  |TAMS 0x000000008db00000, 0x000000008db00000| Untracked 
| 220|0x000000008dc00000, 0x000000008dc00000, 0x000000008dd00000|  0%| F|  |TAMS 0x000000008dc00000, 0x000000008dc00000| Untracked 
| 221|0x000000008dd00000, 0x000000008dd00000, 0x000000008de00000|  0%| F|  |TAMS 0x000000008dd00000, 0x000000008dd00000| Untracked 
| 222|0x000000008de00000, 0x000000008de00000, 0x000000008df00000|  0%| F|  |TAMS 0x000000008de00000, 0x000000008de00000| Untracked 
| 223|0x000000008df00000, 0x000000008df00000, 0x000000008e000000|  0%| F|  |TAMS 0x000000008df00000, 0x000000008df00000| Untracked 
| 224|0x000000008e000000, 0x000000008e000000, 0x000000008e100000|  0%| F|  |TAMS 0x000000008e000000, 0x000000008e000000| Untracked 
| 225|0x000000008e100000, 0x000000008e100000, 0x000000008e200000|  0%| F|  |TAMS 0x000000008e100000, 0x000000008e100000| Untracked 
| 226|0x000000008e200000, 0x000000008e200000, 0x000000008e300000|  0%| F|  |TAMS 0x000000008e200000, 0x000000008e200000| Untracked 
| 227|0x000000008e300000, 0x000000008e300000, 0x000000008e400000|  0%| F|  |TAMS 0x000000008e300000, 0x000000008e300000| Untracked 
| 228|0x000000008e400000, 0x000000008e400000, 0x000000008e500000|  0%| F|  |TAMS 0x000000008e400000, 0x000000008e400000| Untracked 
| 229|0x000000008e500000, 0x000000008e500000, 0x000000008e600000|  0%| F|  |TAMS 0x000000008e500000, 0x000000008e500000| Untracked 
| 230|0x000000008e600000, 0x000000008e600000, 0x000000008e700000|  0%| F|  |TAMS 0x000000008e600000, 0x000000008e600000| Untracked 
| 231|0x000000008e700000, 0x000000008e700000, 0x000000008e800000|  0%| F|  |TAMS 0x000000008e700000, 0x000000008e700000| Untracked 
| 232|0x000000008e800000, 0x000000008e800000, 0x000000008e900000|  0%| F|  |TAMS 0x000000008e800000, 0x000000008e800000| Untracked 
| 233|0x000000008e900000, 0x000000008e900000, 0x000000008ea00000|  0%| F|  |TAMS 0x000000008e900000, 0x000000008e900000| Untracked 
| 234|0x000000008ea00000, 0x000000008ea00000, 0x000000008eb00000|  0%| F|  |TAMS 0x000000008ea00000, 0x000000008ea00000| Untracked 
| 235|0x000000008eb00000, 0x000000008eb00000, 0x000000008ec00000|  0%| F|  |TAMS 0x000000008eb00000, 0x000000008eb00000| Untracked 
| 236|0x000000008ec00000, 0x000000008ec00000, 0x000000008ed00000|  0%| F|  |TAMS 0x000000008ec00000, 0x000000008ec00000| Untracked 
| 237|0x000000008ed00000, 0x000000008ed00000, 0x000000008ee00000|  0%| F|  |TAMS 0x000000008ed00000, 0x000000008ed00000| Untracked 
| 238|0x000000008ee00000, 0x000000008ee00000, 0x000000008ef00000|  0%| F|  |TAMS 0x000000008ee00000, 0x000000008ee00000| Untracked 
| 239|0x000000008ef00000, 0x000000008ef00000, 0x000000008f000000|  0%| F|  |TAMS 0x000000008ef00000, 0x000000008ef00000| Untracked 
| 240|0x000000008f000000, 0x000000008f000000, 0x000000008f100000|  0%| F|  |TAMS 0x000000008f000000, 0x000000008f000000| Untracked 
| 241|0x000000008f100000, 0x000000008f185a08, 0x000000008f200000| 52%| E|  |TAMS 0x000000008f100000, 0x000000008f100000| Complete 
| 242|0x000000008f200000, 0x000000008f300000, 0x000000008f300000|100%| E|CS|TAMS 0x000000008f200000, 0x000000008f200000| Complete 
| 243|0x000000008f300000, 0x000000008f400000, 0x000000008f400000|100%| E|CS|TAMS 0x000000008f300000, 0x000000008f300000| Complete 
| 244|0x000000008f400000, 0x000000008f500000, 0x000000008f500000|100%| E|CS|TAMS 0x000000008f400000, 0x000000008f400000| Complete 
| 245|0x000000008f500000, 0x000000008f600000, 0x000000008f600000|100%| E|CS|TAMS 0x000000008f500000, 0x000000008f500000| Complete 

Card table byte_map: [0x0000017ada9e0000,0x0000017adade0000] _byte_map_base: 0x0000017ada5e0000

Marking Bits (Prev, Next): (CMBitMap*) 0x0000017ac7289c58, (CMBitMap*) 0x0000017ac7289c90
 Prev Bits: [0x0000017adb1e0000, 0x0000017add1e0000)
 Next Bits: [0x0000017add1e0000, 0x0000017adf1e0000)

Polling page: 0x0000017ac51c0000

Metaspace:

Usage:
  Non-class:     31.83 MB capacity,    31.26 MB ( 98%) used,   501.09 KB (  2%) free+waste,    86.62 KB ( <1%) overhead. 
      Class:      5.00 MB capacity,     4.65 MB ( 93%) used,   320.24 KB (  6%) free+waste,    42.69 KB ( <1%) overhead. 
       Both:     36.83 MB capacity,    35.90 MB ( 97%) used,   821.34 KB (  2%) free+waste,   129.31 KB ( <1%) overhead. 

Virtual space:
  Non-class space:       32.00 MB reserved,      31.92 MB (>99%) committed 
      Class space:        1.00 GB reserved,       5.12 MB ( <1%) committed 
             Both:        1.03 GB reserved,      37.05 MB (  4%) committed 

Chunk freelists:
   Non-Class:  28.00 KB
       Class:  31.00 KB
        Both:  59.00 KB

MaxMetaspaceSize: 17179869184.00 GB
CompressedClassSpaceSize: 1.00 GB
Initial GC threshold: 20.80 MB
Current GC threshold: 58.83 MB
CDS: off

CodeHeap 'non-profiled nmethods': size=119168Kb used=1189Kb max_used=1189Kb free=117978Kb
 bounds [0x0000017ad2900000, 0x0000017ad2b70000, 0x0000017ad9d60000]
CodeHeap 'profiled nmethods': size=119168Kb used=6994Kb max_used=6994Kb free=112173Kb
 bounds [0x0000017acb4a0000, 0x0000017acbb80000, 0x0000017ad2900000]
CodeHeap 'non-nmethods': size=7424Kb used=2365Kb max_used=2392Kb free=5058Kb
 bounds [0x0000017acad60000, 0x0000017acafd0000, 0x0000017acb4a0000]
 total_blobs=3646 nmethods=3119 adapters=437
 compilation: enabled
              stopped_count=0, restarted_count=0
 full_count=0

Compilation events (20 events):
Event: 4.049 Thread 0x0000017ae21a4800 3118       3       jdk.internal.misc.Unsafe::convEndian (16 bytes)
Event: 4.049 Thread 0x0000017ae21a4800 nmethod 3118 0x0000017acbb50c90 code [0x0000017acbb50e40, 0x0000017acbb50ff8]
Event: 4.052 Thread 0x0000017ae6f36800 3119       3       jdk.internal.misc.Unsafe::pickPos (14 bytes)
Event: 4.052 Thread 0x0000017ae6f36800 nmethod 3119 0x0000017acbb51090 code [0x0000017acbb51240, 0x0000017acbb51338]
Event: 4.054 Thread 0x0000017ae2a7d000 3120       3       java.lang.PublicMethods::toArray (76 bytes)
Event: 4.054 Thread 0x0000017ae2a7d000 nmethod 3120 0x0000017acbb51410 code [0x0000017acbb51640, 0x0000017acbb51ed8]
Event: 4.086 Thread 0x0000017ae21a4800 3121       3       java.util.concurrent.ConcurrentLinkedQueue::poll (84 bytes)
Event: 4.086 Thread 0x0000017ae6f36800 3122       3       java.util.concurrent.ConcurrentLinkedQueue::updateHead (26 bytes)
Event: 4.087 Thread 0x0000017ae6f36800 nmethod 3122 0x0000017acbb52110 code [0x0000017acbb52480, 0x0000017acbb538e8]
Event: 4.089 Thread 0x0000017ae21a4800 nmethod 3121 0x0000017acbb53f10 code [0x0000017acbb54560, 0x0000017acbb579a8]
Event: 4.098 Thread 0x0000017ae2a7d000 3123       3       org.codehaus.groovy.util.ReferenceManager$CallBackedManager::afterReferenceCreation (5 bytes)
Event: 4.098 Thread 0x0000017ae6f36800 3124   !   3       org.codehaus.groovy.util.ReferenceManager$CallBackedManager::removeStallEntries (43 bytes)
Event: 4.098 Thread 0x0000017ae21a4800 3125       3       org.codehaus.groovy.util.ReferenceManager$CallBackedManager::removeStallEntries0 (51 bytes)
Event: 4.098 Thread 0x0000017ae2a7d000 nmethod 3123 0x0000017acbb58890 code [0x0000017acbb58a40, 0x0000017acbb58b88]
Event: 4.099 Thread 0x0000017ae21a4800 nmethod 3125 0x0000017acbb58c10 code [0x0000017acbb58e40, 0x0000017acbb59718]
Event: 4.099 Thread 0x0000017ae6f36800 nmethod 3124 0x0000017acbb59990 code [0x0000017acbb59ba0, 0x0000017acbb5a038]
Event: 4.101 Thread 0x0000017ae2a7d000 3127  s    1       org.codehaus.groovy.reflection.stdclasses.ObjectCachedClass::getCachedSuperClass (2 bytes)
Event: 4.101 Thread 0x0000017ae2a7d000 nmethod 3127 0x0000017ad2a28a10 code [0x0000017ad2a28bc0, 0x0000017ad2a28dd8]
Event: 4.101 Thread 0x0000017ae21a4800 3128       1       java.net.JarURLConnection::getJarFileURL (5 bytes)
Event: 4.101 Thread 0x0000017ae21a4800 nmethod 3128 0x0000017ad2a28e90 code [0x0000017ad2a29040, 0x0000017ad2a290f8]

GC Heap History (8 events):
Event: 0.670 GC heap before
{Heap before GC invocations=0 (full 0):
 garbage-first heap   total 251904K, used 29696K [0x0000000080000000, 0x0000000100000000)
  region size 1024K, 24 young (24576K), 0 survivors (0K)
 Metaspace       used 9805K, capacity 10032K, committed 10368K, reserved 1058816K
  class space    used 995K, capacity 1069K, committed 1152K, reserved 1048576K
}
Event: 0.674 GC heap after
{Heap after GC invocations=1 (full 0):
 garbage-first heap   total 251904K, used 9112K [0x0000000080000000, 0x0000000100000000)
  region size 1024K, 3 young (3072K), 3 survivors (3072K)
 Metaspace       used 9805K, capacity 10032K, committed 10368K, reserved 1058816K
  class space    used 995K, capacity 1069K, committed 1152K, reserved 1048576K
}
Event: 2.672 GC heap before
{Heap before GC invocations=1 (full 0):
 garbage-first heap   total 251904K, used 106392K [0x0000000080000000, 0x0000000100000000)
  region size 1024K, 99 young (101376K), 3 survivors (3072K)
 Metaspace       used 20800K, capacity 21161K, committed 21296K, reserved 1069056K
  class space    used 2505K, capacity 2651K, committed 2688K, reserved 1048576K
}
Event: 2.681 GC heap after
{Heap after GC invocations=2 (full 0):
 garbage-first heap   total 251904K, used 16924K [0x0000000080000000, 0x0000000100000000)
  region size 1024K, 11 young (11264K), 11 survivors (11264K)
 Metaspace       used 20800K, capacity 21161K, committed 21296K, reserved 1069056K
  class space    used 2505K, capacity 2651K, committed 2688K, reserved 1048576K
}
Event: 3.026 GC heap before
{Heap before GC invocations=3 (full 0):
 garbage-first heap   total 251904K, used 53788K [0x0000000080000000, 0x0000000100000000)
  region size 1024K, 48 young (49152K), 11 survivors (11264K)
 Metaspace       used 24569K, capacity 25110K, committed 25264K, reserved 1071104K
  class space    used 3121K, capacity 3316K, committed 3328K, reserved 1048576K
}
Event: 3.031 GC heap after
{Heap after GC invocations=4 (full 0):
 garbage-first heap   total 251904K, used 18195K [0x0000000080000000, 0x0000000100000000)
  region size 1024K, 2 young (2048K), 2 survivors (2048K)
 Metaspace       used 24569K, capacity 25110K, committed 25264K, reserved 1071104K
  class space    used 3121K, capacity 3316K, committed 3328K, reserved 1048576K
}
Event: 4.029 GC heap before
{Heap before GC invocations=4 (full 0):
 garbage-first heap   total 251904K, used 102163K [0x0000000080000000, 0x0000000100000000)
  region size 1024K, 85 young (87040K), 2 survivors (2048K)
 Metaspace       used 34879K, capacity 35727K, committed 35888K, reserved 1081344K
  class space    used 4544K, capacity 4883K, committed 4992K, reserved 1048576K
}
Event: 4.034 GC heap after
{Heap after GC invocations=5 (full 0):
 garbage-first heap   total 251904K, used 21952K [0x0000000080000000, 0x0000000100000000)
  region size 1024K, 6 young (6144K), 6 survivors (6144K)
 Metaspace       used 34879K, capacity 35727K, committed 35888K, reserved 1081344K
  class space    used 4544K, capacity 4883K, committed 4992K, reserved 1048576K
}

Deoptimization events (20 events):
Event: 3.759 Thread 0x0000017ae50d4800 Uncommon trap: trap_request=0xffffff4d fr.pc=0x0000017ad29fd8b0 relative=0x0000000000000290
Event: 3.759 Thread 0x0000017ae50d4800 Uncommon trap: reason=unstable_if action=reinterpret pc=0x0000017ad29fd8b0 method=jdk.internal.org.objectweb.asm.Type.getArgumentsAndReturnSizes(Ljava/lang/String;)I @ 136 c2
Event: 3.759 Thread 0x0000017ae50d4800 DEOPT PACKING pc=0x0000017ad29fd8b0 sp=0x00000011a5ff8620
Event: 3.759 Thread 0x0000017ae50d4800 DEOPT UNPACKING pc=0x0000017acadaa1af sp=0x00000011a5ff85b8 mode 2
Event: 3.830 Thread 0x0000017ae50d4800 Uncommon trap: trap_request=0xffffff4d fr.pc=0x0000017ad29f0cb8 relative=0x0000000000005778
Event: 3.830 Thread 0x0000017ae50d4800 Uncommon trap: reason=unstable_if action=reinterpret pc=0x0000017ad29f0cb8 method=java.net.URLClassLoader.defineClass(Ljava/lang/String;Ljdk/internal/loader/Resource;)Ljava/lang/Class; @ 21 c2
Event: 3.830 Thread 0x0000017ae50d4800 DEOPT PACKING pc=0x0000017ad29f0cb8 sp=0x00000011a5ff8d60
Event: 3.830 Thread 0x0000017ae50d4800 DEOPT UNPACKING pc=0x0000017acadaa1af sp=0x00000011a5ff8c90 mode 2
Event: 3.831 Thread 0x0000017ae50d4800 Uncommon trap: trap_request=0xffffff4d fr.pc=0x0000017ad29dea80 relative=0x00000000000033e0
Event: 3.831 Thread 0x0000017ae50d4800 Uncommon trap: reason=unstable_if action=reinterpret pc=0x0000017ad29dea80 method=java.lang.ClassLoader.getClassLoadingLock(Ljava/lang/String;)Ljava/lang/Object; @ 6 c2
Event: 3.831 Thread 0x0000017ae50d4800 DEOPT PACKING pc=0x0000017ad29dea80 sp=0x00000011a5ff72a0
Event: 3.831 Thread 0x0000017ae50d4800 DEOPT UNPACKING pc=0x0000017acadaa1af sp=0x00000011a5ff7280 mode 2
Event: 3.833 Thread 0x0000017ae50d4800 Uncommon trap: trap_request=0xffffff4d fr.pc=0x0000017ad2a10f54 relative=0x0000000000000674
Event: 3.833 Thread 0x0000017ae50d4800 Uncommon trap: reason=unstable_if action=reinterpret pc=0x0000017ad2a10f54 method=java.lang.Class.getPackageName()Ljava/lang/String; @ 55 c2
Event: 3.833 Thread 0x0000017ae50d4800 DEOPT PACKING pc=0x0000017ad2a10f54 sp=0x00000011a5ff8a60
Event: 3.833 Thread 0x0000017ae50d4800 DEOPT UNPACKING pc=0x0000017acadaa1af sp=0x00000011a5ff8a20 mode 2
Event: 3.834 Thread 0x0000017ae50d4800 Uncommon trap: trap_request=0xffffff4d fr.pc=0x0000017ad298c328 relative=0x00000000000012e8
Event: 3.834 Thread 0x0000017ae50d4800 Uncommon trap: reason=unstable_if action=reinterpret pc=0x0000017ad298c328 method=java.util.concurrent.ConcurrentHashMap.putVal(Ljava/lang/Object;Ljava/lang/Object;Z)Ljava/lang/Object; @ 231 c2
Event: 3.834 Thread 0x0000017ae50d4800 DEOPT PACKING pc=0x0000017ad298c328 sp=0x00000011a5ff8c10
Event: 3.834 Thread 0x0000017ae50d4800 DEOPT UNPACKING pc=0x0000017acadaa1af sp=0x00000011a5ff8b80 mode 2

Classes redefined (0 events):
No events

Internal exceptions (20 events):
Event: 3.335 Thread 0x0000017ae50d4800 Exception <a 'java/lang/NoSuchMethodError'{0x000000008d618618}: 'java.lang.Object java.lang.invoke.DirectMethodHandle$Holder.invokeSpecialIFC(java.lang.Object, java.lang.Object, java.lang.Object, java.lang.Object)'> (0x000000008d618618) thrown at [src/hotspot/share/interpreter/linkResolver.cpp, line 773]
Event: 3.429 Thread 0x0000017ae50d4800 Implicit null exception at 0x0000017ad29ae4f5 to 0x0000017ad29ae6a4
Event: 3.430 Thread 0x0000017ae50d4800 Implicit null exception at 0x0000017ad2984f2f to 0x0000017ad2984f9d
Event: 3.470 Thread 0x0000017ae50d4800 Exception <a 'java/lang/NoSuchMethodError'{0x000000008c9c5538}: 'java.lang.Object java.lang.invoke.DirectMethodHandle$Holder.invokeSpecial(java.lang.Object, java.lang.Object, java.lang.Object, java.lang.Object, java.lang.Object, java.lang.Object, java.lang.Object, java.lang.Object, java.lang.Object, java.lang.Object, java.lang.Object, java.lang.Object, java.lang.Object)'> (0x000000008c9c5538) thrown at [src/hotspot/share/interpreter/linkResolver.cpp, line 773]
Event: 3.471 Thread 0x0000017ae50d4800 Exception <a 'java/lang/NoSuchMethodError'{0x000000008c9d6398}: 'java.lang.Object java.lang.invoke.DirectMethodHandle$Holder.invokeSpecial(java.lang.Object, java.lang.Object, java.lang.Object, java.lang.Object, java.lang.Object, java.lang.Object, java.lang.Object, java.lang.Object, java.lang.Object, java.lang.Object, java.lang.Object, java.lang.Object)'> (0x000000008c9d6398) thrown at [src/hotspot/share/interpreter/linkResolver.cpp, line 773]
Event: 3.471 Thread 0x0000017ae50d4800 Exception <a 'java/lang/NoSuchMethodError'{0x000000008c9db4c0}: 'java.lang.Object java.lang.invoke.Invokers$Holder.linkToTargetMethod(java.lang.Object, java.lang.Object, java.lang.Object, java.lang.Object, java.lang.Object, java.lang.Object, java.lang.Object, java.lang.Object, java.lang.Object, java.lang.Object, java.lang.Object)'> (0x000000008c9db4c0) thrown at [src/hotspot/share/interpreter/linkResolver.cpp, line 773]
Event: 3.478 Thread 0x0000017ae50d4800 Exception <a 'java/lang/NoSuchMethodError'{0x000000008c87b750}: 'java.lang.Object java.lang.invoke.DirectMethodHandle$Holder.invokeSpecial(java.lang.Object, java.lang.Object, java.lang.Object, java.lang.Object, java.lang.Object, java.lang.Object, java.lang.Object, java.lang.Object, java.lang.Object, java.lang.Object, java.lang.Object, java.lang.Object, java.lang.Object, java.lang.Object)'> (0x000000008c87b750) thrown at [src/hotspot/share/interpreter/linkResolver.cpp, line 773]
Event: 3.478 Thread 0x0000017ae50d4800 Exception <a 'java/lang/NoSuchMethodError'{0x000000008c88d2e8}: 'java.lang.Object java.lang.invoke.Invokers$Holder.linkToTargetMethod(java.lang.Object, java.lang.Object, java.lang.Object, java.lang.Object, java.lang.Object, java.lang.Object, java.lang.Object, java.lang.Object, java.lang.Object, java.lang.Object, java.lang.Object, java.lang.Object)'> (0x000000008c88d2e8) thrown at [src/hotspot/share/interpreter/linkResolver.cpp, line 773]
Event: 3.490 Thread 0x0000017ae50d4800 Exception <a 'java/lang/NoSuchMethodError'{0x000000008c77aa70}: 'java.lang.Object java.lang.invoke.DirectMethodHandle$Holder.invokeStaticInit(java.lang.Object, java.lang.Object, java.lang.Object, java.lang.Object)'> (0x000000008c77aa70) thrown at [src/hotspot/share/interpreter/linkResolver.cpp, line 773]
Event: 3.580 Thread 0x0000017ae50d4800 Exception <a 'java/lang/NoSuchMethodError'{0x000000008bed8db8}: 'java.lang.Object java.lang.invoke.Invokers$Holder.linkToTargetMethod(java.lang.Object, java.lang.Object, java.lang.Object, java.lang.Object, java.lang.Object, java.lang.Object, java.lang.Object, java.lang.Object)'> (0x000000008bed8db8) thrown at [src/hotspot/share/interpreter/linkResolver.cpp, line 773]
Event: 3.587 Thread 0x0000017ae50d4800 Exception <a 'java/lang/IncompatibleClassChangeError'{0x000000008bd6e1f8}: Found class java.lang.Object, but interface was expected> (0x000000008bd6e1f8) thrown at [src/hotspot/share/interpreter/linkResolver.cpp, line 839]
Event: 3.760 Thread 0x0000017ae50d4800 Exception <a 'java/lang/NoSuchMethodError'{0x000000008afc99b0}: 'java.lang.Object java.lang.invoke.Invokers$Holder.linkToTargetMethod(java.lang.Object, long, java.lang.Object)'> (0x000000008afc99b0) thrown at [src/hotspot/share/interpreter/linkResolver.cpp, line 773]
Event: 3.768 Thread 0x0000017ae50d4800 Exception <a 'java/lang/NoSuchMethodError'{0x000000008ae1cce8}: 'int java.lang.invoke.DirectMethodHandle$Holder.invokeStatic(java.lang.Object, java.lang.Object, java.lang.Object, java.lang.Object, java.lang.Object)'> (0x000000008ae1cce8) thrown at [src/hotspot/share/interpreter/linkResolver.cpp, line 773]
Event: 3.779 Thread 0x0000017ae50d4800 Exception <a 'java/lang/NoSuchMethodError'{0x000000008aeb94b0}: 'int java.lang.invoke.DirectMethodHandle$Holder.invokeInterface(java.lang.Object, java.lang.Object)'> (0x000000008aeb94b0) thrown at [src/hotspot/share/interpreter/linkResolver.cpp, line 773]
Event: 3.782 Thread 0x0000017ae50d4800 Exception <a 'java/lang/NoSuchMethodError'{0x000000008aee84e0}: 'java.lang.Object java.lang.invoke.DirectMethodHandle$Holder.invokeStatic(java.lang.Object, java.lang.Object, int, java.lang.Object)'> (0x000000008aee84e0) thrown at [src/hotspot/share/interpreter/linkResolver.cpp, line 773]
Event: 3.782 Thread 0x0000017ae50d4800 Exception <a 'java/lang/NoSuchMethodError'{0x000000008aef2828}: 'java.lang.Object java.lang.invoke.Invokers$Holder.linkToTargetMethod(java.lang.Object, int, java.lang.Object, java.lang.Object)'> (0x000000008aef2828) thrown at [src/hotspot/share/interpreter/linkResolver.cpp, line 773]
Event: 3.925 Thread 0x0000017ae50d4800 Exception <a 'java/lang/NoSuchMethodError'{0x000000008a6c6e28}: 'void java.lang.invoke.DirectMethodHandle$Holder.invokeStaticInit(java.lang.Object, java.lang.Object, java.lang.Object)'> (0x000000008a6c6e28) thrown at [src/hotspot/share/interpreter/linkResolver.cpp, line 773]
Event: 3.926 Thread 0x0000017ae50d4800 Exception <a 'java/lang/NoSuchMethodError'{0x000000008a6cdfd8}: 'void java.lang.invoke.DirectMethodHandle$Holder.invokeStaticInit(java.lang.Object, java.lang.Object, java.lang.Object, java.lang.Object)'> (0x000000008a6cdfd8) thrown at [src/hotspot/share/interpreter/linkResolver.cpp, line 773]
Event: 3.928 Thread 0x0000017ae50d4800 Exception <a 'java/lang/NoSuchMethodError'{0x000000008a6f09b8}: 'void java.lang.invoke.DirectMethodHandle$Holder.invokeStaticInit(java.lang.Object, java.lang.Object, java.lang.Object, java.lang.Object, java.lang.Object)'> (0x000000008a6f09b8) thrown at [src/hotspot/share/interpreter/linkResolver.cpp, line 773]
Event: 3.954 Thread 0x0000017ae50d4800 Exception <a 'java/lang/NoSuchMethodError'{0x000000008a568da8}: 'int java.lang.invoke.DirectMethodHandle$Holder.invokeStaticInit(java.lang.Object, java.lang.Object, java.lang.Object, java.lang.Object)'> (0x000000008a568da8) thrown at [src/hotspot/share/interpreter/linkResolver.cpp, line 773]

Events (20 events):
Event: 4.099 loading class javax/swing/event/ChangeListener done
Event: 4.099 loading class javax/swing/AbstractButton$Handler done
Event: 4.099 loading class javax/swing/plaf/ButtonUI
Event: 4.099 loading class javax/swing/plaf/ButtonUI done
Event: 4.099 loading class javax/swing/ButtonModel
Event: 4.099 loading class javax/swing/ButtonModel done
Event: 4.099 loading class java/awt/event/ItemEvent
Event: 4.099 loading class java/awt/event/ItemEvent done
Event: 4.099 loading class java/awt/LayoutManager
Event: 4.100 loading class java/awt/LayoutManager done
Event: 4.100 loading class javax/swing/event/TableModelEvent
Event: 4.100 loading class javax/swing/event/TableModelEvent done
Event: 4.101 Executing VM operation: RevokeBias
Event: 4.101 Executing VM operation: RevokeBias done
Event: 4.102 loading class org/apache/groovy/xml/extensions/XmlExtensions
Event: 4.102 loading class org/apache/groovy/xml/extensions/XmlExtensions done
Event: 4.102 loading class org/w3c/dom/NodeList
Event: 4.102 loading class org/w3c/dom/NodeList done
Event: 4.102 loading class org/w3c/dom/Element
Event: 4.103 loading class org/w3c/dom/Node


Dynamic libraries:
0x00007ff746420000 - 0x00007ff74642a000 	C:\Program Files\Android\Android Studio\jbr\bin\java.exe
0x00007fffecf50000 - 0x00007fffed164000 	C:\WINDOWS\SYSTEM32\ntdll.dll
0x00007fffebc50000 - 0x00007fffebd13000 	C:\WINDOWS\System32\KERNEL32.DLL
0x00007fffea4e0000 - 0x00007fffea87c000 	C:\WINDOWS\System32\KERNELBASE.dll
0x00007fffea9a0000 - 0x00007fffeaab1000 	C:\WINDOWS\System32\ucrtbase.dll
0x00007fffccbb0000 - 0x00007fffccbcb000 	C:\Program Files\Android\Android Studio\jbr\bin\VCRUNTIME140.dll
0x00007fffccc00000 - 0x00007fffccc17000 	C:\Program Files\Android\Android Studio\jbr\bin\jli.dll
0x00007fffeae80000 - 0x00007fffeb02d000 	C:\WINDOWS\System32\USER32.dll
0x00007fffea4b0000 - 0x00007fffea4d6000 	C:\WINDOWS\System32\win32u.dll
0x00007fffd35b0000 - 0x00007fffd383e000 	C:\WINDOWS\WinSxS\amd64_microsoft.windows.common-controls_6595b64144ccf1df_6.0.22621.608_none_a9444ca7c10bb01d\COMCTL32.dll
0x00007fffebc10000 - 0x00007fffebc39000 	C:\WINDOWS\System32\GDI32.dll
0x00007fffecd20000 - 0x00007fffecdc7000 	C:\WINDOWS\System32\msvcrt.dll
0x00007fffea880000 - 0x00007fffea993000 	C:\WINDOWS\System32\gdi32full.dll
0x00007fffea410000 - 0x00007fffea4aa000 	C:\WINDOWS\System32\msvcp_win.dll
0x00007fffeb9a0000 - 0x00007fffeb9d1000 	C:\WINDOWS\System32\IMM32.DLL
0x00007fffccbf0000 - 0x00007fffccbfc000 	C:\Program Files\Android\Android Studio\jbr\bin\vcruntime140_1.dll
0x00007fffada30000 - 0x00007fffadabd000 	C:\Program Files\Android\Android Studio\jbr\bin\msvcp140.dll
0x00007fff94e80000 - 0x00007fff95a3c000 	C:\Program Files\Android\Android Studio\jbr\bin\server\jvm.dll
0x00007fffeb9e0000 - 0x00007fffeba8e000 	C:\WINDOWS\System32\ADVAPI32.dll
0x00007fffebd30000 - 0x00007fffebdd4000 	C:\WINDOWS\System32\sechost.dll
0x00007fffec5d0000 - 0x00007fffec6e5000 	C:\WINDOWS\System32\RPCRT4.dll
0x00007fffebd20000 - 0x00007fffebd28000 	C:\WINDOWS\System32\PSAPI.DLL
0x00007fffe4070000 - 0x00007fffe40a4000 	C:\WINDOWS\SYSTEM32\WINMM.dll
0x00007fffe76b0000 - 0x00007fffe76b9000 	C:\WINDOWS\SYSTEM32\WSOCK32.dll
0x00007fffeb920000 - 0x00007fffeb991000 	C:\WINDOWS\System32\WS2_32.dll
0x00007fffe3670000 - 0x00007fffe367a000 	C:\WINDOWS\SYSTEM32\VERSION.dll
0x00007fffe93a0000 - 0x00007fffe93b8000 	C:\WINDOWS\SYSTEM32\kernel.appcore.dll
0x00007fffe4190000 - 0x00007fffe41a0000 	C:\Program Files\Android\Android Studio\jbr\bin\verify.dll
0x00007fffd8900000 - 0x00007fffd8b2e000 	C:\WINDOWS\SYSTEM32\DBGHELP.DLL
0x00007fffec7c0000 - 0x00007fffecb49000 	C:\WINDOWS\System32\combase.dll
0x00007fffeba90000 - 0x00007fffebb67000 	C:\WINDOWS\System32\OLEAUT32.dll
0x00007fffce470000 - 0x00007fffce4a2000 	C:\WINDOWS\SYSTEM32\dbgcore.DLL
0x00007fffea390000 - 0x00007fffea40b000 	C:\WINDOWS\System32\bcryptPrimitives.dll
0x00007fffcff10000 - 0x00007fffcff38000 	C:\Program Files\Android\Android Studio\jbr\bin\java.dll
0x00007fffe4110000 - 0x00007fffe411a000 	C:\Program Files\Android\Android Studio\jbr\bin\jimage.dll
0x00007fffd6b00000 - 0x00007fffd6b18000 	C:\Program Files\Android\Android Studio\jbr\bin\zip.dll
0x00007fffeb130000 - 0x00007fffeb920000 	C:\WINDOWS\System32\SHELL32.dll
0x00007fffe8350000 - 0x00007fffe8c1e000 	C:\WINDOWS\SYSTEM32\windows.storage.dll
0x00007fffe8210000 - 0x00007fffe834e000 	C:\WINDOWS\SYSTEM32\wintypes.dll
0x00007fffeb030000 - 0x00007fffeb121000 	C:\WINDOWS\System32\SHCORE.dll
0x00007fffecb60000 - 0x00007fffecbbe000 	C:\WINDOWS\System32\shlwapi.dll
0x00007fffea2c0000 - 0x00007fffea2e1000 	C:\WINDOWS\SYSTEM32\profapi.dll
0x00007fffd6aa0000 - 0x00007fffd6ab9000 	C:\Program Files\Android\Android Studio\jbr\bin\net.dll
0x00007fffe3c50000 - 0x00007fffe3d7f000 	C:\WINDOWS\SYSTEM32\WINHTTP.dll
0x00007fffe9810000 - 0x00007fffe9879000 	C:\WINDOWS\system32\mswsock.dll
0x00007fffd25e0000 - 0x00007fffd25f3000 	C:\Program Files\Android\Android Studio\jbr\bin\nio.dll
0x00007fffc2390000 - 0x00007fffc23b7000 	C:\Users\raque\.gradle\native\e1d6ef7f7dcc3fd88c89a11ec53ec762bb8ba0a96d01ffa2cd45eb1d1d8dd5c5\windows-amd64\native-platform.dll
0x00007fffad490000 - 0x00007fffad5d4000 	C:\Users\raque\.gradle\native\0d407fdbe67a94daf76414ababcb853783967236a71b16ec16e742cd7a986fd3\windows-amd64\native-platform-file-events.dll
0x00007fffd0090000 - 0x00007fffd009a000 	C:\Program Files\Android\Android Studio\jbr\bin\management.dll
0x00007fffd0080000 - 0x00007fffd008b000 	C:\Program Files\Android\Android Studio\jbr\bin\management_ext.dll
0x00007fffe9a30000 - 0x00007fffe9a4b000 	C:\WINDOWS\SYSTEM32\CRYPTSP.dll
0x00007fffe9310000 - 0x00007fffe9345000 	C:\WINDOWS\system32\rsaenh.dll
0x00007fffe98d0000 - 0x00007fffe98f8000 	C:\WINDOWS\SYSTEM32\USERENV.dll
0x00007fffe9c70000 - 0x00007fffe9c98000 	C:\WINDOWS\SYSTEM32\bcrypt.dll
0x00007fffe9a50000 - 0x00007fffe9a5c000 	C:\WINDOWS\SYSTEM32\CRYPTBASE.dll
0x00007fffe8e70000 - 0x00007fffe8e9d000 	C:\WINDOWS\SYSTEM32\IPHLPAPI.DLL
0x00007fffec5c0000 - 0x00007fffec5c9000 	C:\WINDOWS\System32\NSI.dll
0x00007fffe3e60000 - 0x00007fffe3e79000 	C:\WINDOWS\SYSTEM32\dhcpcsvc6.DLL
0x00007fffe3b70000 - 0x00007fffe3b8f000 	C:\WINDOWS\SYSTEM32\dhcpcsvc.DLL
0x00007fffe8ee0000 - 0x00007fffe8fd3000 	C:\WINDOWS\SYSTEM32\DNSAPI.dll

dbghelp: loaded successfully - version: 4.0.5 - missing functions: none
symbol engine: initialized successfully - sym options: 0x614 - pdb path: .;C:\Program Files\Android\Android Studio\jbr\bin;C:\WINDOWS\SYSTEM32;C:\WINDOWS\WinSxS\amd64_microsoft.windows.common-controls_6595b64144ccf1df_6.0.22621.608_none_a9444ca7c10bb01d;C:\Program Files\Android\Android Studio\jbr\bin\server;C:\Users\raque\.gradle\native\e1d6ef7f7dcc3fd88c89a11ec53ec762bb8ba0a96d01ffa2cd45eb1d1d8dd5c5\windows-amd64;C:\Users\raque\.gradle\native\0d407fdbe67a94daf76414ababcb853783967236a71b16ec16e742cd7a986fd3\windows-amd64

VM Arguments:
jvm_args: --add-opens=java.base/java.util=ALL-UNNAMED --add-opens=java.base/java.lang=ALL-UNNAMED --add-opens=java.base/java.lang.invoke=ALL-UNNAMED --add-opens=java.base/java.util=ALL-UNNAMED --add-opens=java.prefs/java.util.prefs=ALL-UNNAMED --add-opens=java.prefs/java.util.prefs=ALL-UNNAMED --add-opens=java.base/java.nio.charset=ALL-UNNAMED --add-opens=java.base/java.net=ALL-UNNAMED --add-opens=java.base/java.util.concurrent.atomic=ALL-UNNAMED -Xmx2048m -Dfile.encoding=UTF-8 -Duser.country=US -Duser.language=en -Duser.variant 
java_command: org.gradle.launcher.daemon.bootstrap.GradleDaemon 7.5
java_class_path (initial): C:\Users\raque\.gradle\wrapper\dists\gradle-7.5-bin\f1w0cc9nuo0eivz97x2xlu9sv\gradle-7.5\lib\gradle-launcher-7.5.jar
Launcher Type: SUN_STANDARD

[Global flags]
     intx CICompilerCount                          = 12                                        {product} {ergonomic}
     uint ConcGCThreads                            = 3                                         {product} {ergonomic}
     uint G1ConcRefinementThreads                  = 13                                        {product} {ergonomic}
   size_t G1HeapRegionSize                         = 1048576                                   {product} {ergonomic}
    uintx GCDrainStackTargetSize                   = 64                                        {product} {ergonomic}
   size_t InitialHeapSize                          = 257949696                                 {product} {ergonomic}
   size_t MarkStackSize                            = 4194304                                   {product} {ergonomic}
   size_t MaxHeapSize                              = 2147483648                                {product} {command line}
   size_t MaxNewSize                               = 1287651328                                {product} {ergonomic}
   size_t MinHeapDeltaBytes                        = 1048576                                   {product} {ergonomic}
    uintx NonNMethodCodeHeapSize                   = 7594288                                {pd product} {ergonomic}
    uintx NonProfiledCodeHeapSize                  = 122031976                              {pd product} {ergonomic}
    uintx ProfiledCodeHeapSize                     = 122031976                              {pd product} {ergonomic}
    uintx ReservedCodeCacheSize                    = 251658240                              {pd product} {ergonomic}
     bool SegmentedCodeCache                       = true                                      {product} {ergonomic}
     bool UseCompressedClassPointers               = true                                 {lp64_product} {ergonomic}
     bool UseCompressedOops                        = true                                 {lp64_product} {ergonomic}
     bool UseG1GC                                  = true                                      {product} {ergonomic}
     bool UseLargePagesIndividualAllocation        = false                                  {pd product} {ergonomic}

Logging:
Log output configuration:
 #0: stdout all=warning uptime,level,tags
 #1: stderr all=off uptime,level,tags

Environment Variables:
PATH=C:\Program Files\Common Files\Oracle\Java\javapath;C:\Program Files (x86)\Common Files\Oracle\Java\javapath;C:\windows\system32;C:\windows;C:\windows\System32\Wbem;C:\windows\System32\WindowsPowerShell\v1.0\;C:\windows\System32\OpenSSH\;C:\Program Files (x86)\NVIDIA Corporation\PhysX\Common;C:\Program Files\NVIDIA Corporation\NVIDIA NvDLISR;C:\Program Files\Git\cmd;C:\Users\raque\AppData\Local\Pub\Cache\bin;C:\Program Files\Android\Android Studio\bin;;C:\WINDOWS\system32;C:\WINDOWS;C:\WINDOWS\System32\Wbem;C:\WINDOWS\System32\WindowsPowerShell\v1.0\;C:\WINDOWS\System32\OpenSSH\;C:\Program Files\nodejs\;C:\Program Files\MySQL\MySQL Shell 8.0\bin\;C:\Users\raque\AppData\Local\Microsoft\WindowsApps;C:\Program Files\JetBrains\IntelliJ IDEA Community Edition 2021.3.1\bin;;C:\Users\raque\Documents\flutter_windows_2.10.4-stable\flutter\bin;'C:\Users\raque\AppData\Local\Packages\PythonSoftwareFoundation.Python.3.10_qbz5n2kfra8p0\LocalCache\local-packages\Python310\Scripts;C:\Users\raque\AppData\Local\Programs\Microsoft VS Code\bin;C:\Users\raque\AppData\Roaming\npm
USERNAME=raque
OS=Windows_NT
PROCESSOR_IDENTIFIER=AMD64 Family 25 Model 80 Stepping 0, AuthenticAMD



---------------  S Y S T E M  ---------------

OS: Windows 11 , 64 bit Build 22621 (10.0.22621.1344)
OS uptime: 19 days 1:22 hours
Hyper-V role detected

CPU:total 16 (initial active 16) (16 cores per cpu, 2 threads per core) family 25 model 80 stepping 0 microcode 0x0, cmov, cx8, fxsr, mmx, sse, sse2, sse3, ssse3, sse4.1, sse4.2, popcnt, avx, avx2, aes, clmul, erms, mmxext, 3dnowpref, lzcnt, sse4a, ht, tsc, tscinvbit, tscinv, bmi1, bmi2, adx, sha, fma

Memory: 4k page, system-wide physical 15716M (299M free)
TotalPageFile size 64868M (AvailPageFile size 4M)
current process WorkingSet (physical memory assigned to process): 258M, peak: 258M
current process commit charge ("private bytes"): 426M, peak: 426M

vm_info: OpenJDK 64-Bit Server VM (11.0.15+0-b2043.56-9505619) for windows-amd64 JRE (11.0.15+0-b2043.56-9505619), built on Jan 19 2023 02:48:00 by "builduser" with unknown MS VC++:1929

END.
