#
# There is insufficient memory for the Java Runtime Environment to continue.
# Native memory allocation (malloc) failed to allocate 2189776 bytes for Chunk::new
# Possible reasons:
#   The system is out of physical RAM or swap space
#   The process is running with CompressedOops enabled, and the Java Heap may be blocking the growth of the native heap
# Possible solutions:
#   Reduce memory load on the system
#   Increase physical memory or swap space
#   Check if swap backing store is full
#   Decrease Java heap size (-Xmx/-Xms)
#   Decrease number of Java threads
#   Decrease Java thread stack sizes (-Xss)
#   Set larger code cache with -XX:ReservedCodeCacheSize=
#   JVM is running with Unscaled Compressed Oops mode in which the Java heap is
#     placed in the first 4GB address space. The Java Heap base address is the
#     maximum limit for the native heap growth. Please use -XX:HeapBaseMinAddress
#     to set the Java Heap base and to place the Java Heap above 4GB virtual address.
# This output file may be truncated or incomplete.
#
#  Out of Memory Error (src/hotspot/share/memory/arena.cpp:197), pid=22932, tid=29236
#
# JRE version: OpenJDK Runtime Environment (11.0.15) (build 11.0.15+0-b2043.56-9505619)
# Java VM: OpenJDK 64-Bit Server VM (11.0.15+0-b2043.56-9505619, mixed mode, tiered, compressed oops, g1 gc, windows-amd64)
# No core dump will be written. Minidumps are not enabled by default on client versions of Windows
#

---------------  S U M M A R Y ------------

Command Line: --add-opens=java.base/java.util=ALL-UNNAMED --add-opens=java.base/java.lang=ALL-UNNAMED --add-opens=java.base/java.lang.invoke=ALL-UNNAMED --add-opens=java.base/java.util=ALL-UNNAMED --add-opens=java.prefs/java.util.prefs=ALL-UNNAMED --add-opens=java.prefs/java.util.prefs=ALL-UNNAMED --add-opens=java.base/java.nio.charset=ALL-UNNAMED --add-opens=java.base/java.net=ALL-UNNAMED --add-opens=java.base/java.util.concurrent.atomic=ALL-UNNAMED -Xmx2048m -Dfile.encoding=UTF-8 -Duser.country=US -Duser.language=en -Duser.variant org.gradle.launcher.daemon.bootstrap.GradleDaemon 7.5

Host: AMD Ryzen 7 5800H with Radeon Graphics         , 16 cores, 15G,  Windows 11 , 64 bit Build 22621 (10.0.22621.1344)
Time: Fri Apr 21 11:20:31 2023 Romance Daylight Time elapsed time: 4.527845 seconds (0d 0h 0m 4s)

---------------  T H R E A D  ---------------

Current thread (0x00000235b3b50000):  JavaThread "C2 CompilerThread0" daemon [_thread_in_native, id=29236, stack(0x000000501a000000,0x000000501a100000)]


Current CompileTask:
C2:   4527 3852       4       org.codehaus.groovy.runtime.metaclass.MetaMethodIndex::addMethodToList (131 bytes)

Stack: [0x000000501a000000,0x000000501a100000]
Native frames: (J=compiled Java code, j=interpreted, Vv=VM code, C=native code)
V  [jvm.dll+0x64135a]
V  [jvm.dll+0x7d39f9]
V  [jvm.dll+0x7d51b9]
V  [jvm.dll+0x7d58a3]
V  [jvm.dll+0x2691c5]
V  [jvm.dll+0xc1a5c]
V  [jvm.dll+0xc200c]
V  [jvm.dll+0x377462]
V  [jvm.dll+0x342495]
V  [jvm.dll+0x34186a]
V  [jvm.dll+0x2214bd]
V  [jvm.dll+0x220498]
V  [jvm.dll+0x19e851]
V  [jvm.dll+0x230479]
V  [jvm.dll+0x22e5ef]
V  [jvm.dll+0x794de1]
V  [jvm.dll+0x78dc24]
V  [jvm.dll+0x6400f6]
C  [ucrtbase.dll+0x29363]
C  [KERNEL32.DLL+0x126bd]
C  [ntdll.dll+0x5a9f8]


---------------  P R O C E S S  ---------------

Threads class SMR info:
_java_thread_list=0x00000235b81e4c40, length=36, elements={
0x0000023598311800, 0x00000235b3aef000, 0x00000235b3af0000, 0x00000235b3b4a800,
0x00000235b3b4c000, 0x00000235b3b4f000, 0x00000235b3b50000, 0x00000235b3b5d000,
0x00000235b3b61800, 0x00000235b3285000, 0x00000235b3ccf000, 0x00000235b636a800,
0x00000235b5ef3000, 0x00000235b5b30000, 0x00000235b6024800, 0x00000235b598b000,
0x00000235b52e0000, 0x00000235b5eac000, 0x00000235b5eac800, 0x00000235b5a43800,
0x00000235b5ead800, 0x00000235b5e9a800, 0x00000235b5e98000, 0x00000235b5e99800,
0x00000235b5e98800, 0x00000235b5e9c000, 0x00000235b5e9d000, 0x00000235b5e9b000,
0x00000235b5e9d800, 0x00000235b5e9e800, 0x00000235b82b5000, 0x00000235b82b5800,
0x00000235b82b6800, 0x00000235b82b9000, 0x00000235b82b9800, 0x00000235b82b4000
}

Java Threads: ( => current thread )
  0x0000023598311800 JavaThread "main" [_thread_blocked, id=21416, stack(0x0000005019400000,0x0000005019500000)]
  0x00000235b3aef000 JavaThread "Reference Handler" daemon [_thread_blocked, id=20616, stack(0x0000005019b00000,0x0000005019c00000)]
  0x00000235b3af0000 JavaThread "Finalizer" daemon [_thread_blocked, id=30504, stack(0x0000005019c00000,0x0000005019d00000)]
  0x00000235b3b4a800 JavaThread "Signal Dispatcher" daemon [_thread_blocked, id=9676, stack(0x0000005019d00000,0x0000005019e00000)]
  0x00000235b3b4c000 JavaThread "Attach Listener" daemon [_thread_blocked, id=10504, stack(0x0000005019e00000,0x0000005019f00000)]
  0x00000235b3b4f000 JavaThread "Service Thread" daemon [_thread_blocked, id=608, stack(0x0000005019f00000,0x000000501a000000)]
=>0x00000235b3b50000 JavaThread "C2 CompilerThread0" daemon [_thread_in_native, id=29236, stack(0x000000501a000000,0x000000501a100000)]
  0x00000235b3b5d000 JavaThread "C1 CompilerThread0" daemon [_thread_blocked, id=13376, stack(0x000000501a100000,0x000000501a200000)]
  0x00000235b3b61800 JavaThread "Sweeper thread" daemon [_thread_blocked, id=11940, stack(0x000000501a200000,0x000000501a300000)]
  0x00000235b3285000 JavaThread "C1 CompilerThread1" daemon [_thread_blocked, id=4256, stack(0x000000501a300000,0x000000501a400000)]
  0x00000235b3ccf000 JavaThread "Common-Cleaner" daemon [_thread_blocked, id=21664, stack(0x000000501a400000,0x000000501a500000)]
  0x00000235b636a800 JavaThread "Daemon health stats" [_thread_blocked, id=15792, stack(0x000000501aa00000,0x000000501ab00000)]
  0x00000235b5ef3000 JavaThread "Incoming local TCP Connector on port 50152" [_thread_in_native, id=18608, stack(0x000000501ab00000,0x000000501ac00000)]
  0x00000235b5b30000 JavaThread "Daemon periodic checks" [_thread_blocked, id=28480, stack(0x000000501ac00000,0x000000501ad00000)]
  0x00000235b6024800 JavaThread "Daemon" [_thread_blocked, id=23244, stack(0x000000501ad00000,0x000000501ae00000)]
  0x00000235b598b000 JavaThread "Handler for socket connection from /127.0.0.1:50152 to /127.0.0.1:50153" [_thread_in_native, id=10336, stack(0x000000501ae00000,0x000000501af00000)]
  0x00000235b52e0000 JavaThread "Cancel handler" [_thread_blocked, id=20016, stack(0x000000501af00000,0x000000501b000000)]
  0x00000235b5eac000 JavaThread "Daemon worker" [_thread_in_vm, id=25956, stack(0x000000501b000000,0x000000501b100000)]
  0x00000235b5eac800 JavaThread "Asynchronous log dispatcher for DefaultDaemonConnection: socket connection from /127.0.0.1:50152 to /127.0.0.1:50153" [_thread_blocked, id=23716, stack(0x000000501b100000,0x000000501b200000)]
  0x00000235b5a43800 JavaThread "Stdin handler" [_thread_blocked, id=28032, stack(0x000000501b200000,0x000000501b300000)]
  0x00000235b5ead800 JavaThread "Daemon client event forwarder" [_thread_blocked, id=27228, stack(0x000000501b300000,0x000000501b400000)]
  0x00000235b5e9a800 JavaThread "Cache worker for journal cache (C:\Users\raque\.gradle\caches\journal-1)" [_thread_blocked, id=9872, stack(0x000000501b400000,0x000000501b500000)]
  0x00000235b5e98000 JavaThread "File lock request listener" [_thread_in_native, id=19612, stack(0x000000501b500000,0x000000501b600000)]
  0x00000235b5e99800 JavaThread "Cache worker for file hash cache (C:\Users\raque\.gradle\caches\7.5\fileHashes)" [_thread_blocked, id=2624, stack(0x000000501c000000,0x000000501c100000)]
  0x00000235b5e98800 JavaThread "File watcher server" daemon [_thread_in_native, id=19120, stack(0x000000501c100000,0x000000501c200000)]
  0x00000235b5e9c000 JavaThread "File watcher consumer" daemon [_thread_blocked, id=29984, stack(0x000000501c200000,0x000000501c300000)]
  0x00000235b5e9d000 JavaThread "Cache worker for checksums cache (C:\Users\raque\Desktop\Laboratorios_android\AlephDef\AlephTea_Activities\.gradle\7.5\checksums)" [_thread_blocked, id=3644, stack(0x000000501c300000,0x000000501c400000)]
  0x00000235b5e9b000 JavaThread "Cache worker for cache directory md-rule (C:\Users\raque\.gradle\caches\7.5\md-rule)" [_thread_blocked, id=2812, stack(0x000000501c400000,0x000000501c500000)]
  0x00000235b5e9d800 JavaThread "Cache worker for file content cache (C:\Users\raque\.gradle\caches\7.5\fileContent)" [_thread_blocked, id=12332, stack(0x000000501c500000,0x000000501c600000)]
  0x00000235b5e9e800 JavaThread "Cache worker for file hash cache (C:\Users\raque\Desktop\Laboratorios_android\AlephDef\AlephTea_Activities\.gradle\7.5\fileHashes)" [_thread_blocked, id=17316, stack(0x000000501c600000,0x000000501c700000)]
  0x00000235b82b5000 JavaThread "Cache worker for cache directory md-supplier (C:\Users\raque\.gradle\caches\7.5\md-supplier)" [_thread_blocked, id=29292, stack(0x000000501c700000,0x000000501c800000)]
  0x00000235b82b5800 JavaThread "Cache worker for execution history cache (C:\Users\raque\.gradle\caches\7.5\executionHistory)" [_thread_blocked, id=26684, stack(0x000000501c800000,0x000000501c900000)]
  0x00000235b82b6800 JavaThread "jar transforms" [_thread_blocked, id=27152, stack(0x000000501c900000,0x000000501ca00000)]
  0x00000235b82b9000 JavaThread "jar transforms Thread 2" [_thread_blocked, id=25760, stack(0x000000501ca00000,0x000000501cb00000)]
  0x00000235b82b9800 JavaThread "jar transforms Thread 3" [_thread_blocked, id=8888, stack(0x000000501cb00000,0x000000501cc00000)]
  0x00000235b82b4000 JavaThread "jar transforms Thread 4" [_thread_blocked, id=27140, stack(0x000000501cc00000,0x000000501cd00000)]

Other Threads:
  0x00000235b3ae8800 VMThread "VM Thread" [stack: 0x0000005019a00000,0x0000005019b00000] [id=504]
  0x00000235b3d2f800 WatcherThread [stack: 0x000000501a500000,0x000000501a600000] [id=21132]
  0x0000023598328800 GCTaskThread "GC Thread#0" [stack: 0x0000005019500000,0x0000005019600000] [id=16108]
  0x00000235b4640800 GCTaskThread "GC Thread#1" [stack: 0x000000501a600000,0x000000501a700000] [id=27880]
  0x00000235b4948800 GCTaskThread "GC Thread#2" [stack: 0x000000501a700000,0x000000501a800000] [id=7196]
  0x00000235b442d000 GCTaskThread "GC Thread#3" [stack: 0x000000501a800000,0x000000501a900000] [id=17500]
  0x00000235b442d800 GCTaskThread "GC Thread#4" [stack: 0x000000501a900000,0x000000501aa00000] [id=19740]
  0x00000235b6176000 GCTaskThread "GC Thread#5" [stack: 0x000000501b600000,0x000000501b700000] [id=25744]
  0x00000235b6204800 GCTaskThread "GC Thread#6" [stack: 0x000000501b700000,0x000000501b800000] [id=12096]
  0x00000235b61c8800 GCTaskThread "GC Thread#7" [stack: 0x000000501b800000,0x000000501b900000] [id=2996]
  0x00000235b61c9800 GCTaskThread "GC Thread#8" [stack: 0x000000501b900000,0x000000501ba00000] [id=15588]
  0x00000235b6195800 GCTaskThread "GC Thread#9" [stack: 0x000000501ba00000,0x000000501bb00000] [id=29232]
  0x00000235b6196000 GCTaskThread "GC Thread#10" [stack: 0x000000501bb00000,0x000000501bc00000] [id=27268]
  0x00000235b628f000 GCTaskThread "GC Thread#11" [stack: 0x000000501bc00000,0x000000501bd00000] [id=15228]
  0x00000235b6290000 GCTaskThread "GC Thread#12" [stack: 0x000000501bd00000,0x000000501be00000] [id=23932]
  0x000002359835e800 ConcurrentGCThread "G1 Main Marker" [stack: 0x0000005019600000,0x0000005019700000] [id=5264]
  0x000002359835f800 ConcurrentGCThread "G1 Conc#0" [stack: 0x0000005019700000,0x0000005019800000] [id=10316]
  0x00000235b48ab000 ConcurrentGCThread "G1 Conc#1" [stack: 0x000000501be00000,0x000000501bf00000] [id=7864]
  0x00000235b62cd000 ConcurrentGCThread "G1 Conc#2" [stack: 0x000000501bf00000,0x000000501c000000] [id=4140]
  0x00000235983dd000 ConcurrentGCThread "G1 Refine#0" [stack: 0x0000005019800000,0x0000005019900000] [id=23936]
  0x00000235983de800 ConcurrentGCThread "G1 Young RemSet Sampling" [stack: 0x0000005019900000,0x0000005019a00000] [id=13032]

Threads with active compile tasks:
C2 CompilerThread0     4552 3852       4       org.codehaus.groovy.runtime.metaclass.MetaMethodIndex::addMethodToList (131 bytes)

VM state:not at safepoint (normal execution)

VM Mutex/Monitor currently owned by a thread: None

Heap address: 0x0000000080000000, size: 2048 MB, Compressed Oops mode: 32-bit
Narrow klass base: 0x0000000000000000, Narrow klass shift: 3
Compressed class space size: 1073741824 Address: 0x0000000100000000

Heap:
 garbage-first heap   total 251904K, used 97048K [0x0000000080000000, 0x0000000100000000)
  region size 1024K, 78 young (79872K), 6 survivors (6144K)
 Metaspace       used 41570K, capacity 42531K, committed 42672K, reserved 1087488K
  class space    used 5244K, capacity 5608K, committed 5632K, reserved 1048576K
Heap Regions: E=young(eden), S=young(survivor), O=old, HS=humongous(starts), HC=humongous(continues), CS=collection set, F=free, A=archive, TAMS=top-at-mark-start (previous, next)
|   0|0x0000000080000000, 0x0000000080100000, 0x0000000080100000|100%| O|  |TAMS 0x0000000080100000, 0x0000000080000000| Untracked 
|   1|0x0000000080100000, 0x0000000080200000, 0x0000000080200000|100%| O|  |TAMS 0x0000000080200000, 0x0000000080100000| Untracked 
|   2|0x0000000080200000, 0x0000000080300000, 0x0000000080300000|100%| O|  |TAMS 0x0000000080300000, 0x0000000080200000| Untracked 
|   3|0x0000000080300000, 0x0000000080400000, 0x0000000080400000|100%|HS|  |TAMS 0x0000000080400000, 0x0000000080300000| Complete 
|   4|0x0000000080400000, 0x0000000080500000, 0x0000000080500000|100%|HC|  |TAMS 0x0000000080500000, 0x0000000080400000| Complete 
|   5|0x0000000080500000, 0x0000000080600000, 0x0000000080600000|100%|HC|  |TAMS 0x0000000080600000, 0x0000000080500000| Complete 
|   6|0x0000000080600000, 0x0000000080700000, 0x0000000080700000|100%| O|  |TAMS 0x0000000080700000, 0x0000000080600000| Untracked 
|   7|0x0000000080700000, 0x0000000080800000, 0x0000000080800000|100%| O|  |TAMS 0x0000000080800000, 0x0000000080700000| Untracked 
|   8|0x0000000080800000, 0x0000000080900000, 0x0000000080900000|100%| O|  |TAMS 0x0000000080900000, 0x0000000080800000| Untracked 
|   9|0x0000000080900000, 0x0000000080a00000, 0x0000000080a00000|100%| O|  |TAMS 0x0000000080a00000, 0x0000000080900000| Untracked 
|  10|0x0000000080a00000, 0x0000000080b00000, 0x0000000080b00000|100%| O|  |TAMS 0x0000000080b00000, 0x0000000080a00000| Untracked 
|  11|0x0000000080b00000, 0x0000000080c00000, 0x0000000080c00000|100%| O|  |TAMS 0x0000000080c00000, 0x0000000080b00000| Untracked 
|  12|0x0000000080c00000, 0x0000000080d00000, 0x0000000080d00000|100%| O|  |TAMS 0x0000000080d00000, 0x0000000080c00000| Untracked 
|  13|0x0000000080d00000, 0x0000000080e00000, 0x0000000080e00000|100%| O|  |TAMS 0x0000000080e00000, 0x0000000080d00000| Untracked 
|  14|0x0000000080e00000, 0x0000000080f00000, 0x0000000080f00000|100%| O|  |TAMS 0x0000000080f00000, 0x0000000080e00000| Untracked 
|  15|0x0000000080f00000, 0x0000000081000000, 0x0000000081000000|100%| O|  |TAMS 0x0000000081000000, 0x0000000080f00000| Untracked 
|  16|0x0000000081000000, 0x000000008105aa00, 0x0000000081100000| 35%| O|  |TAMS 0x000000008105aa00, 0x0000000081000000| Untracked 
|  17|0x0000000081100000, 0x0000000081200000, 0x0000000081200000|100%|HS|  |TAMS 0x0000000081100000, 0x0000000081100000| Complete 
|  18|0x0000000081200000, 0x0000000081300000, 0x0000000081300000|100%|HS|  |TAMS 0x0000000081200000, 0x0000000081200000| Complete 
|  19|0x0000000081300000, 0x0000000081400000, 0x0000000081400000|100%|HC|  |TAMS 0x0000000081300000, 0x0000000081300000| Complete 
|  20|0x0000000081400000, 0x0000000081400000, 0x0000000081500000|  0%| F|  |TAMS 0x0000000081400000, 0x0000000081400000| Untracked 
|  21|0x0000000081500000, 0x0000000081500000, 0x0000000081600000|  0%| F|  |TAMS 0x0000000081500000, 0x0000000081500000| Untracked 
|  22|0x0000000081600000, 0x0000000081600000, 0x0000000081700000|  0%| F|  |TAMS 0x0000000081600000, 0x0000000081600000| Untracked 
|  23|0x0000000081700000, 0x0000000081700000, 0x0000000081800000|  0%| F|  |TAMS 0x0000000081700000, 0x0000000081700000| Untracked 
|  24|0x0000000081800000, 0x0000000081800000, 0x0000000081900000|  0%| F|  |TAMS 0x0000000081800000, 0x0000000081800000| Untracked 
|  25|0x0000000081900000, 0x0000000081900000, 0x0000000081a00000|  0%| F|  |TAMS 0x0000000081900000, 0x0000000081900000| Untracked 
|  26|0x0000000081a00000, 0x0000000081a00000, 0x0000000081b00000|  0%| F|  |TAMS 0x0000000081a00000, 0x0000000081a00000| Untracked 
|  27|0x0000000081b00000, 0x0000000081b00000, 0x0000000081c00000|  0%| F|  |TAMS 0x0000000081b00000, 0x0000000081b00000| Untracked 
|  28|0x0000000081c00000, 0x0000000081c00000, 0x0000000081d00000|  0%| F|  |TAMS 0x0000000081c00000, 0x0000000081c00000| Untracked 
|  29|0x0000000081d00000, 0x0000000081d00000, 0x0000000081e00000|  0%| F|  |TAMS 0x0000000081d00000, 0x0000000081d00000| Untracked 
|  30|0x0000000081e00000, 0x0000000081e00000, 0x0000000081f00000|  0%| F|  |TAMS 0x0000000081e00000, 0x0000000081e00000| Untracked 
|  31|0x0000000081f00000, 0x0000000081f00000, 0x0000000082000000|  0%| F|  |TAMS 0x0000000081f00000, 0x0000000081f00000| Untracked 
|  32|0x0000000082000000, 0x0000000082000000, 0x0000000082100000|  0%| F|  |TAMS 0x0000000082000000, 0x0000000082000000| Untracked 
|  33|0x0000000082100000, 0x0000000082100000, 0x0000000082200000|  0%| F|  |TAMS 0x0000000082100000, 0x0000000082100000| Untracked 
|  34|0x0000000082200000, 0x0000000082200000, 0x0000000082300000|  0%| F|  |TAMS 0x0000000082200000, 0x0000000082200000| Untracked 
|  35|0x0000000082300000, 0x0000000082300000, 0x0000000082400000|  0%| F|  |TAMS 0x0000000082300000, 0x0000000082300000| Untracked 
|  36|0x0000000082400000, 0x0000000082400000, 0x0000000082500000|  0%| F|  |TAMS 0x0000000082400000, 0x0000000082400000| Untracked 
|  37|0x0000000082500000, 0x0000000082500000, 0x0000000082600000|  0%| F|  |TAMS 0x0000000082500000, 0x0000000082500000| Untracked 
|  38|0x0000000082600000, 0x0000000082600000, 0x0000000082700000|  0%| F|  |TAMS 0x0000000082600000, 0x0000000082600000| Untracked 
|  39|0x0000000082700000, 0x0000000082700000, 0x0000000082800000|  0%| F|  |TAMS 0x0000000082700000, 0x0000000082700000| Untracked 
|  40|0x0000000082800000, 0x0000000082800000, 0x0000000082900000|  0%| F|  |TAMS 0x0000000082800000, 0x0000000082800000| Untracked 
|  41|0x0000000082900000, 0x0000000082900000, 0x0000000082a00000|  0%| F|  |TAMS 0x0000000082900000, 0x0000000082900000| Untracked 
|  42|0x0000000082a00000, 0x0000000082a00000, 0x0000000082b00000|  0%| F|  |TAMS 0x0000000082a00000, 0x0000000082a00000| Untracked 
|  43|0x0000000082b00000, 0x0000000082b00000, 0x0000000082c00000|  0%| F|  |TAMS 0x0000000082b00000, 0x0000000082b00000| Untracked 
|  44|0x0000000082c00000, 0x0000000082c00000, 0x0000000082d00000|  0%| F|  |TAMS 0x0000000082c00000, 0x0000000082c00000| Untracked 
|  45|0x0000000082d00000, 0x0000000082d00000, 0x0000000082e00000|  0%| F|  |TAMS 0x0000000082d00000, 0x0000000082d00000| Untracked 
|  46|0x0000000082e00000, 0x0000000082e00000, 0x0000000082f00000|  0%| F|  |TAMS 0x0000000082e00000, 0x0000000082e00000| Untracked 
|  47|0x0000000082f00000, 0x0000000082f00000, 0x0000000083000000|  0%| F|  |TAMS 0x0000000082f00000, 0x0000000082f00000| Untracked 
|  48|0x0000000083000000, 0x0000000083000000, 0x0000000083100000|  0%| F|  |TAMS 0x0000000083000000, 0x0000000083000000| Untracked 
|  49|0x0000000083100000, 0x0000000083100000, 0x0000000083200000|  0%| F|  |TAMS 0x0000000083100000, 0x0000000083100000| Untracked 
|  50|0x0000000083200000, 0x0000000083200000, 0x0000000083300000|  0%| F|  |TAMS 0x0000000083200000, 0x0000000083200000| Untracked 
|  51|0x0000000083300000, 0x0000000083300000, 0x0000000083400000|  0%| F|  |TAMS 0x0000000083300000, 0x0000000083300000| Untracked 
|  52|0x0000000083400000, 0x0000000083400000, 0x0000000083500000|  0%| F|  |TAMS 0x0000000083400000, 0x0000000083400000| Untracked 
|  53|0x0000000083500000, 0x0000000083500000, 0x0000000083600000|  0%| F|  |TAMS 0x0000000083500000, 0x0000000083500000| Untracked 
|  54|0x0000000083600000, 0x0000000083600000, 0x0000000083700000|  0%| F|  |TAMS 0x0000000083600000, 0x0000000083600000| Untracked 
|  55|0x0000000083700000, 0x0000000083700000, 0x0000000083800000|  0%| F|  |TAMS 0x0000000083700000, 0x0000000083700000| Untracked 
|  56|0x0000000083800000, 0x0000000083800000, 0x0000000083900000|  0%| F|  |TAMS 0x0000000083800000, 0x0000000083800000| Untracked 
|  57|0x0000000083900000, 0x0000000083900000, 0x0000000083a00000|  0%| F|  |TAMS 0x0000000083900000, 0x0000000083900000| Untracked 
|  58|0x0000000083a00000, 0x0000000083a00000, 0x0000000083b00000|  0%| F|  |TAMS 0x0000000083a00000, 0x0000000083a00000| Untracked 
|  59|0x0000000083b00000, 0x0000000083b00000, 0x0000000083c00000|  0%| F|  |TAMS 0x0000000083b00000, 0x0000000083b00000| Untracked 
|  60|0x0000000083c00000, 0x0000000083c00000, 0x0000000083d00000|  0%| F|  |TAMS 0x0000000083c00000, 0x0000000083c00000| Untracked 
|  61|0x0000000083d00000, 0x0000000083d00000, 0x0000000083e00000|  0%| F|  |TAMS 0x0000000083d00000, 0x0000000083d00000| Untracked 
|  62|0x0000000083e00000, 0x0000000083e00000, 0x0000000083f00000|  0%| F|  |TAMS 0x0000000083e00000, 0x0000000083e00000| Untracked 
|  63|0x0000000083f00000, 0x0000000083f00000, 0x0000000084000000|  0%| F|  |TAMS 0x0000000083f00000, 0x0000000083f00000| Untracked 
|  64|0x0000000084000000, 0x0000000084000000, 0x0000000084100000|  0%| F|  |TAMS 0x0000000084000000, 0x0000000084000000| Untracked 
|  65|0x0000000084100000, 0x0000000084100000, 0x0000000084200000|  0%| F|  |TAMS 0x0000000084100000, 0x0000000084100000| Untracked 
|  66|0x0000000084200000, 0x0000000084200000, 0x0000000084300000|  0%| F|  |TAMS 0x0000000084200000, 0x0000000084200000| Untracked 
|  67|0x0000000084300000, 0x0000000084300000, 0x0000000084400000|  0%| F|  |TAMS 0x0000000084300000, 0x0000000084300000| Untracked 
|  68|0x0000000084400000, 0x0000000084400000, 0x0000000084500000|  0%| F|  |TAMS 0x0000000084400000, 0x0000000084400000| Untracked 
|  69|0x0000000084500000, 0x0000000084500000, 0x0000000084600000|  0%| F|  |TAMS 0x0000000084500000, 0x0000000084500000| Untracked 
|  70|0x0000000084600000, 0x0000000084600000, 0x0000000084700000|  0%| F|  |TAMS 0x0000000084600000, 0x0000000084600000| Untracked 
|  71|0x0000000084700000, 0x0000000084700000, 0x0000000084800000|  0%| F|  |TAMS 0x0000000084700000, 0x0000000084700000| Untracked 
|  72|0x0000000084800000, 0x0000000084800000, 0x0000000084900000|  0%| F|  |TAMS 0x0000000084800000, 0x0000000084800000| Untracked 
|  73|0x0000000084900000, 0x0000000084900000, 0x0000000084a00000|  0%| F|  |TAMS 0x0000000084900000, 0x0000000084900000| Untracked 
|  74|0x0000000084a00000, 0x0000000084a00000, 0x0000000084b00000|  0%| F|  |TAMS 0x0000000084a00000, 0x0000000084a00000| Untracked 
|  75|0x0000000084b00000, 0x0000000084b00000, 0x0000000084c00000|  0%| F|  |TAMS 0x0000000084b00000, 0x0000000084b00000| Untracked 
|  76|0x0000000084c00000, 0x0000000084c00000, 0x0000000084d00000|  0%| F|  |TAMS 0x0000000084c00000, 0x0000000084c00000| Untracked 
|  77|0x0000000084d00000, 0x0000000084d00000, 0x0000000084e00000|  0%| F|  |TAMS 0x0000000084d00000, 0x0000000084d00000| Untracked 
|  78|0x0000000084e00000, 0x0000000084e00000, 0x0000000084f00000|  0%| F|  |TAMS 0x0000000084e00000, 0x0000000084e00000| Untracked 
|  79|0x0000000084f00000, 0x0000000084f00000, 0x0000000085000000|  0%| F|  |TAMS 0x0000000084f00000, 0x0000000084f00000| Untracked 
|  80|0x0000000085000000, 0x0000000085000000, 0x0000000085100000|  0%| F|  |TAMS 0x0000000085000000, 0x0000000085000000| Untracked 
|  81|0x0000000085100000, 0x0000000085100000, 0x0000000085200000|  0%| F|  |TAMS 0x0000000085100000, 0x0000000085100000| Untracked 
|  82|0x0000000085200000, 0x0000000085200000, 0x0000000085300000|  0%| F|  |TAMS 0x0000000085200000, 0x0000000085200000| Untracked 
|  83|0x0000000085300000, 0x0000000085300000, 0x0000000085400000|  0%| F|  |TAMS 0x0000000085300000, 0x0000000085300000| Untracked 
|  84|0x0000000085400000, 0x0000000085400000, 0x0000000085500000|  0%| F|  |TAMS 0x0000000085400000, 0x0000000085400000| Untracked 
|  85|0x0000000085500000, 0x0000000085500000, 0x0000000085600000|  0%| F|  |TAMS 0x0000000085500000, 0x0000000085500000| Untracked 
|  86|0x0000000085600000, 0x0000000085600000, 0x0000000085700000|  0%| F|  |TAMS 0x0000000085600000, 0x0000000085600000| Untracked 
|  87|0x0000000085700000, 0x0000000085700000, 0x0000000085800000|  0%| F|  |TAMS 0x0000000085700000, 0x0000000085700000| Untracked 
|  88|0x0000000085800000, 0x0000000085800000, 0x0000000085900000|  0%| F|  |TAMS 0x0000000085800000, 0x0000000085800000| Untracked 
|  89|0x0000000085900000, 0x0000000085900000, 0x0000000085a00000|  0%| F|  |TAMS 0x0000000085900000, 0x0000000085900000| Untracked 
|  90|0x0000000085a00000, 0x0000000085a00000, 0x0000000085b00000|  0%| F|  |TAMS 0x0000000085a00000, 0x0000000085a00000| Untracked 
|  91|0x0000000085b00000, 0x0000000085b00000, 0x0000000085c00000|  0%| F|  |TAMS 0x0000000085b00000, 0x0000000085b00000| Untracked 
|  92|0x0000000085c00000, 0x0000000085c00000, 0x0000000085d00000|  0%| F|  |TAMS 0x0000000085c00000, 0x0000000085c00000| Untracked 
|  93|0x0000000085d00000, 0x0000000085d00000, 0x0000000085e00000|  0%| F|  |TAMS 0x0000000085d00000, 0x0000000085d00000| Untracked 
|  94|0x0000000085e00000, 0x0000000085e00000, 0x0000000085f00000|  0%| F|  |TAMS 0x0000000085e00000, 0x0000000085e00000| Untracked 
|  95|0x0000000085f00000, 0x0000000085f00000, 0x0000000086000000|  0%| F|  |TAMS 0x0000000085f00000, 0x0000000085f00000| Untracked 
|  96|0x0000000086000000, 0x0000000086000000, 0x0000000086100000|  0%| F|  |TAMS 0x0000000086000000, 0x0000000086000000| Untracked 
|  97|0x0000000086100000, 0x0000000086100000, 0x0000000086200000|  0%| F|  |TAMS 0x0000000086100000, 0x0000000086100000| Untracked 
|  98|0x0000000086200000, 0x0000000086200000, 0x0000000086300000|  0%| F|  |TAMS 0x0000000086200000, 0x0000000086200000| Untracked 
|  99|0x0000000086300000, 0x0000000086300000, 0x0000000086400000|  0%| F|  |TAMS 0x0000000086300000, 0x0000000086300000| Untracked 
| 100|0x0000000086400000, 0x0000000086400000, 0x0000000086500000|  0%| F|  |TAMS 0x0000000086400000, 0x0000000086400000| Untracked 
| 101|0x0000000086500000, 0x0000000086500000, 0x0000000086600000|  0%| F|  |TAMS 0x0000000086500000, 0x0000000086500000| Untracked 
| 102|0x0000000086600000, 0x0000000086600000, 0x0000000086700000|  0%| F|  |TAMS 0x0000000086600000, 0x0000000086600000| Untracked 
| 103|0x0000000086700000, 0x0000000086700000, 0x0000000086800000|  0%| F|  |TAMS 0x0000000086700000, 0x0000000086700000| Untracked 
| 104|0x0000000086800000, 0x0000000086800000, 0x0000000086900000|  0%| F|  |TAMS 0x0000000086800000, 0x0000000086800000| Untracked 
| 105|0x0000000086900000, 0x0000000086900000, 0x0000000086a00000|  0%| F|  |TAMS 0x0000000086900000, 0x0000000086900000| Untracked 
| 106|0x0000000086a00000, 0x0000000086a00000, 0x0000000086b00000|  0%| F|  |TAMS 0x0000000086a00000, 0x0000000086a00000| Untracked 
| 107|0x0000000086b00000, 0x0000000086b00000, 0x0000000086c00000|  0%| F|  |TAMS 0x0000000086b00000, 0x0000000086b00000| Untracked 
| 108|0x0000000086c00000, 0x0000000086c00000, 0x0000000086d00000|  0%| F|  |TAMS 0x0000000086c00000, 0x0000000086c00000| Untracked 
| 109|0x0000000086d00000, 0x0000000086d00000, 0x0000000086e00000|  0%| F|  |TAMS 0x0000000086d00000, 0x0000000086d00000| Untracked 
| 110|0x0000000086e00000, 0x0000000086e00000, 0x0000000086f00000|  0%| F|  |TAMS 0x0000000086e00000, 0x0000000086e00000| Untracked 
| 111|0x0000000086f00000, 0x0000000086f00000, 0x0000000087000000|  0%| F|  |TAMS 0x0000000086f00000, 0x0000000086f00000| Untracked 
| 112|0x0000000087000000, 0x0000000087000000, 0x0000000087100000|  0%| F|  |TAMS 0x0000000087000000, 0x0000000087000000| Untracked 
| 113|0x0000000087100000, 0x0000000087100000, 0x0000000087200000|  0%| F|  |TAMS 0x0000000087100000, 0x0000000087100000| Untracked 
| 114|0x0000000087200000, 0x0000000087200000, 0x0000000087300000|  0%| F|  |TAMS 0x0000000087200000, 0x0000000087200000| Untracked 
| 115|0x0000000087300000, 0x0000000087300000, 0x0000000087400000|  0%| F|  |TAMS 0x0000000087300000, 0x0000000087300000| Untracked 
| 116|0x0000000087400000, 0x0000000087400000, 0x0000000087500000|  0%| F|  |TAMS 0x0000000087400000, 0x0000000087400000| Untracked 
| 117|0x0000000087500000, 0x0000000087500000, 0x0000000087600000|  0%| F|  |TAMS 0x0000000087500000, 0x0000000087500000| Untracked 
| 118|0x0000000087600000, 0x0000000087600000, 0x0000000087700000|  0%| F|  |TAMS 0x0000000087600000, 0x0000000087600000| Untracked 
| 119|0x0000000087700000, 0x0000000087700000, 0x0000000087800000|  0%| F|  |TAMS 0x0000000087700000, 0x0000000087700000| Untracked 
| 120|0x0000000087800000, 0x0000000087800000, 0x0000000087900000|  0%| F|  |TAMS 0x0000000087800000, 0x0000000087800000| Untracked 
| 121|0x0000000087900000, 0x0000000087900000, 0x0000000087a00000|  0%| F|  |TAMS 0x0000000087900000, 0x0000000087900000| Untracked 
| 122|0x0000000087a00000, 0x0000000087a00000, 0x0000000087b00000|  0%| F|  |TAMS 0x0000000087a00000, 0x0000000087a00000| Untracked 
| 123|0x0000000087b00000, 0x0000000087b00000, 0x0000000087c00000|  0%| F|  |TAMS 0x0000000087b00000, 0x0000000087b00000| Untracked 
| 124|0x0000000087c00000, 0x0000000087c00000, 0x0000000087d00000|  0%| F|  |TAMS 0x0000000087c00000, 0x0000000087c00000| Untracked 
| 125|0x0000000087d00000, 0x0000000087d00000, 0x0000000087e00000|  0%| F|  |TAMS 0x0000000087d00000, 0x0000000087d00000| Untracked 
| 126|0x0000000087e00000, 0x0000000087e00000, 0x0000000087f00000|  0%| F|  |TAMS 0x0000000087e00000, 0x0000000087e00000| Untracked 
| 127|0x0000000087f00000, 0x0000000087f00000, 0x0000000088000000|  0%| F|  |TAMS 0x0000000087f00000, 0x0000000087f00000| Untracked 
| 128|0x0000000088000000, 0x0000000088000000, 0x0000000088100000|  0%| F|  |TAMS 0x0000000088000000, 0x0000000088000000| Untracked 
| 129|0x0000000088100000, 0x0000000088100000, 0x0000000088200000|  0%| F|  |TAMS 0x0000000088100000, 0x0000000088100000| Untracked 
| 130|0x0000000088200000, 0x0000000088200000, 0x0000000088300000|  0%| F|  |TAMS 0x0000000088200000, 0x0000000088200000| Untracked 
| 131|0x0000000088300000, 0x0000000088300000, 0x0000000088400000|  0%| F|  |TAMS 0x0000000088300000, 0x0000000088300000| Untracked 
| 132|0x0000000088400000, 0x0000000088400000, 0x0000000088500000|  0%| F|  |TAMS 0x0000000088400000, 0x0000000088400000| Untracked 
| 133|0x0000000088500000, 0x0000000088500000, 0x0000000088600000|  0%| F|  |TAMS 0x0000000088500000, 0x0000000088500000| Untracked 
| 134|0x0000000088600000, 0x0000000088600000, 0x0000000088700000|  0%| F|  |TAMS 0x0000000088600000, 0x0000000088600000| Untracked 
| 135|0x0000000088700000, 0x0000000088700000, 0x0000000088800000|  0%| F|  |TAMS 0x0000000088700000, 0x0000000088700000| Untracked 
| 136|0x0000000088800000, 0x0000000088800000, 0x0000000088900000|  0%| F|  |TAMS 0x0000000088800000, 0x0000000088800000| Untracked 
| 137|0x0000000088900000, 0x0000000088900000, 0x0000000088a00000|  0%| F|  |TAMS 0x0000000088900000, 0x0000000088900000| Untracked 
| 138|0x0000000088a00000, 0x0000000088a00000, 0x0000000088b00000|  0%| F|  |TAMS 0x0000000088a00000, 0x0000000088a00000| Untracked 
| 139|0x0000000088b00000, 0x0000000088b00000, 0x0000000088c00000|  0%| F|  |TAMS 0x0000000088b00000, 0x0000000088b00000| Untracked 
| 140|0x0000000088c00000, 0x0000000088c00000, 0x0000000088d00000|  0%| F|  |TAMS 0x0000000088c00000, 0x0000000088c00000| Untracked 
| 141|0x0000000088d00000, 0x0000000088d00000, 0x0000000088e00000|  0%| F|  |TAMS 0x0000000088d00000, 0x0000000088d00000| Untracked 
| 142|0x0000000088e00000, 0x0000000088e00000, 0x0000000088f00000|  0%| F|  |TAMS 0x0000000088e00000, 0x0000000088e00000| Untracked 
| 143|0x0000000088f00000, 0x0000000088f00000, 0x0000000089000000|  0%| F|  |TAMS 0x0000000088f00000, 0x0000000088f00000| Untracked 
| 144|0x0000000089000000, 0x0000000089000000, 0x0000000089100000|  0%| F|  |TAMS 0x0000000089000000, 0x0000000089000000| Untracked 
| 145|0x0000000089100000, 0x0000000089100000, 0x0000000089200000|  0%| F|  |TAMS 0x0000000089100000, 0x0000000089100000| Untracked 
| 146|0x0000000089200000, 0x0000000089200000, 0x0000000089300000|  0%| F|  |TAMS 0x0000000089200000, 0x0000000089200000| Untracked 
| 147|0x0000000089300000, 0x0000000089300000, 0x0000000089400000|  0%| F|  |TAMS 0x0000000089300000, 0x0000000089300000| Untracked 
| 148|0x0000000089400000, 0x0000000089400000, 0x0000000089500000|  0%| F|  |TAMS 0x0000000089400000, 0x0000000089400000| Untracked 
| 149|0x0000000089500000, 0x0000000089500000, 0x0000000089600000|  0%| F|  |TAMS 0x0000000089500000, 0x0000000089500000| Untracked 
| 150|0x0000000089600000, 0x0000000089600000, 0x0000000089700000|  0%| F|  |TAMS 0x0000000089600000, 0x0000000089600000| Untracked 
| 151|0x0000000089700000, 0x0000000089700000, 0x0000000089800000|  0%| F|  |TAMS 0x0000000089700000, 0x0000000089700000| Untracked 
| 152|0x0000000089800000, 0x0000000089800000, 0x0000000089900000|  0%| F|  |TAMS 0x0000000089800000, 0x0000000089800000| Untracked 
| 153|0x0000000089900000, 0x0000000089900000, 0x0000000089a00000|  0%| F|  |TAMS 0x0000000089900000, 0x0000000089900000| Untracked 
| 154|0x0000000089a00000, 0x0000000089a00000, 0x0000000089b00000|  0%| F|  |TAMS 0x0000000089a00000, 0x0000000089a00000| Untracked 
| 155|0x0000000089b00000, 0x0000000089b00000, 0x0000000089c00000|  0%| F|  |TAMS 0x0000000089b00000, 0x0000000089b00000| Untracked 
| 156|0x0000000089c00000, 0x0000000089c00000, 0x0000000089d00000|  0%| F|  |TAMS 0x0000000089c00000, 0x0000000089c00000| Untracked 
| 157|0x0000000089d00000, 0x0000000089d00000, 0x0000000089e00000|  0%| F|  |TAMS 0x0000000089d00000, 0x0000000089d00000| Untracked 
| 158|0x0000000089e00000, 0x0000000089e00000, 0x0000000089f00000|  0%| F|  |TAMS 0x0000000089e00000, 0x0000000089e00000| Untracked 
| 159|0x0000000089f00000, 0x0000000089f00000, 0x000000008a000000|  0%| F|  |TAMS 0x0000000089f00000, 0x0000000089f00000| Untracked 
| 160|0x000000008a000000, 0x000000008a000000, 0x000000008a100000|  0%| F|  |TAMS 0x000000008a000000, 0x000000008a000000| Untracked 
| 161|0x000000008a100000, 0x000000008a100000, 0x000000008a200000|  0%| F|  |TAMS 0x000000008a100000, 0x000000008a100000| Untracked 
| 162|0x000000008a200000, 0x000000008a200000, 0x000000008a300000|  0%| F|  |TAMS 0x000000008a200000, 0x000000008a200000| Untracked 
| 163|0x000000008a300000, 0x000000008a300000, 0x000000008a400000|  0%| F|  |TAMS 0x000000008a300000, 0x000000008a300000| Untracked 
| 164|0x000000008a400000, 0x000000008a400000, 0x000000008a500000|  0%| F|  |TAMS 0x000000008a400000, 0x000000008a400000| Untracked 
| 165|0x000000008a500000, 0x000000008a500000, 0x000000008a600000|  0%| F|  |TAMS 0x000000008a500000, 0x000000008a500000| Untracked 
| 166|0x000000008a600000, 0x000000008a66b610, 0x000000008a700000| 41%| S|CS|TAMS 0x000000008a600000, 0x000000008a600000| Complete 
| 167|0x000000008a700000, 0x000000008a800000, 0x000000008a800000|100%| S|CS|TAMS 0x000000008a700000, 0x000000008a700000| Complete 
| 168|0x000000008a800000, 0x000000008a900000, 0x000000008a900000|100%| S|CS|TAMS 0x000000008a800000, 0x000000008a800000| Complete 
| 169|0x000000008a900000, 0x000000008aa00000, 0x000000008aa00000|100%| S|CS|TAMS 0x000000008a900000, 0x000000008a900000| Complete 
| 170|0x000000008aa00000, 0x000000008ab00000, 0x000000008ab00000|100%| S|CS|TAMS 0x000000008aa00000, 0x000000008aa00000| Complete 
| 171|0x000000008ab00000, 0x000000008ac00000, 0x000000008ac00000|100%| S|CS|TAMS 0x000000008ab00000, 0x000000008ab00000| Complete 
| 172|0x000000008ac00000, 0x000000008ac00000, 0x000000008ad00000|  0%| F|  |TAMS 0x000000008ac00000, 0x000000008ac00000| Untracked 
| 173|0x000000008ad00000, 0x000000008ad80ad0, 0x000000008ae00000| 50%| E|  |TAMS 0x000000008ad00000, 0x000000008ad00000| Complete 
| 174|0x000000008ae00000, 0x000000008af00000, 0x000000008af00000|100%| E|CS|TAMS 0x000000008ae00000, 0x000000008ae00000| Complete 
| 175|0x000000008af00000, 0x000000008b000000, 0x000000008b000000|100%| E|CS|TAMS 0x000000008af00000, 0x000000008af00000| Complete 
| 176|0x000000008b000000, 0x000000008b100000, 0x000000008b100000|100%| E|CS|TAMS 0x000000008b000000, 0x000000008b000000| Complete 
| 177|0x000000008b100000, 0x000000008b200000, 0x000000008b200000|100%| E|CS|TAMS 0x000000008b100000, 0x000000008b100000| Complete 
| 178|0x000000008b200000, 0x000000008b300000, 0x000000008b300000|100%| E|CS|TAMS 0x000000008b200000, 0x000000008b200000| Complete 
| 179|0x000000008b300000, 0x000000008b400000, 0x000000008b400000|100%| E|CS|TAMS 0x000000008b300000, 0x000000008b300000| Complete 
| 180|0x000000008b400000, 0x000000008b500000, 0x000000008b500000|100%| E|CS|TAMS 0x000000008b400000, 0x000000008b400000| Complete 
| 181|0x000000008b500000, 0x000000008b600000, 0x000000008b600000|100%| E|CS|TAMS 0x000000008b500000, 0x000000008b500000| Complete 
| 182|0x000000008b600000, 0x000000008b700000, 0x000000008b700000|100%| E|CS|TAMS 0x000000008b600000, 0x000000008b600000| Complete 
| 183|0x000000008b700000, 0x000000008b800000, 0x000000008b800000|100%| E|CS|TAMS 0x000000008b700000, 0x000000008b700000| Complete 
| 184|0x000000008b800000, 0x000000008b900000, 0x000000008b900000|100%| E|CS|TAMS 0x000000008b800000, 0x000000008b800000| Complete 
| 185|0x000000008b900000, 0x000000008ba00000, 0x000000008ba00000|100%| E|CS|TAMS 0x000000008b900000, 0x000000008b900000| Complete 
| 186|0x000000008ba00000, 0x000000008bb00000, 0x000000008bb00000|100%| E|CS|TAMS 0x000000008ba00000, 0x000000008ba00000| Complete 
| 187|0x000000008bb00000, 0x000000008bc00000, 0x000000008bc00000|100%| E|CS|TAMS 0x000000008bb00000, 0x000000008bb00000| Complete 
| 188|0x000000008bc00000, 0x000000008bd00000, 0x000000008bd00000|100%| E|CS|TAMS 0x000000008bc00000, 0x000000008bc00000| Complete 
| 189|0x000000008bd00000, 0x000000008be00000, 0x000000008be00000|100%| E|CS|TAMS 0x000000008bd00000, 0x000000008bd00000| Complete 
| 190|0x000000008be00000, 0x000000008bf00000, 0x000000008bf00000|100%| E|CS|TAMS 0x000000008be00000, 0x000000008be00000| Complete 
| 191|0x000000008bf00000, 0x000000008c000000, 0x000000008c000000|100%| E|CS|TAMS 0x000000008bf00000, 0x000000008bf00000| Complete 
| 192|0x000000008c000000, 0x000000008c100000, 0x000000008c100000|100%| E|CS|TAMS 0x000000008c000000, 0x000000008c000000| Complete 
| 193|0x000000008c100000, 0x000000008c200000, 0x000000008c200000|100%| E|CS|TAMS 0x000000008c100000, 0x000000008c100000| Complete 
| 194|0x000000008c200000, 0x000000008c300000, 0x000000008c300000|100%| E|CS|TAMS 0x000000008c200000, 0x000000008c200000| Complete 
| 195|0x000000008c300000, 0x000000008c400000, 0x000000008c400000|100%| E|CS|TAMS 0x000000008c300000, 0x000000008c300000| Complete 
| 196|0x000000008c400000, 0x000000008c500000, 0x000000008c500000|100%| E|CS|TAMS 0x000000008c400000, 0x000000008c400000| Complete 
| 197|0x000000008c500000, 0x000000008c600000, 0x000000008c600000|100%| E|CS|TAMS 0x000000008c500000, 0x000000008c500000| Complete 
| 198|0x000000008c600000, 0x000000008c700000, 0x000000008c700000|100%| E|CS|TAMS 0x000000008c600000, 0x000000008c600000| Complete 
| 199|0x000000008c700000, 0x000000008c800000, 0x000000008c800000|100%| E|CS|TAMS 0x000000008c700000, 0x000000008c700000| Complete 
| 200|0x000000008c800000, 0x000000008c900000, 0x000000008c900000|100%| E|CS|TAMS 0x000000008c800000, 0x000000008c800000| Complete 
| 201|0x000000008c900000, 0x000000008ca00000, 0x000000008ca00000|100%| E|CS|TAMS 0x000000008c900000, 0x000000008c900000| Complete 
| 202|0x000000008ca00000, 0x000000008cb00000, 0x000000008cb00000|100%| E|CS|TAMS 0x000000008ca00000, 0x000000008ca00000| Complete 
| 203|0x000000008cb00000, 0x000000008cc00000, 0x000000008cc00000|100%| E|  |TAMS 0x000000008cb00000, 0x000000008cb00000| Complete 
| 204|0x000000008cc00000, 0x000000008cd00000, 0x000000008cd00000|100%| E|CS|TAMS 0x000000008cc00000, 0x000000008cc00000| Complete 
| 205|0x000000008cd00000, 0x000000008ce00000, 0x000000008ce00000|100%| E|CS|TAMS 0x000000008cd00000, 0x000000008cd00000| Complete 
| 206|0x000000008ce00000, 0x000000008cf00000, 0x000000008cf00000|100%| E|CS|TAMS 0x000000008ce00000, 0x000000008ce00000| Complete 
| 207|0x000000008cf00000, 0x000000008d000000, 0x000000008d000000|100%| E|CS|TAMS 0x000000008cf00000, 0x000000008cf00000| Complete 
| 208|0x000000008d000000, 0x000000008d100000, 0x000000008d100000|100%| E|CS|TAMS 0x000000008d000000, 0x000000008d000000| Complete 
| 209|0x000000008d100000, 0x000000008d200000, 0x000000008d200000|100%| E|CS|TAMS 0x000000008d100000, 0x000000008d100000| Complete 
| 210|0x000000008d200000, 0x000000008d300000, 0x000000008d300000|100%| E|CS|TAMS 0x000000008d200000, 0x000000008d200000| Complete 
| 211|0x000000008d300000, 0x000000008d400000, 0x000000008d400000|100%| E|CS|TAMS 0x000000008d300000, 0x000000008d300000| Complete 
| 212|0x000000008d400000, 0x000000008d500000, 0x000000008d500000|100%| E|CS|TAMS 0x000000008d400000, 0x000000008d400000| Complete 
| 213|0x000000008d500000, 0x000000008d600000, 0x000000008d600000|100%| E|CS|TAMS 0x000000008d500000, 0x000000008d500000| Complete 
| 214|0x000000008d600000, 0x000000008d700000, 0x000000008d700000|100%| E|CS|TAMS 0x000000008d600000, 0x000000008d600000| Complete 
| 215|0x000000008d700000, 0x000000008d800000, 0x000000008d800000|100%| E|CS|TAMS 0x000000008d700000, 0x000000008d700000| Complete 
| 216|0x000000008d800000, 0x000000008d900000, 0x000000008d900000|100%| E|CS|TAMS 0x000000008d800000, 0x000000008d800000| Complete 
| 217|0x000000008d900000, 0x000000008da00000, 0x000000008da00000|100%| E|CS|TAMS 0x000000008d900000, 0x000000008d900000| Complete 
| 218|0x000000008da00000, 0x000000008db00000, 0x000000008db00000|100%| E|CS|TAMS 0x000000008da00000, 0x000000008da00000| Complete 
| 219|0x000000008db00000, 0x000000008dc00000, 0x000000008dc00000|100%| E|CS|TAMS 0x000000008db00000, 0x000000008db00000| Complete 
| 220|0x000000008dc00000, 0x000000008dd00000, 0x000000008dd00000|100%| E|CS|TAMS 0x000000008dc00000, 0x000000008dc00000| Complete 
| 221|0x000000008dd00000, 0x000000008de00000, 0x000000008de00000|100%| E|CS|TAMS 0x000000008dd00000, 0x000000008dd00000| Complete 
| 222|0x000000008de00000, 0x000000008df00000, 0x000000008df00000|100%| E|CS|TAMS 0x000000008de00000, 0x000000008de00000| Complete 
| 223|0x000000008df00000, 0x000000008e000000, 0x000000008e000000|100%| E|CS|TAMS 0x000000008df00000, 0x000000008df00000| Complete 
| 224|0x000000008e000000, 0x000000008e100000, 0x000000008e100000|100%| E|CS|TAMS 0x000000008e000000, 0x000000008e000000| Complete 
| 225|0x000000008e100000, 0x000000008e200000, 0x000000008e200000|100%| E|CS|TAMS 0x000000008e100000, 0x000000008e100000| Complete 
| 226|0x000000008e200000, 0x000000008e300000, 0x000000008e300000|100%| E|CS|TAMS 0x000000008e200000, 0x000000008e200000| Complete 
| 227|0x000000008e300000, 0x000000008e400000, 0x000000008e400000|100%| E|CS|TAMS 0x000000008e300000, 0x000000008e300000| Complete 
| 228|0x000000008e400000, 0x000000008e500000, 0x000000008e500000|100%| E|CS|TAMS 0x000000008e400000, 0x000000008e400000| Complete 
| 229|0x000000008e500000, 0x000000008e600000, 0x000000008e600000|100%| E|CS|TAMS 0x000000008e500000, 0x000000008e500000| Complete 
| 230|0x000000008e600000, 0x000000008e700000, 0x000000008e700000|100%| E|CS|TAMS 0x000000008e600000, 0x000000008e600000| Complete 
| 231|0x000000008e700000, 0x000000008e800000, 0x000000008e800000|100%| E|CS|TAMS 0x000000008e700000, 0x000000008e700000| Complete 
| 232|0x000000008e800000, 0x000000008e900000, 0x000000008e900000|100%| E|CS|TAMS 0x000000008e800000, 0x000000008e800000| Complete 
| 233|0x000000008e900000, 0x000000008ea00000, 0x000000008ea00000|100%| E|CS|TAMS 0x000000008e900000, 0x000000008e900000| Complete 
| 234|0x000000008ea00000, 0x000000008eb00000, 0x000000008eb00000|100%| E|CS|TAMS 0x000000008ea00000, 0x000000008ea00000| Complete 
| 235|0x000000008eb00000, 0x000000008ec00000, 0x000000008ec00000|100%| E|CS|TAMS 0x000000008eb00000, 0x000000008eb00000| Complete 
| 236|0x000000008ec00000, 0x000000008ed00000, 0x000000008ed00000|100%| E|CS|TAMS 0x000000008ec00000, 0x000000008ec00000| Complete 
| 237|0x000000008ed00000, 0x000000008ee00000, 0x000000008ee00000|100%| E|CS|TAMS 0x000000008ed00000, 0x000000008ed00000| Complete 
| 238|0x000000008ee00000, 0x000000008ef00000, 0x000000008ef00000|100%| E|CS|TAMS 0x000000008ee00000, 0x000000008ee00000| Complete 
| 239|0x000000008ef00000, 0x000000008f000000, 0x000000008f000000|100%| E|CS|TAMS 0x000000008ef00000, 0x000000008ef00000| Complete 
| 240|0x000000008f000000, 0x000000008f100000, 0x000000008f100000|100%| E|CS|TAMS 0x000000008f000000, 0x000000008f000000| Complete 
| 241|0x000000008f100000, 0x000000008f200000, 0x000000008f200000|100%| E|CS|TAMS 0x000000008f100000, 0x000000008f100000| Complete 
| 242|0x000000008f200000, 0x000000008f300000, 0x000000008f300000|100%| E|CS|TAMS 0x000000008f200000, 0x000000008f200000| Complete 
| 243|0x000000008f300000, 0x000000008f400000, 0x000000008f400000|100%| E|CS|TAMS 0x000000008f300000, 0x000000008f300000| Complete 
| 244|0x000000008f400000, 0x000000008f500000, 0x000000008f500000|100%| E|CS|TAMS 0x000000008f400000, 0x000000008f400000| Complete 
| 245|0x000000008f500000, 0x000000008f600000, 0x000000008f600000|100%| E|CS|TAMS 0x000000008f500000, 0x000000008f500000| Complete 

Card table byte_map: [0x00000235abac0000,0x00000235abec0000] _byte_map_base: 0x00000235ab6c0000

Marking Bits (Prev, Next): (CMBitMap*) 0x0000023598355a08, (CMBitMap*) 0x0000023598355a40
 Prev Bits: [0x00000235ac2c0000, 0x00000235ae2c0000)
 Next Bits: [0x00000235ae2c0000, 0x00000235b02c0000)

Polling page: 0x0000023596010000

Metaspace:

Usage:
  Non-class:     36.12 MB capacity,    35.53 MB ( 98%) used,   506.30 KB (  1%) free+waste,   102.56 KB ( <1%) overhead. 
      Class:      5.48 MB capacity,     5.13 MB ( 94%) used,   303.63 KB (  5%) free+waste,    49.31 KB ( <1%) overhead. 
       Both:     41.60 MB capacity,    40.66 MB ( 98%) used,   809.93 KB (  2%) free+waste,   151.88 KB ( <1%) overhead. 

Virtual space:
  Non-class space:       38.00 MB reserved,      36.17 MB ( 95%) committed 
      Class space:        1.00 GB reserved,       5.50 MB ( <1%) committed 
             Both:        1.04 GB reserved,      41.67 MB (  4%) committed 

Chunk freelists:
   Non-Class:  53.00 KB
       Class:  24.00 KB
        Both:  77.00 KB

MaxMetaspaceSize: 17179869184.00 GB
CompressedClassSpaceSize: 1.00 GB
Initial GC threshold: 20.80 MB
Current GC threshold: 58.83 MB
CDS: off

CodeHeap 'non-profiled nmethods': size=119168Kb used=1499Kb max_used=1499Kb free=117668Kb
 bounds [0x00000235a39d0000, 0x00000235a3c40000, 0x00000235aae30000]
CodeHeap 'profiled nmethods': size=119168Kb used=8843Kb max_used=8843Kb free=110324Kb
 bounds [0x000002359c570000, 0x000002359ce20000, 0x00000235a39d0000]
CodeHeap 'non-nmethods': size=7424Kb used=2844Kb max_used=2860Kb free=4579Kb
 bounds [0x000002359be30000, 0x000002359c100000, 0x000002359c570000]
 total_blobs=4697 nmethods=3920 adapters=687
 compilation: enabled
              stopped_count=0, restarted_count=0
 full_count=0

Compilation events (20 events):
Event: 4.520 Thread 0x00000235b3b5d000 nmethod 3984 0x000002359cdf4190 code [0x000002359cdf4420, 0x000002359cdf55e8]
Event: 4.520 Thread 0x00000235b3b5d000 3986       1       sun.reflect.generics.tree.Wildcard::getUpperBounds (5 bytes)
Event: 4.520 Thread 0x00000235b3b5d000 nmethod 3986 0x00000235a3b45f90 code [0x00000235a3b46140, 0x00000235a3b461f8]
Event: 4.520 Thread 0x00000235b3b5d000 3987   !   3       com.sun.beans.introspect.ClassInfo::get (28 bytes)
Event: 4.521 Thread 0x00000235b3b5d000 nmethod 3987 0x000002359cdf5e10 code [0x000002359cdf6000, 0x000002359cdf63d8]
Event: 4.521 Thread 0x00000235b3b5d000 3990   !   3       java.beans.PropertyDescriptor::findPropertyType (144 bytes)
Event: 4.521 Thread 0x00000235b3285000 nmethod 3985 0x000002359cdf6590 code [0x000002359cdf6a00, 0x000002359cdf9038]
Event: 4.521 Thread 0x00000235b3285000 3991       3       java.util.Comparator$$Lambda$119/0x00000001002a4c40::compare (10 bytes)
Event: 4.521 Thread 0x00000235b3285000 nmethod 3991 0x000002359cdf9a90 code [0x000002359cdf9c80, 0x000002359cdfa128]
Event: 4.521 Thread 0x00000235b3285000 3992       3       java.util.Comparator::lambda$comparing$77a9974f$1 (23 bytes)
Event: 4.521 Thread 0x00000235b3285000 nmethod 3992 0x000002359cdfa290 code [0x000002359cdfa480, 0x000002359cdfa8c8]
Event: 4.521 Thread 0x00000235b3285000 3993       3       groovy.lang.MetaClassImpl::addMetaBeanProperty (119 bytes)
Event: 4.523 Thread 0x00000235b3285000 nmethod 3993 0x000002359cdfaa10 code [0x000002359cdfacc0, 0x000002359cdfc328]
Event: 4.523 Thread 0x00000235b3285000 3988   !   3       com.sun.beans.util.Cache::get (256 bytes)
Event: 4.524 Thread 0x00000235b3b5d000 nmethod 3990 0x000002359cdfc810 code [0x000002359cdfce80, 0x000002359ce00408]
Event: 4.524 Thread 0x00000235b3b5d000 3989       3       com.sun.beans.util.Cache::hash (49 bytes)
Event: 4.524 Thread 0x00000235b3285000 nmethod 3988 0x000002359ce01f90 code [0x000002359ce02300, 0x000002359ce03898]
Event: 4.524 Thread 0x00000235b3285000 3994       3       org.gradle.internal.service.DefaultServiceRegistry$ManagedObjectServiceProvider::setInstance (18 bytes)
Event: 4.524 Thread 0x00000235b3b5d000 nmethod 3989 0x000002359ce04510 code [0x000002359ce046e0, 0x000002359ce04938]
Event: 4.524 Thread 0x00000235b3285000 nmethod 3994 0x000002359ce04a10 code [0x000002359ce04be0, 0x000002359ce04da8]

GC Heap History (8 events):
Event: 0.577 GC heap before
{Heap before GC invocations=0 (full 0):
 garbage-first heap   total 251904K, used 29696K [0x0000000080000000, 0x0000000100000000)
  region size 1024K, 24 young (24576K), 0 survivors (0K)
 Metaspace       used 9757K, capacity 9968K, committed 10112K, reserved 1058816K
  class space    used 986K, capacity 1069K, committed 1152K, reserved 1048576K
}
Event: 0.580 GC heap after
{Heap after GC invocations=1 (full 0):
 garbage-first heap   total 251904K, used 9048K [0x0000000080000000, 0x0000000100000000)
  region size 1024K, 3 young (3072K), 3 survivors (3072K)
 Metaspace       used 9757K, capacity 9968K, committed 10112K, reserved 1058816K
  class space    used 986K, capacity 1069K, committed 1152K, reserved 1048576K
}
Event: 2.544 GC heap before
{Heap before GC invocations=1 (full 0):
 garbage-first heap   total 251904K, used 106328K [0x0000000080000000, 0x0000000100000000)
  region size 1024K, 99 young (101376K), 3 survivors (3072K)
 Metaspace       used 20799K, capacity 21161K, committed 21296K, reserved 1069056K
  class space    used 2504K, capacity 2651K, committed 2688K, reserved 1048576K
}
Event: 2.553 GC heap after
{Heap after GC invocations=2 (full 0):
 garbage-first heap   total 251904K, used 16995K [0x0000000080000000, 0x0000000100000000)
  region size 1024K, 11 young (11264K), 11 survivors (11264K)
 Metaspace       used 20799K, capacity 21161K, committed 21296K, reserved 1069056K
  class space    used 2504K, capacity 2651K, committed 2688K, reserved 1048576K
}
Event: 3.025 GC heap before
{Heap before GC invocations=3 (full 0):
 garbage-first heap   total 251904K, used 64099K [0x0000000080000000, 0x0000000100000000)
  region size 1024K, 58 young (59392K), 11 survivors (11264K)
 Metaspace       used 26010K, capacity 26605K, committed 26800K, reserved 1073152K
  class space    used 3346K, capacity 3581K, committed 3584K, reserved 1048576K
}
Event: 3.030 GC heap after
{Heap after GC invocations=4 (full 0):
 garbage-first heap   total 251904K, used 19202K [0x0000000080000000, 0x0000000100000000)
  region size 1024K, 3 young (3072K), 3 survivors (3072K)
 Metaspace       used 26010K, capacity 26605K, committed 26800K, reserved 1073152K
  class space    used 3346K, capacity 3581K, committed 3584K, reserved 1048576K
}
Event: 3.859 GC heap before
{Heap before GC invocations=4 (full 0):
 garbage-first heap   total 251904K, used 90882K [0x0000000080000000, 0x0000000100000000)
  region size 1024K, 74 young (75776K), 3 survivors (3072K)
 Metaspace       used 34878K, capacity 35727K, committed 35888K, reserved 1081344K
  class space    used 4543K, capacity 4883K, committed 4992K, reserved 1048576K
}
Event: 3.866 GC heap after
{Heap after GC invocations=5 (full 0):
 garbage-first heap   total 251904K, used 22296K [0x0000000080000000, 0x0000000100000000)
  region size 1024K, 6 young (6144K), 6 survivors (6144K)
 Metaspace       used 34878K, capacity 35727K, committed 35888K, reserved 1081344K
  class space    used 4543K, capacity 4883K, committed 4992K, reserved 1048576K
}

Deoptimization events (20 events):
Event: 4.255 Thread 0x00000235b5eac000 Uncommon trap: trap_request=0xffffffde fr.pc=0x00000235a3b25eb4 relative=0x0000000000000394
Event: 4.255 Thread 0x00000235b5eac000 Uncommon trap: reason=class_check action=maybe_recompile pc=0x00000235a3b25eb4 method=java.util.regex.Pattern$Start.match(Ljava/util/regex/Matcher;ILjava/lang/CharSequence;)Z @ 44 c2
Event: 4.255 Thread 0x00000235b5eac000 DEOPT PACKING pc=0x00000235a3b25eb4 sp=0x000000501b0f74f0
Event: 4.255 Thread 0x00000235b5eac000 DEOPT UNPACKING pc=0x000002359be7a1af sp=0x000000501b0f73b8 mode 2
Event: 4.255 Thread 0x00000235b5eac000 Uncommon trap: trap_request=0xffffffde fr.pc=0x00000235a3b25eb4 relative=0x0000000000000394
Event: 4.255 Thread 0x00000235b5eac000 Uncommon trap: reason=class_check action=maybe_recompile pc=0x00000235a3b25eb4 method=java.util.regex.Pattern$Start.match(Ljava/util/regex/Matcher;ILjava/lang/CharSequence;)Z @ 44 c2
Event: 4.255 Thread 0x00000235b5eac000 DEOPT PACKING pc=0x00000235a3b25eb4 sp=0x000000501b0f74f0
Event: 4.255 Thread 0x00000235b5eac000 DEOPT UNPACKING pc=0x000002359be7a1af sp=0x000000501b0f73b8 mode 2
Event: 4.256 Thread 0x00000235b5eac000 Uncommon trap: trap_request=0xffffffde fr.pc=0x00000235a3b1f170 relative=0x0000000000000370
Event: 4.256 Thread 0x00000235b5eac000 Uncommon trap: reason=class_check action=maybe_recompile pc=0x00000235a3b1f170 method=java.util.regex.Pattern$Start.match(Ljava/util/regex/Matcher;ILjava/lang/CharSequence;)Z @ 44 c2
Event: 4.256 Thread 0x00000235b5eac000 DEOPT PACKING pc=0x00000235a3b1f170 sp=0x000000501b0f7480
Event: 4.256 Thread 0x00000235b5eac000 DEOPT UNPACKING pc=0x000002359be7a1af sp=0x000000501b0f73c0 mode 2
Event: 4.256 Thread 0x00000235b5eac000 Uncommon trap: trap_request=0xffffffde fr.pc=0x00000235a3b20f58 relative=0x0000000000000278
Event: 4.256 Thread 0x00000235b5eac000 Uncommon trap: reason=class_check action=maybe_recompile pc=0x00000235a3b20f58 method=java.util.regex.Pattern$Start.match(Ljava/util/regex/Matcher;ILjava/lang/CharSequence;)Z @ 44 c2
Event: 4.256 Thread 0x00000235b5eac000 DEOPT PACKING pc=0x00000235a3b20f58 sp=0x000000501b0f7400
Event: 4.256 Thread 0x00000235b5eac000 DEOPT UNPACKING pc=0x000002359be7a1af sp=0x000000501b0f73c0 mode 2
Event: 4.350 Thread 0x00000235b5eac000 Uncommon trap: trap_request=0xffffff4d fr.pc=0x00000235a3a9b9d0 relative=0x00000000000001f0
Event: 4.350 Thread 0x00000235b5eac000 Uncommon trap: reason=unstable_if action=reinterpret pc=0x00000235a3a9b9d0 method=java.util.HashMap.putVal(ILjava/lang/Object;Ljava/lang/Object;ZZ)Ljava/lang/Object; @ 162 c2
Event: 4.350 Thread 0x00000235b5eac000 DEOPT PACKING pc=0x00000235a3a9b9d0 sp=0x000000501b0fa1a0
Event: 4.350 Thread 0x00000235b5eac000 DEOPT UNPACKING pc=0x000002359be7a1af sp=0x000000501b0fa120 mode 2

Classes redefined (0 events):
No events

Internal exceptions (20 events):
Event: 4.436 Thread 0x00000235b5eac000 Exception <a 'java/lang/ClassNotFoundException'{0x000000008b90a880}: org/gradle/api/internal/artifacts/DefaultArtifactRepositoryContainerCustomizer> (0x000000008b90a880) thrown at [src/hotspot/share/classfile/systemDictionary.cpp, line 230]
Event: 4.437 Thread 0x00000235b5eac000 Exception <a 'java/lang/ClassNotFoundException'{0x000000008b9586a8}: org/gradle/api/internal/artifacts/dsl/DefaultRepositoryHandlerCustomizer> (0x000000008b9586a8) thrown at [src/hotspot/share/classfile/systemDictionary.cpp, line 230]
Event: 4.439 Thread 0x00000235b5eac000 Exception <a 'java/lang/ClassNotFoundException'{0x000000008b9b8868}: org/gradle/api/internal/artifacts/dsl/DefaultRepositoryHandler_DecoratedCustomizer> (0x000000008b9b8868) thrown at [src/hotspot/share/classfile/systemDictionary.cpp, line 230]
Event: 4.478 Thread 0x00000235b5eac000 Exception <a 'java/lang/NoSuchMethodError'{0x000000008b4112f8}: 'void java.lang.invoke.DirectMethodHandle$Holder.invokeInterface(java.lang.Object, java.lang.Object)'> (0x000000008b4112f8) thrown at [src/hotspot/share/interpreter/linkResolver.cpp, line 773]
Event: 4.491 Thread 0x00000235b5eac000 Exception <a 'java/lang/ClassNotFoundException'{0x000000008b4f6838}: settings_72vp7whlp9bvlm70n9o5kpc2iBeanInfo> (0x000000008b4f6838) thrown at [src/hotspot/share/classfile/systemDictionary.cpp, line 230]
Event: 4.491 Thread 0x00000235b5eac000 Exception <a 'java/lang/ClassNotFoundException'{0x000000008b302840}: settings_72vp7whlp9bvlm70n9o5kpc2iCustomizer> (0x000000008b302840) thrown at [src/hotspot/share/classfile/systemDictionary.cpp, line 230]
Event: 4.497 Thread 0x00000235b5eac000 Exception <a 'java/lang/ClassNotFoundException'{0x000000008b39be58}: org/gradle/internal/management/DefaultDependencyResolutionManagement_DecoratedBeanInfo> (0x000000008b39be58) thrown at [src/hotspot/share/classfile/systemDictionary.cpp, line 230]
Event: 4.497 Thread 0x00000235b5eac000 Exception <a 'java/lang/ClassNotFoundException'{0x000000008b3d7678}: org/gradle/internal/management/DefaultDependencyResolutionManagementBeanInfo> (0x000000008b3d7678) thrown at [src/hotspot/share/classfile/systemDictionary.cpp, line 230]
Event: 4.498 Thread 0x00000235b5eac000 Exception <a 'java/lang/ClassNotFoundException'{0x000000008b213580}: org/gradle/internal/management/DefaultDependencyResolutionManagementCustomizer> (0x000000008b213580) thrown at [src/hotspot/share/classfile/systemDictionary.cpp, line 230]
Event: 4.500 Thread 0x00000235b5eac000 Exception <a 'java/lang/ClassNotFoundException'{0x000000008b264638}: org/gradle/internal/management/DefaultDependencyResolutionManagement_DecoratedCustomizer> (0x000000008b264638) thrown at [src/hotspot/share/classfile/systemDictionary.cpp, line 230]
Event: 4.507 Thread 0x00000235b5eac000 Exception <a 'java/lang/ClassNotFoundException'{0x000000008b2f29f8}: org/gradle/api/initialization/resolve/RepositoriesModeBeanInfo> (0x000000008b2f29f8) thrown at [src/hotspot/share/classfile/systemDictionary.cpp, line 230]
Event: 4.508 Thread 0x00000235b5eac000 Exception <a 'java/lang/ClassNotFoundException'{0x000000008b2f78c0}: java/lang/EnumBeanInfo> (0x000000008b2f78c0) thrown at [src/hotspot/share/classfile/systemDictionary.cpp, line 230]
Event: 4.508 Thread 0x00000235b5eac000 Exception <a 'java/lang/ClassNotFoundException'{0x000000008b2fc7a8}: java/lang/EnumCustomizer> (0x000000008b2fc7a8) thrown at [src/hotspot/share/classfile/systemDictionary.cpp, line 230]
Event: 4.509 Thread 0x00000235b5eac000 Exception <a 'java/lang/ClassNotFoundException'{0x000000008b12c628}: org/gradle/api/initialization/resolve/RepositoriesModeCustomizer> (0x000000008b12c628) thrown at [src/hotspot/share/classfile/systemDictionary.cpp, line 230]
Event: 4.514 Thread 0x00000235b5eac000 Exception <a 'java/lang/ClassNotFoundException'{0x000000008b1b9c28}: org/gradle/api/internal/provider/DefaultPropertyBeanInfo> (0x000000008b1b9c28) thrown at [src/hotspot/share/classfile/systemDictionary.cpp, line 230]
Event: 4.515 Thread 0x00000235b5eac000 Exception <a 'java/lang/ClassNotFoundException'{0x000000008b1e0e40}: org/gradle/api/internal/provider/AbstractPropertyBeanInfo> (0x000000008b1e0e40) thrown at [src/hotspot/share/classfile/systemDictionary.cpp, line 230]
Event: 4.516 Thread 0x00000235b5eac000 Exception <a 'java/lang/ClassNotFoundException'{0x000000008b00aff0}: org/gradle/api/internal/provider/AbstractMinimalProviderBeanInfo> (0x000000008b00aff0) thrown at [src/hotspot/share/classfile/systemDictionary.cpp, line 230]
Event: 4.516 Thread 0x00000235b5eac000 Exception <a 'java/lang/ClassNotFoundException'{0x000000008b034ff8}: org/gradle/api/internal/provider/AbstractMinimalProviderCustomizer> (0x000000008b034ff8) thrown at [src/hotspot/share/classfile/systemDictionary.cpp, line 230]
Event: 4.519 Thread 0x00000235b5eac000 Exception <a 'java/lang/ClassNotFoundException'{0x000000008b098950}: org/gradle/api/internal/provider/AbstractPropertyCustomizer> (0x000000008b098950) thrown at [src/hotspot/share/classfile/systemDictionary.cpp, line 230]
Event: 4.520 Thread 0x00000235b5eac000 Exception <a 'java/lang/ClassNotFoundException'{0x000000008b0cc280}: org/gradle/api/internal/provider/DefaultPropertyCustomizer> (0x000000008b0cc280) thrown at [src/hotspot/share/classfile/systemDictionary.cpp, line 230]

Events (20 events):
Event: 4.518 loading class org/gradle/api/internal/provider/AbstractPropertyCustomizer
Event: 4.518 loading class org/gradle/api/internal/provider/AbstractPropertyCustomizer done
Event: 4.519 loading class org/gradle/api/internal/provider/AbstractPropertyCustomizer
Event: 4.519 loading class org/gradle/api/internal/provider/AbstractPropertyCustomizer done
Event: 4.519 loading class org/gradle/api/internal/provider/AbstractPropertyCustomizer
Event: 4.519 loading class org/gradle/api/internal/provider/AbstractPropertyCustomizer done
Event: 4.519 loading class org/gradle/api/internal/provider/DefaultPropertyCustomizer
Event: 4.519 loading class org/gradle/api/internal/provider/DefaultPropertyCustomizer done
Event: 4.519 loading class org/gradle/api/internal/provider/DefaultPropertyCustomizer
Event: 4.519 loading class org/gradle/api/internal/provider/DefaultPropertyCustomizer done
Event: 4.519 loading class org/gradle/api/internal/provider/DefaultPropertyCustomizer
Event: 4.519 loading class org/gradle/api/internal/provider/DefaultPropertyCustomizer done
Event: 4.520 loading class org/gradle/api/internal/provider/DefaultPropertyCustomizer
Event: 4.520 loading class org/gradle/api/internal/provider/DefaultPropertyCustomizer done
Event: 4.523 loading class groovy/runtime/metaclass/settings_72vp7whlp9bvlm70n9o5kpc2i$_run_closure1$_closure2MetaClass
Event: 4.523 loading class groovy/runtime/metaclass/settings_72vp7whlp9bvlm70n9o5kpc2i$_run_closure1$_closure2MetaClass done
Event: 4.525 loading class org/codehaus/groovy/runtime/ScriptBytecodeAdapter
Event: 4.525 loading class org/codehaus/groovy/runtime/ScriptBytecodeAdapter done
Event: 4.525 loading class org/codehaus/groovy/runtime/ScriptBytecodeAdapter
Event: 4.525 loading class org/codehaus/groovy/runtime/ScriptBytecodeAdapter done


Dynamic libraries:
0x00007ff7d6820000 - 0x00007ff7d682a000 	C:\Program Files\Android\Android Studio\jbr\bin\java.exe
0x00007fffecf50000 - 0x00007fffed164000 	C:\WINDOWS\SYSTEM32\ntdll.dll
0x00007fffebc50000 - 0x00007fffebd13000 	C:\WINDOWS\System32\KERNEL32.DLL
0x00007fffea4e0000 - 0x00007fffea87c000 	C:\WINDOWS\System32\KERNELBASE.dll
0x00007fffea9a0000 - 0x00007fffeaab1000 	C:\WINDOWS\System32\ucrtbase.dll
0x00007fffccc00000 - 0x00007fffccc17000 	C:\Program Files\Android\Android Studio\jbr\bin\jli.dll
0x00007fffc2080000 - 0x00007fffc209b000 	C:\Program Files\Android\Android Studio\jbr\bin\VCRUNTIME140.dll
0x00007fffeae80000 - 0x00007fffeb02d000 	C:\WINDOWS\System32\USER32.dll
0x00007fffd35b0000 - 0x00007fffd383e000 	C:\WINDOWS\WinSxS\amd64_microsoft.windows.common-controls_6595b64144ccf1df_6.0.22621.608_none_a9444ca7c10bb01d\COMCTL32.dll
0x00007fffea4b0000 - 0x00007fffea4d6000 	C:\WINDOWS\System32\win32u.dll
0x00007fffecd20000 - 0x00007fffecdc7000 	C:\WINDOWS\System32\msvcrt.dll
0x00007fffebc10000 - 0x00007fffebc39000 	C:\WINDOWS\System32\GDI32.dll
0x00007fffea880000 - 0x00007fffea993000 	C:\WINDOWS\System32\gdi32full.dll
0x00007fffea410000 - 0x00007fffea4aa000 	C:\WINDOWS\System32\msvcp_win.dll
0x00007fffeb9a0000 - 0x00007fffeb9d1000 	C:\WINDOWS\System32\IMM32.DLL
0x00007fffccbf0000 - 0x00007fffccbfc000 	C:\Program Files\Android\Android Studio\jbr\bin\vcruntime140_1.dll
0x00007fffada30000 - 0x00007fffadabd000 	C:\Program Files\Android\Android Studio\jbr\bin\msvcp140.dll
0x00007fff94e80000 - 0x00007fff95a3c000 	C:\Program Files\Android\Android Studio\jbr\bin\server\jvm.dll
0x00007fffeb9e0000 - 0x00007fffeba8e000 	C:\WINDOWS\System32\ADVAPI32.dll
0x00007fffebd30000 - 0x00007fffebdd4000 	C:\WINDOWS\System32\sechost.dll
0x00007fffec5d0000 - 0x00007fffec6e5000 	C:\WINDOWS\System32\RPCRT4.dll
0x00007fffebd20000 - 0x00007fffebd28000 	C:\WINDOWS\System32\PSAPI.DLL
0x00007fffe76b0000 - 0x00007fffe76b9000 	C:\WINDOWS\SYSTEM32\WSOCK32.dll
0x00007fffe4070000 - 0x00007fffe40a4000 	C:\WINDOWS\SYSTEM32\WINMM.dll
0x00007fffeb920000 - 0x00007fffeb991000 	C:\WINDOWS\System32\WS2_32.dll
0x00007fffe3670000 - 0x00007fffe367a000 	C:\WINDOWS\SYSTEM32\VERSION.dll
0x00007fffe93a0000 - 0x00007fffe93b8000 	C:\WINDOWS\SYSTEM32\kernel.appcore.dll
0x00007fffe4190000 - 0x00007fffe41a0000 	C:\Program Files\Android\Android Studio\jbr\bin\verify.dll
0x00007fffd8900000 - 0x00007fffd8b2e000 	C:\WINDOWS\SYSTEM32\DBGHELP.DLL
0x00007fffec7c0000 - 0x00007fffecb49000 	C:\WINDOWS\System32\combase.dll
0x00007fffeba90000 - 0x00007fffebb67000 	C:\WINDOWS\System32\OLEAUT32.dll
0x00007fffce470000 - 0x00007fffce4a2000 	C:\WINDOWS\SYSTEM32\dbgcore.DLL
0x00007fffea390000 - 0x00007fffea40b000 	C:\WINDOWS\System32\bcryptPrimitives.dll
0x00007fffcff10000 - 0x00007fffcff38000 	C:\Program Files\Android\Android Studio\jbr\bin\java.dll
0x00007fffe4110000 - 0x00007fffe411a000 	C:\Program Files\Android\Android Studio\jbr\bin\jimage.dll
0x00007fffd6b00000 - 0x00007fffd6b18000 	C:\Program Files\Android\Android Studio\jbr\bin\zip.dll
0x00007fffeb130000 - 0x00007fffeb920000 	C:\WINDOWS\System32\SHELL32.dll
0x00007fffe8350000 - 0x00007fffe8c1e000 	C:\WINDOWS\SYSTEM32\windows.storage.dll
0x00007fffe8210000 - 0x00007fffe834e000 	C:\WINDOWS\SYSTEM32\wintypes.dll
0x00007fffeb030000 - 0x00007fffeb121000 	C:\WINDOWS\System32\SHCORE.dll
0x00007fffecb60000 - 0x00007fffecbbe000 	C:\WINDOWS\System32\shlwapi.dll
0x00007fffea2c0000 - 0x00007fffea2e1000 	C:\WINDOWS\SYSTEM32\profapi.dll
0x00007fffd6aa0000 - 0x00007fffd6ab9000 	C:\Program Files\Android\Android Studio\jbr\bin\net.dll
0x00007fffe3c50000 - 0x00007fffe3d7f000 	C:\WINDOWS\SYSTEM32\WINHTTP.dll
0x00007fffe9810000 - 0x00007fffe9879000 	C:\WINDOWS\system32\mswsock.dll
0x00007fffd25e0000 - 0x00007fffd25f3000 	C:\Program Files\Android\Android Studio\jbr\bin\nio.dll
0x00007fffc2390000 - 0x00007fffc23b7000 	C:\Users\raque\.gradle\native\e1d6ef7f7dcc3fd88c89a11ec53ec762bb8ba0a96d01ffa2cd45eb1d1d8dd5c5\windows-amd64\native-platform.dll
0x00007fffad490000 - 0x00007fffad5d4000 	C:\Users\raque\.gradle\native\0d407fdbe67a94daf76414ababcb853783967236a71b16ec16e742cd7a986fd3\windows-amd64\native-platform-file-events.dll
0x00007fffd0090000 - 0x00007fffd009a000 	C:\Program Files\Android\Android Studio\jbr\bin\management.dll
0x00007fffd0080000 - 0x00007fffd008b000 	C:\Program Files\Android\Android Studio\jbr\bin\management_ext.dll
0x00007fffe9a30000 - 0x00007fffe9a4b000 	C:\WINDOWS\SYSTEM32\CRYPTSP.dll
0x00007fffe9310000 - 0x00007fffe9345000 	C:\WINDOWS\system32\rsaenh.dll
0x00007fffe98d0000 - 0x00007fffe98f8000 	C:\WINDOWS\SYSTEM32\USERENV.dll
0x00007fffe9c70000 - 0x00007fffe9c98000 	C:\WINDOWS\SYSTEM32\bcrypt.dll
0x00007fffe9a50000 - 0x00007fffe9a5c000 	C:\WINDOWS\SYSTEM32\CRYPTBASE.dll
0x00007fffe8e70000 - 0x00007fffe8e9d000 	C:\WINDOWS\SYSTEM32\IPHLPAPI.DLL
0x00007fffec5c0000 - 0x00007fffec5c9000 	C:\WINDOWS\System32\NSI.dll
0x00007fffe3e60000 - 0x00007fffe3e79000 	C:\WINDOWS\SYSTEM32\dhcpcsvc6.DLL
0x00007fffe3b70000 - 0x00007fffe3b8f000 	C:\WINDOWS\SYSTEM32\dhcpcsvc.DLL
0x00007fffe8ee0000 - 0x00007fffe8fd3000 	C:\WINDOWS\SYSTEM32\DNSAPI.dll

dbghelp: loaded successfully - version: 4.0.5 - missing functions: none
symbol engine: initialized successfully - sym options: 0x614 - pdb path: .;C:\Program Files\Android\Android Studio\jbr\bin;C:\WINDOWS\SYSTEM32;C:\WINDOWS\WinSxS\amd64_microsoft.windows.common-controls_6595b64144ccf1df_6.0.22621.608_none_a9444ca7c10bb01d;C:\Program Files\Android\Android Studio\jbr\bin\server;C:\Users\raque\.gradle\native\e1d6ef7f7dcc3fd88c89a11ec53ec762bb8ba0a96d01ffa2cd45eb1d1d8dd5c5\windows-amd64;C:\Users\raque\.gradle\native\0d407fdbe67a94daf76414ababcb853783967236a71b16ec16e742cd7a986fd3\windows-amd64

VM Arguments:
jvm_args: --add-opens=java.base/java.util=ALL-UNNAMED --add-opens=java.base/java.lang=ALL-UNNAMED --add-opens=java.base/java.lang.invoke=ALL-UNNAMED --add-opens=java.base/java.util=ALL-UNNAMED --add-opens=java.prefs/java.util.prefs=ALL-UNNAMED --add-opens=java.prefs/java.util.prefs=ALL-UNNAMED --add-opens=java.base/java.nio.charset=ALL-UNNAMED --add-opens=java.base/java.net=ALL-UNNAMED --add-opens=java.base/java.util.concurrent.atomic=ALL-UNNAMED -Xmx2048m -Dfile.encoding=UTF-8 -Duser.country=US -Duser.language=en -Duser.variant 
java_command: org.gradle.launcher.daemon.bootstrap.GradleDaemon 7.5
java_class_path (initial): C:\Users\raque\.gradle\wrapper\dists\gradle-7.5-bin\f1w0cc9nuo0eivz97x2xlu9sv\gradle-7.5\lib\gradle-launcher-7.5.jar
Launcher Type: SUN_STANDARD

[Global flags]
     intx CICompilerCount                          = 12                                        {product} {ergonomic}
     uint ConcGCThreads                            = 3                                         {product} {ergonomic}
     uint G1ConcRefinementThreads                  = 13                                        {product} {ergonomic}
   size_t G1HeapRegionSize                         = 1048576                                   {product} {ergonomic}
    uintx GCDrainStackTargetSize                   = 64                                        {product} {ergonomic}
   size_t InitialHeapSize                          = 257949696                                 {product} {ergonomic}
   size_t MarkStackSize                            = 4194304                                   {product} {ergonomic}
   size_t MaxHeapSize                              = 2147483648                                {product} {command line}
   size_t MaxNewSize                               = 1287651328                                {product} {ergonomic}
   size_t MinHeapDeltaBytes                        = 1048576                                   {product} {ergonomic}
    uintx NonNMethodCodeHeapSize                   = 7594288                                {pd product} {ergonomic}
    uintx NonProfiledCodeHeapSize                  = 122031976                              {pd product} {ergonomic}
    uintx ProfiledCodeHeapSize                     = 122031976                              {pd product} {ergonomic}
    uintx ReservedCodeCacheSize                    = 251658240                              {pd product} {ergonomic}
     bool SegmentedCodeCache                       = true                                      {product} {ergonomic}
     bool UseCompressedClassPointers               = true                                 {lp64_product} {ergonomic}
     bool UseCompressedOops                        = true                                 {lp64_product} {ergonomic}
     bool UseG1GC                                  = true                                      {product} {ergonomic}
     bool UseLargePagesIndividualAllocation        = false                                  {pd product} {ergonomic}

Logging:
Log output configuration:
 #0: stdout all=warning uptime,level,tags
 #1: stderr all=off uptime,level,tags

Environment Variables:
PATH=C:\Program Files\Common Files\Oracle\Java\javapath;C:\Program Files (x86)\Common Files\Oracle\Java\javapath;C:\windows\system32;C:\windows;C:\windows\System32\Wbem;C:\windows\System32\WindowsPowerShell\v1.0\;C:\windows\System32\OpenSSH\;C:\Program Files (x86)\NVIDIA Corporation\PhysX\Common;C:\Program Files\NVIDIA Corporation\NVIDIA NvDLISR;C:\Program Files\Git\cmd;C:\Users\raque\AppData\Local\Pub\Cache\bin;C:\Program Files\Android\Android Studio\bin;;C:\WINDOWS\system32;C:\WINDOWS;C:\WINDOWS\System32\Wbem;C:\WINDOWS\System32\WindowsPowerShell\v1.0\;C:\WINDOWS\System32\OpenSSH\;C:\Program Files\nodejs\;C:\Program Files\MySQL\MySQL Shell 8.0\bin\;C:\Users\raque\AppData\Local\Microsoft\WindowsApps;C:\Program Files\JetBrains\IntelliJ IDEA Community Edition 2021.3.1\bin;;C:\Users\raque\Documents\flutter_windows_2.10.4-stable\flutter\bin;'C:\Users\raque\AppData\Local\Packages\PythonSoftwareFoundation.Python.3.10_qbz5n2kfra8p0\LocalCache\local-packages\Python310\Scripts;C:\Users\raque\AppData\Local\Programs\Microsoft VS Code\bin;C:\Users\raque\AppData\Roaming\npm
USERNAME=raque
OS=Windows_NT
PROCESSOR_IDENTIFIER=AMD64 Family 25 Model 80 Stepping 0, AuthenticAMD



---------------  S Y S T E M  ---------------

OS: Windows 11 , 64 bit Build 22621 (10.0.22621.1344)
OS uptime: 19 days 1:21 hours
Hyper-V role detected

CPU:total 16 (initial active 16) (16 cores per cpu, 2 threads per core) family 25 model 80 stepping 0 microcode 0x0, cmov, cx8, fxsr, mmx, sse, sse2, sse3, ssse3, sse4.1, sse4.2, popcnt, avx, avx2, aes, clmul, erms, mmxext, 3dnowpref, lzcnt, sse4a, ht, tsc, tscinvbit, tscinv, bmi1, bmi2, adx, sha, fma

Memory: 4k page, system-wide physical 15716M (94M free)
TotalPageFile size 64868M (AvailPageFile size 4M)
current process WorkingSet (physical memory assigned to process): 275M, peak: 275M
current process commit charge ("private bytes"): 440M, peak: 441M

vm_info: OpenJDK 64-Bit Server VM (11.0.15+0-b2043.56-9505619) for windows-amd64 JRE (11.0.15+0-b2043.56-9505619), built on Jan 19 2023 02:48:00 by "builduser" with unknown MS VC++:1929

END.
